2023-12-28 10:54:36 - [INFO] - Start processing patch_queops function:
{
    "date_besoin_utilisation_gaz": "2024-01-11T00:00:00Z",
    "date_accord_client": "Z",
    "num_affaire_racco": "0201649159",
    "lien_numero_affaire_osr_sirocco": "osr-preproduction.grdf.net\/affaire\/ficheJalon\/af_num\/0201649159\/typeAffichage\/popup",
    "contexte": {
        "identifiant_gaia": "VN6411",
        "demande": "OE000050",
        "numero_pce": null,
        "source": "OSR",
        "contractuel_fourni": 0,
        "date_contexte": "2023-12-28"
    }
}
2023-12-28 10:54:36 - [WARNING] - Erreur d'envoi de données à Queops via WS Queops en patch.
2023-12-28 12:23:37 - [INFO] - Start processing patch_queops function:
{
    "date_besoin_utilisation_gaz": "2024-01-11T00:00:00Z",
    "date_accord_client": "Z",
    "num_affaire_racco": "0201435649",
    "lien_numero_affaire_osr_sirocco": "osr-preproduction.grdf.net\/affaire\/ficheJalon\/af_num\/0201435649\/typeAffichage\/popup",
    "contexte": {
        "identifiant_gaia": "VN6411",
        "demande": "OE000050",
        "numero_pce": "09724457300719",
        "source": "OSR",
        "contractuel_fourni": 0,
        "date_contexte": "2023-12-28"
    }
}
2023-12-28 12:23:38 - [ERROR] - Erreur 400 avec code retour (fonctionnel) Num :QPS-E-156- MSG :La date date_accord_client est incorrecte.
2023-12-28 14:05:36 - [INFO] - Start processing patch_queops function:
{
    "date_besoin_utilisation_gaz": "2024-01-11T00:00:00Z",
    "date_accord_client": "Z",
    "num_affaire_racco": "0201580756",
    "lien_numero_affaire_osr_sirocco": "osr-preproduction.grdf.net\/affaire\/ficheJalon\/af_num\/0201580756\/typeAffichage\/popup",
    "contexte": {
        "identifiant_gaia": "VN6411",
        "demande": "OE000050",
        "numero_pce": null,
        "source": "OSR",
        "contractuel_fourni": 0,
        "date_contexte": "2023-12-28"
    }
}
2023-12-28 14:05:36 - [WARNING] - Erreur d'envoi de données à Queops via WS Queops en patch.
2023-12-28 14:07:26 - [INFO] - Start processing patch_queops function:
{
    "date_besoin_utilisation_gaz": "2024-01-11T00:00:00Z",
    "date_accord_client": "Z",
    "num_affaire_racco": "0201646475",
    "lien_numero_affaire_osr_sirocco": "osr-preproduction.grdf.net\/affaire\/ficheJalon\/af_num\/0201646475\/typeAffichage\/popup",
    "contexte": {
        "identifiant_gaia": "VN6411",
        "demande": "OE000050",
        "numero_pce": "09556439922649",
        "source": "OSR",
        "contractuel_fourni": 0,
        "date_contexte": "2023-12-28"
    }
}
2023-12-28 14:07:27 - [ERROR] - Erreur 400 avec code retour (fonctionnel) Num :QPS-E-156- MSG :La date date_accord_client est incorrecte.
2023-12-28 14:55:36 - [INFO] - Start processing patch_queops function:
{
    "date_besoin_utilisation_gaz": "2024-01-11T00:00:00Z",
    "date_accord_client": "Z",
    "num_affaire_racco": "0201633880",
    "lien_numero_affaire_osr_sirocco": "osr-preproduction.grdf.net\/affaire\/ficheJalon\/af_num\/0201633880\/typeAffichage\/popup",
    "contexte": {
        "identifiant_gaia": "VN6411",
        "demande": "OE000050",
        "numero_pce": "09479015881419",
        "source": "OSR",
        "contractuel_fourni": 0,
        "date_contexte": "2023-12-28"
    }
}
2023-12-28 14:55:36 - [ERROR] - Erreur 400 avec code retour (fonctionnel) Num :QPS-E-156- MSG :La date date_accord_client est incorrecte.
2023-12-28 17:19:53 - [INFO] - Start processing patch_queops function:
{
    "date_besoin_utilisation_gaz": "2024-01-11T00:00:00Z",
    "date_accord_client": "Z",
    "num_affaire_racco": "0201586977",
    "lien_numero_affaire_osr_sirocco": "osr-preproduction.grdf.net\/affaire\/ficheJalon\/af_num\/0201586977\/typeAffichage\/popup",
    "contexte": {
        "identifiant_gaia": "VN6411",
        "demande": "OE000050",
        "numero_pce": "09596816168701",
        "source": "OSR",
        "contractuel_fourni": 0,
        "date_contexte": "2023-12-28"
    }
}
2023-12-28 17:19:53 - [ERROR] - Erreur 400 avec code retour (fonctionnel) Num :QPS-E-156- MSG :La date date_accord_client est incorrecte.
2023-12-28 17:21:21 - [INFO] - Start processing patch_queops function:
{
    "date_de_mise_en_gaz": "2023-12-27T00:00:00Z",
    "date_accord_client": "Z",
    "num_affaire_racco": "0201586977",
    "lien_numero_affaire_osr_sirocco": "osr-preproduction.grdf.net\/affaire\/ficheJalon\/af_num\/0201586977\/typeAffichage\/popup",
    "contexte": {
        "identifiant_gaia": "VN6411",
        "demande": "OE000050",
        "numero_pce": "09596816168701",
        "source": "OSR",
        "contractuel_fourni": 0,
        "date_contexte": "2023-12-28"
    }
}
2023-12-28 17:21:21 - [ERROR] - Erreur 400 avec code retour (fonctionnel) Num :QPS-E-156- MSG :La date date_accord_client est incorrecte.
2023-12-28 17:21:55 - [INFO] - Start processing patch_queops function:
{
    "date_de_mise_en_gaz": "2023-12-27T00:00:00Z",
    "date_accord_client": "Z",
    "num_affaire_racco": "0201586977",
    "lien_numero_affaire_osr_sirocco": "osr-preproduction.grdf.net\/affaire\/ficheJalon\/af_num\/0201586977\/typeAffichage\/popup",
    "contexte": {
        "identifiant_gaia": "VN6411",
        "demande": "OE000050",
        "numero_pce": "09596816168701",
        "source": "OSR",
        "contractuel_fourni": 0,
        "date_contexte": "2023-12-28"
    }
}
2023-12-28 17:21:55 - [ERROR] - Erreur 400 avec code retour (fonctionnel) Num :QPS-E-156- MSG :La date date_accord_client est incorrecte.
2023-12-28 17:47:54 - [INFO] - Start processing patch_queops function:
{
    "date_besoin_utilisation_gaz": "2024-01-11T00:00:00Z",
    "date_accord_client": "Z",
    "num_affaire_racco": "0201565664",
    "lien_numero_affaire_osr_sirocco": "osr-preproduction.grdf.net\/affaire\/ficheJalon\/af_num\/0201565664\/typeAffichage\/popup",
    "contexte": {
        "identifiant_gaia": "VN6411",
        "demande": "OE000050",
        "numero_pce": null,
        "source": "OSR",
        "contractuel_fourni": 0,
        "date_contexte": "2023-12-28"
    }
}
2023-12-28 17:47:54 - [WARNING] - Erreur d'envoi de données à Queops via WS Queops en patch.
2023-12-28 17:50:05 - [INFO] - Start processing patch_queops function:
{
    "date_besoin_utilisation_gaz": "2024-01-11T00:00:00Z",
    "date_accord_client": "Z",
    "num_affaire_racco": "0201580323",
    "lien_numero_affaire_osr_sirocco": "osr-preproduction.grdf.net\/affaire\/ficheJalon\/af_num\/0201580323\/typeAffichage\/popup",
    "contexte": {
        "identifiant_gaia": "VN6411",
        "demande": "OE000050",
        "numero_pce": "17755716319611",
        "source": "OSR",
        "contractuel_fourni": 0,
        "date_contexte": "2023-12-28"
    }
}
2023-12-28 17:50:05 - [ERROR] - Erreur 400 avec code retour (fonctionnel) Num :QPS-E-156- MSG :La date date_accord_client est incorrecte.
2023-12-28 17:52:19 - [INFO] - Start processing patch_queops function:
{
    "date_besoin_utilisation_gaz": "2024-01-11T00:00:00Z",
    "date_accord_client": "Z",
    "num_affaire_racco": "0201392928",
    "lien_numero_affaire_osr_sirocco": "osr-preproduction.grdf.net\/affaire\/ficheJalon\/af_num\/0201392928\/typeAffichage\/popup",
    "contexte": {
        "identifiant_gaia": "VN6411",
        "demande": "OE000050",
        "numero_pce": "17788277806927",
        "source": "OSR",
        "contractuel_fourni": 0,
        "date_contexte": "2023-12-28"
    }
}
2023-12-28 17:52:19 - [WARNING] - Erreur d'envoi de données à Queops via WS Queops en patch.
2023-12-28 17:54:51 - [INFO] - Start processing patch_queops function:
{
    "date_de_mise_en_gaz": "2023-12-27T00:00:00Z",
    "date_accord_client": "Z",
    "num_affaire_racco": "0201392928",
    "lien_numero_affaire_osr_sirocco": "osr-preproduction.grdf.net\/affaire\/ficheJalon\/af_num\/0201392928\/typeAffichage\/popup",
    "contexte": {
        "identifiant_gaia": "VN6411",
        "demande": "OE000050",
        "numero_pce": "17788277806927",
        "source": "OSR",
        "contractuel_fourni": 0,
        "date_contexte": "2023-12-28"
    }
}
2023-12-28 17:54:51 - [WARNING] - Erreur d'envoi de données à Queops via WS Queops en patch.
2023-12-28 17:58:22 - [INFO] - Start processing patch_queops function:
{
    "date_besoin_utilisation_gaz": "2024-01-11T00:00:00Z",
    "date_accord_client": "Z",
    "num_affaire_racco": "0201629790",
    "lien_numero_affaire_osr_sirocco": "osr-preproduction.grdf.net\/affaire\/ficheJalon\/af_num\/0201629790\/typeAffichage\/popup",
    "contexte": {
        "identifiant_gaia": "VN6411",
        "demande": "OE000050",
        "numero_pce": "17724167841570",
        "source": "OSR",
        "contractuel_fourni": 0,
        "date_contexte": "2023-12-28"
    }
}
2023-12-28 17:58:23 - [ERROR] - Erreur 400 avec code retour (fonctionnel) Num :QPS-E-156- MSG :La date date_accord_client est incorrecte.
2023-12-28 18:01:21 - [INFO] - Start processing patch_queops function:
{
    "date_de_mise_en_gaz": "2023-12-27T00:00:00Z",
    "date_accord_client": "Z",
    "num_affaire_racco": "0201629790",
    "lien_numero_affaire_osr_sirocco": "osr-preproduction.grdf.net\/affaire\/ficheJalon\/af_num\/0201629790\/typeAffichage\/popup",
    "contexte": {
        "identifiant_gaia": "VN6411",
        "demande": "OE000050",
        "numero_pce": "17724167841570",
        "source": "OSR",
        "contractuel_fourni": 0,
        "date_contexte": "2023-12-28"
    }
}
2023-12-28 18:01:21 - [ERROR] - Erreur 400 avec code retour (fonctionnel) Num :QPS-E-156- MSG :La date date_accord_client est incorrecte.
2023-12-28 18:02:35 - [INFO] - Start processing patch_queops function:
{
    "date_besoin_utilisation_gaz": "2024-01-11T00:00:00Z",
    "date_accord_client": "Z",
    "num_affaire_racco": "0201593447",
    "lien_numero_affaire_osr_sirocco": "osr-preproduction.grdf.net\/affaire\/ficheJalon\/af_num\/0201593447\/typeAffichage\/popup",
    "contexte": {
        "identifiant_gaia": "VN6411",
        "demande": "OE000050",
        "numero_pce": "09723444219863",
        "source": "OSR",
        "contractuel_fourni": 0,
        "date_contexte": "2023-12-28"
    }
}
2023-12-28 18:02:35 - [ERROR] - Erreur 400 avec code retour (fonctionnel) Num :QPS-E-156- MSG :La date date_accord_client est incorrecte.
2023-12-28 18:18:58 - [INFO] - Start processing patch_queops function:
{
    "date_de_mise_en_gaz": "2023-12-27T00:00:00Z",
    "date_accord_client": "Z",
    "num_affaire_racco": "0201593447",
    "lien_numero_affaire_osr_sirocco": "osr-preproduction.grdf.net\/affaire\/ficheJalon\/af_num\/0201593447\/typeAffichage\/popup",
    "contexte": {
        "identifiant_gaia": "VN6411",
        "demande": "OE000050",
        "numero_pce": "09723444219863",
        "source": "OSR",
        "contractuel_fourni": 0,
        "date_contexte": "2023-12-28"
    }
}
2023-12-28 18:18:58 - [ERROR] - Erreur 400 avec code retour (fonctionnel) Num :QPS-E-156- MSG :La date date_accord_client est incorrecte.
2023-12-28 18:42:21 - [INFO] - Start processing patch_queops function:
{
    "date_besoin_utilisation_gaz": "2024-01-11T00:00:00Z",
    "date_accord_client": "Z",
    "num_affaire_racco": "0201629723",
    "lien_numero_affaire_osr_sirocco": "osr-preproduction.grdf.net\/affaire\/ficheJalon\/af_num\/0201629723\/typeAffichage\/popup",
    "contexte": {
        "identifiant_gaia": "VN6411",
        "demande": "OE000050",
        "numero_pce": "44439652675453",
        "source": "OSR",
        "contractuel_fourni": 0,
        "date_contexte": "2023-12-28"
    }
}
2023-12-28 18:42:21 - [ERROR] - Erreur 400 avec code retour (fonctionnel) Num :QPS-E-156- MSG :La date date_accord_client est incorrecte.
2023-12-28 18:45:15 - [INFO] - Start processing patch_queops function:
{
    "date_de_mise_en_gaz": "2023-12-27T00:00:00Z",
    "date_accord_client": "Z",
    "num_affaire_racco": "0201629723",
    "lien_numero_affaire_osr_sirocco": "osr-preproduction.grdf.net\/affaire\/ficheJalon\/af_num\/0201629723\/typeAffichage\/popup",
    "contexte": {
        "identifiant_gaia": "VN6411",
        "demande": "OE000050",
        "numero_pce": "44439652675453",
        "source": "OSR",
        "contractuel_fourni": 0,
        "date_contexte": "2023-12-28"
    }
}
2023-12-28 18:45:15 - [ERROR] - Erreur 400 avec code retour (fonctionnel) Num :QPS-E-156- MSG :La date date_accord_client est incorrecte.
2023-12-28 18:47:36 - [INFO] - Start processing patch_queops function:
{
    "date_besoin_utilisation_gaz": "2023-12-27T00:00:00Z",
    "date_accord_client": "Z",
    "num_affaire_racco": "0201599331",
    "lien_numero_affaire_osr_sirocco": "osr-preproduction.grdf.net\/affaire\/ficheJalon\/af_num\/0201599331\/typeAffichage\/popup",
    "contexte": {
        "identifiant_gaia": "VN6411",
        "demande": "OE000050",
        "numero_pce": "14296960855289",
        "source": "OSR",
        "contractuel_fourni": 0,
        "date_contexte": "2023-12-28"
    }
}
2023-12-28 18:47:36 - [ERROR] - Erreur 400 avec code retour (fonctionnel) Num :QPS-E-156- MSG :La date date_accord_client est incorrecte.
2023-12-28 18:48:58 - [INFO] - Start processing patch_queops function:
{
    "date_de_mise_en_gaz": "2023-12-27T00:00:00Z",
    "date_accord_client": "Z",
    "num_affaire_racco": "0201599331",
    "lien_numero_affaire_osr_sirocco": "osr-preproduction.grdf.net\/affaire\/ficheJalon\/af_num\/0201599331\/typeAffichage\/popup",
    "contexte": {
        "identifiant_gaia": "VN6411",
        "demande": "OE000050",
        "numero_pce": "14296960855289",
        "source": "OSR",
        "contractuel_fourni": 0,
        "date_contexte": "2023-12-28"
    }
}
2023-12-28 18:48:58 - [ERROR] - Erreur 400 avec code retour (fonctionnel) Num :QPS-E-156- MSG :La date date_accord_client est incorrecte.
2023-12-28 18:52:10 - [INFO] - Start processing patch_queops function:
{
    "date_besoin_utilisation_gaz": "2024-01-11T00:00:00Z",
    "date_accord_client": "Z",
    "num_affaire_racco": "0201577724",
    "lien_numero_affaire_osr_sirocco": "osr-preproduction.grdf.net\/affaire\/ficheJalon\/af_num\/0201577724\/typeAffichage\/popup",
    "contexte": {
        "identifiant_gaia": "VN6411",
        "demande": "OE000050",
        "numero_pce": "14238060712399",
        "source": "OSR",
        "contractuel_fourni": 0,
        "date_contexte": "2023-12-28"
    }
}
2023-12-28 18:52:10 - [ERROR] - Erreur 400 avec code retour (fonctionnel) Num :QPS-E-156- MSG :La date date_accord_client est incorrecte.
2023-12-28 18:54:52 - [INFO] - Start processing patch_queops function:
{
    "date_de_mise_en_gaz": "2023-12-27T00:00:00Z",
    "date_accord_client": "Z",
    "num_affaire_racco": "0201577724",
    "lien_numero_affaire_osr_sirocco": "osr-preproduction.grdf.net\/affaire\/ficheJalon\/af_num\/0201577724\/typeAffichage\/popup",
    "contexte": {
        "identifiant_gaia": "VN6411",
        "demande": "OE000050",
        "numero_pce": "14238060712399",
        "source": "OSR",
        "contractuel_fourni": 0,
        "date_contexte": "2023-12-28"
    }
}
2023-12-28 18:54:52 - [ERROR] - Erreur 400 avec code retour (fonctionnel) Num :QPS-E-156- MSG :La date date_accord_client est incorrecte.
