17:20:45       [error] erreur SQL ou sqlplus
	 AND ARCHIVE_FJAL_CLIENT.RGPD_OK = '0'
             *
ERROR at line 5:
ORA-00904: "ARCHIVE_FJAL_CLIENT"."RGPD_OK": invalid identifier


17:20:45       [error] erreur SQL ou sqlplus
	 AND CLIENT.RGPD_OK ='0'
             *
ERROR at line 6:
ORA-00904: "CLIENT"."RGPD_OK": invalid identifier


17:20:45       [error] erreur SQL ou sqlplus
	 AND ARCHIVE_CHANTIER.RGPD_OK = '0'
             *
ERROR at line 6:
ORA-00904: "ARCHIVE_CHANTIER"."RGPD_OK": invalid identifier


17:20:45       [error] erreur SQL ou sqlplus
	 AND AF_INFO_SIAG.RGPD_OK = '0'
             *
ERROR at line 7:
ORA-00904: "AF_INFO_SIAG"."RGPD_OK": invalid identifier


17:20:45       [error] erreur SQL ou sqlplus
SELECT COUNT(DISTINCT AFFAIRE.AF_NUM) FROM AFFAIRE JOIN CLIENT ON AFFAIRE.AF_NUM = CLIENT.AF_NUM WHERE (AFFAIRE.AF_ETAT = 'EA9' OR AFFAIRE.AF_ETAT = 'EA10') AND TO_CHAR(AFFAIRE.AF_DATE_CREATION, 'YYMMDD') <= TO_CHAR(ADD_MONTHS(SYSDATE, -(12 * 10)),'YYMMDD') AND CLIENT.RGPD_OK = '0'
                                                                                                                                                                                                                                                                      *
ERROR at line 1:
ORA-00904: "CLIENT"."RGPD_OK": invalid identifier


17:20:45       [error] erreur SQL ou sqlplus
SELECT COUNT(DISTINCT ARCHIVE_FJAL.AF_NUM) FROM ARCHIVE_FJAL JOIN ARCHIVE_FJAL_CLIENT ON ARCHIVE_FJAL.AF_NUM = ARCHIVE_FJAL_CLIENT.AF_NUM WHERE TO_CHAR(ARCHIVE_FJAL.AF_DATE_CREATION, 'YYMMDD') <= TO_CHAR(ADD_MONTHS(SYSDATE, -(12 * 10)),'YYMMDD') AND ARCHIVE_FJAL_CLIENT.RGPD_OK = '0'
                                                                                                                                                                                                                                                          *
ERROR at line 1:
ORA-00904: "ARCHIVE_FJAL_CLIENT"."RGPD_OK": invalid identifier


