10:53:28       [error] erreur SQL ou sqlplus
10:53:28       [error] erreur SQL ou sqlplus
10:53:28       [error] erreur SQL ou sqlplus
10:53:28       [error] erreur SQL ou sqlplus
10:53:28       [error] erreur SQL ou sqlplus
10:53:28       [error] erreur SQL ou sqlplus
10:53:28       [error] erreur SQL ou sqlplus
10:53:28       [error] erreur SQL ou sqlplus
10:53:28       [error] erreur SQL ou sqlplus
10:53:28       [error] erreur SQL ou sqlplus
10:53:28       [error] erreur SQL ou sqlplus
2023-11-06 10:53:28 - [PURGE] - UPDATE ARCHIVE_FJAL_CLIENT
                SET ARCHIVE_FJAL_CLIENT.CL_CIVILITE = 'purgé', ARCHIVE_FJAL_CLIENT.CL_PRENOM = 'purgé', ARCHIVE_FJAL_CLIENT.CL_NOM = 'purgé', ARCHIVE_FJAL_CLIENT.CL_COMPLEMENT = 'purgé', ARCHIVE_FJAL_CLIENT.CL_TELEPHONE = '0000000000', ARCHIVE_FJAL_CLIENT.CL_PORTABLE = '0000000000', ARCHIVE_FJAL_CLIENT.CL_EMAIL = 'purge@test.com', ARCHIVE_FJAL_CLIENT.CL_FAX = '0000000000', ARCHIVE_FJAL_CLIENT.CL_ETRANGER = NULL, ARCHIVE_FJAL_CLIENT.RGPD_OK = '1'
                WHERE EXISTS ( SELECT ARCHIVE_FJAL.AF_NUM FROM ARCHIVE_FJAL WHERE ARCHIVE_FJAL.AF_NUM = ARCHIVE_FJAL_CLIENT.AF_NUM AND TO_CHAR(ARCHIVE_FJAL.AF_DATE_CREATION, 'YYYYMMDD') <= TO_CHAR(ADD_MONTHS(SYSDATE, -(12 * 10)),'YYYYMMDD'))
                AND ARCHIVE_FJAL_CLIENT.CL_TYPE_CLIENT_SIAG = 'CL1'
                AND ARCHIVE_FJAL_CLIENT.RGPD_OK = '0';
10:53:28       [error] erreur SQL ou sqlplus
2023-11-06 10:53:28 - [PURGE] - UPDATE CLIENT
                SET CLIENT.CL_CIVILITE = 'purgé', CLIENT.CL_PRENOM = 'purgé', CLIENT.CL_NOM = 'purgé', CLIENT.CL_COMPLEMENT = 'purgé', CLIENT.CO_CODE_INSEE = NULL, CLIENT.CL_TELEPHONE = '0000000000', CLIENT.CL_PORTABLE = '0000000000', CLIENT.CL_EMAIL = 'purge@test.com', CLIENT.CL_FAX = '0000000000', CLIENT.CL_ETRANGER = NULL, CLIENT.RGPD_OK = '1'
                WHERE EXISTS( SELECT AFFAIRE.AF_NUM
                FROM AFFAIRE
                WHERE AFFAIRE.AF_NUM = CLIENT.AF_NUM AND (AFFAIRE.AF_ETAT = 'EA9' OR AFFAIRE.AF_ETAT = 'EA10') AND TO_CHAR(AFFAIRE.AF_DATE_CREATION, 'YYMMDD') <= TO_CHAR(ADD_MONTHS(SYSDATE, -(12 * 10)),'YYMMDD'))
                AND CLIENT.CL_TYPE_CLIENT_SIAG = 'CL1'
                AND CLIENT.RGPD_OK ='0';
10:53:28       [error] erreur SQL ou sqlplus
2023-11-06 10:53:28 - [PURGE] - UPDATE ARCHIVE_CHANTIER
                SET ARCHIVE_CHANTIER.CL_CIVILITE = 'purgé', ARCHIVE_CHANTIER.CL_PRENOM = 'purgé', ARCHIVE_CHANTIER.CL_NOM = 'purgé', ARCHIVE_CHANTIER.CO_CODE_INSEE = NULL, ARCHIVE_CHANTIER.CL_TELEPHONE = '0000000000', ARCHIVE_CHANTIER.CO_MAIL = 'purge@test.com', ARCHIVE_CHANTIER.RGPD_OK='1'
                WHERE EXISTS ( SELECT ARCHIVE_FJAL.AF_NUM FROM ARCHIVE_FJAL WHERE ARCHIVE_FJAL.AF_NUM = ARCHIVE_CHANTIER.AF_NUM AND TO_CHAR(ARCHIVE_FJAL.AF_DATE_CREATION, 'YYMMDD') <= TO_CHAR(ADD_MONTHS(SYSDATE, -(12 * 10)),'YYMMDD'))
                AND EXISTS ( SELECT ARCHIVE_FJAL_CLIENT.AF_NUM FROM ARCHIVE_FJAL_CLIENT WHERE ARCHIVE_FJAL_CLIENT.AF_NUM = ARCHIVE_CHANTIER.AF_NUM AND ARCHIVE_FJAL_CLIENT.CL_TYPE_CLIENT_SIAG = 'CL1')
                AND ARCHIVE_CHANTIER.RGPD_OK = '0';
10:53:28       [error] erreur SQL ou sqlplus
2023-11-06 10:53:28 - [PURGE] - UPDATE AF_INFO_SIAG
                SET AF_INFO_SIAG.CLI_NOM = NULL, AF_INFO_SIAG.CLI_MAIL = NULL, AF_INFO_SIAG.RGPD_OK = '1'
                WHERE EXISTS ( SELECT AFFAIRE.AF_NUM FROM AFFAIRE WHERE AFFAIRE.AF_NUM = AF_INFO_SIAG.AF_NUM AND (AFFAIRE.AF_ETAT = 'EA9' OR AFFAIRE.AF_ETAT = 'EA10') AND TO_CHAR(AFFAIRE.AF_DATE_CREATION, 'YYMMDD') <= TO_CHAR(ADD_MONTHS(SYSDATE, -(12 * 10)),'YYMMDD'))
                AND EXISTS ( SELECT CLIENT.AF_NUM FROM CLIENT WHERE CLIENT.AF_NUM = AF_INFO_SIAG.AF_NUM AND CLIENT.CL_TYPE_CLIENT_SIAG = 'CL1')
                AND AF_INFO_SIAG.RGPD_OK = '0';
10:53:28       [error] erreur SQL ou sqlplus
2023-11-06 10:53:28 - [Alerte] - SELECT DISTINCT AFFAIRE.AF_NUM,
                (SELECT OR_LIBELLE FROM ORGANISATION WHERE OR_CODE=LPAD(substr(o2.or_parent,2,1),2,'0')) REGION,
                o3.code_report||' '||o3.or_libelle PORTEFEUILLE,
                replace(o1.or_libelle, chr(13),'') TERRITOIRE
                FROM AFFAIRE
                left outer join organisation o1 on AFFAIRE.or_code  =  o1.or_code
                left outer join organisation o2 on o2.or_code =  o1.or_parent
                left outer join organisation_for_report o3 on o3.or_code =  o1.or_parent
                JOIN CLIENT ON AFFAIRE.AF_NUM = CLIENT.AF_NUM
                WHERE (AFFAIRE.AF_ETAT != 'EA9' AND AFFAIRE.AF_ETAT != 'EA10') AND TO_CHAR(AFFAIRE.AF_DATE_CREATION, 'YYMMDD') <= TO_CHAR(ADD_MONTHS(SYSDATE, -(12 * 10)),'YYMMDD') AND CLIENT.RGPD_OK = '0';
10:53:28       [error] erreur SQL ou sqlplus
2023-11-06 10:53:28 - [Alerte] - SELECT DISTINCT ARCHIVE_FJAL.AF_NUM
                FROM ARCHIVE_FJAL
                JOIN ARCHIVE_FJAL_CLIENT ON ARCHIVE_FJAL.AF_NUM = ARCHIVE_FJAL_CLIENT.AF_NUM
                WHERE (ARCHIVE_FJAL.AF_ETAT != 'EA9' AND ARCHIVE_FJAL.AF_ETAT != 'EA10') AND TO_CHAR(ARCHIVE_FJAL.AF_DATE_CREATION, 'YYMMDD') <= TO_CHAR(ADD_MONTHS(SYSDATE, -(12 * 10)),'YYMMDD') AND ARCHIVE_FJAL_CLIENT.RGPD_OK = '0';
Nombre des affaires traitées par la purge: 0
Volume de purge: 0 KO
Nombre des affaire en anomalie: 0
