11/15/23 02:30:00  [étape]	Ini du traitement
11/15/23 02:30:00  [étape]	Supprime les fichiers de plus de 7 jours 
11/15/23 02:30:00  [étape]	Comprobation d'espace disque
11/15/23 02:30:16  [étape]	le fichier SQL a été joué sans erreurs
11/15/23 02:30:18  [étape]	le spool SQL a été formaté (/appli/apache/shell/traitements_OSR/export_quotidien/_tmp/Export_Affaires_OS_20231115_RG-01_Quotid.csv)
11/15/23 02:30:35  [étape]	le fichier SQL a été joué sans erreurs
11/15/23 02:30:38  [étape]	le spool SQL a été formaté (/appli/apache/shell/traitements_OSR/export_quotidien/_tmp/Export_Affaires_OS_20231115_RG-02_Quotid.csv)
11/15/23 02:30:53  [étape]	le fichier SQL a été joué sans erreurs
11/15/23 02:30:55  [étape]	le spool SQL a été formaté (/appli/apache/shell/traitements_OSR/export_quotidien/_tmp/Export_Affaires_OS_20231115_RG-03_Quotid.csv)
11/15/23 02:31:08  [étape]	le fichier SQL a été joué sans erreurs
11/15/23 02:31:10  [étape]	le spool SQL a été formaté (/appli/apache/shell/traitements_OSR/export_quotidien/_tmp/Export_Affaires_OS_20231115_RG-04_Quotid.csv)
11/15/23 02:31:14  [étape]	le fichier SQL a été joué sans erreurs
11/15/23 02:31:14  [étape]	le spool SQL a été formaté (/appli/apache/shell/traitements_OSR/export_quotidien/_tmp/Export_Affaires_OS_20231115_RG-05_Quotid.csv)
11/15/23 02:31:24  [étape]	le fichier SQL a été joué sans erreurs
11/15/23 02:31:26  [étape]	le spool SQL a été formaté (/appli/apache/shell/traitements_OSR/export_quotidien/_tmp/Export_Affaires_OS_20231115_RG-06_Quotid.csv)
11/15/23 02:31:37  [étape]	le fichier SQL a été joué sans erreurs
11/15/23 02:31:39  [étape]	le spool SQL a été formaté (/appli/apache/shell/traitements_OSR/export_quotidien/_tmp/Export_Affaires_OS_20231115_RG-07_Quotid.csv)
11/15/23 02:31:43  [étape]	le fichier SQL a été joué sans erreurs
11/15/23 02:31:43  [étape]	le spool SQL a été formaté (/appli/apache/shell/traitements_OSR/export_quotidien/_tmp/Export_Affaires_OS_20231115_RG-08_Quotid.csv)
11/15/23 02:31:51  [étape]	fichier(s) compressé(s) dans /appli/apache/shell/traitements_OSR/export_quotidien/_tmp/Export_Affaires_OS_20231115.zip
11/15/23 02:31:51  [étape]	Debut de la connexion SFTP
11/15/23 02:31:53  [étape]	Succes du Transfert FTP des fichiers : Export_Affaires_OS_20231115.zip
11/15/23 02:31:53  [étape]	Du repertoire : 
11/15/23 02:31:53  [étape]	Vers le repertoire : /RACCOPILOT/ot
11/15/23 02:31:53  [étape]	Fin du traitement
