11/03/23 02:30:01  [étape]	Ini du traitement
11/03/23 02:30:01  [étape]	Supprime les fichiers de plus de 7 jours 
11/03/23 02:30:01  [étape]	Comprobation d'espace disque
11/03/23 02:30:15  [étape]	le fichier SQL a été joué sans erreurs
11/03/23 02:30:17  [étape]	le spool SQL a été formaté (/appli/apache/shell/traitements_OSR/export_quotidien/_tmp/Export_Affaires_OS_20231103_RG-01_Quotid.csv)
11/03/23 02:30:35  [étape]	le fichier SQL a été joué sans erreurs
11/03/23 02:30:38  [étape]	le spool SQL a été formaté (/appli/apache/shell/traitements_OSR/export_quotidien/_tmp/Export_Affaires_OS_20231103_RG-02_Quotid.csv)
11/03/23 02:30:52  [étape]	le fichier SQL a été joué sans erreurs
11/03/23 02:30:54  [étape]	le spool SQL a été formaté (/appli/apache/shell/traitements_OSR/export_quotidien/_tmp/Export_Affaires_OS_20231103_RG-03_Quotid.csv)
11/03/23 02:31:06  [étape]	le fichier SQL a été joué sans erreurs
11/03/23 02:31:08  [étape]	le spool SQL a été formaté (/appli/apache/shell/traitements_OSR/export_quotidien/_tmp/Export_Affaires_OS_20231103_RG-04_Quotid.csv)
11/03/23 02:31:12  [étape]	le fichier SQL a été joué sans erreurs
11/03/23 02:31:12  [étape]	le spool SQL a été formaté (/appli/apache/shell/traitements_OSR/export_quotidien/_tmp/Export_Affaires_OS_20231103_RG-05_Quotid.csv)
11/03/23 02:31:21  [étape]	le fichier SQL a été joué sans erreurs
11/03/23 02:31:23  [étape]	le spool SQL a été formaté (/appli/apache/shell/traitements_OSR/export_quotidien/_tmp/Export_Affaires_OS_20231103_RG-06_Quotid.csv)
11/03/23 02:31:35  [étape]	le fichier SQL a été joué sans erreurs
11/03/23 02:31:37  [étape]	le spool SQL a été formaté (/appli/apache/shell/traitements_OSR/export_quotidien/_tmp/Export_Affaires_OS_20231103_RG-07_Quotid.csv)
11/03/23 02:31:41  [étape]	le fichier SQL a été joué sans erreurs
11/03/23 02:31:41  [étape]	le spool SQL a été formaté (/appli/apache/shell/traitements_OSR/export_quotidien/_tmp/Export_Affaires_OS_20231103_RG-08_Quotid.csv)
11/03/23 02:31:49  [étape]	fichier(s) compressé(s) dans /appli/apache/shell/traitements_OSR/export_quotidien/_tmp/Export_Affaires_OS_20231103.zip
11/03/23 02:31:49  [étape]	Debut de la connexion SFTP
11/03/23 02:31:51  [étape]	Succes du Transfert FTP des fichiers : Export_Affaires_OS_20231103.zip
11/03/23 02:31:51  [étape]	Du repertoire : 
11/03/23 02:31:51  [étape]	Vers le repertoire : /RACCOPILOT/ot
11/03/23 02:31:51  [étape]	Fin du traitement
