11/19/23 02:30:00  [étape]	Ini du traitement
11/19/23 02:30:00  [étape]	Supprime les fichiers de plus de 7 jours 
11/19/23 02:30:00  [étape]	Comprobation d'espace disque
11/19/23 02:30:14  [étape]	le fichier SQL a été joué sans erreurs
11/19/23 02:30:16  [étape]	le spool SQL a été formaté (/appli/apache/shell/traitements_OSR/export_quotidien/_tmp/Export_Affaires_OS_20231119_RG-01_Quotid.csv)
11/19/23 02:30:33  [étape]	le fichier SQL a été joué sans erreurs
11/19/23 02:30:36  [étape]	le spool SQL a été formaté (/appli/apache/shell/traitements_OSR/export_quotidien/_tmp/Export_Affaires_OS_20231119_RG-02_Quotid.csv)
11/19/23 02:30:49  [étape]	le fichier SQL a été joué sans erreurs
11/19/23 02:30:51  [étape]	le spool SQL a été formaté (/appli/apache/shell/traitements_OSR/export_quotidien/_tmp/Export_Affaires_OS_20231119_RG-03_Quotid.csv)
11/19/23 02:31:03  [étape]	le fichier SQL a été joué sans erreurs
11/19/23 02:31:05  [étape]	le spool SQL a été formaté (/appli/apache/shell/traitements_OSR/export_quotidien/_tmp/Export_Affaires_OS_20231119_RG-04_Quotid.csv)
11/19/23 02:31:08  [étape]	le fichier SQL a été joué sans erreurs
11/19/23 02:31:08  [étape]	le spool SQL a été formaté (/appli/apache/shell/traitements_OSR/export_quotidien/_tmp/Export_Affaires_OS_20231119_RG-05_Quotid.csv)
11/19/23 02:31:19  [étape]	le fichier SQL a été joué sans erreurs
11/19/23 02:31:21  [étape]	le spool SQL a été formaté (/appli/apache/shell/traitements_OSR/export_quotidien/_tmp/Export_Affaires_OS_20231119_RG-06_Quotid.csv)
11/19/23 02:31:32  [étape]	le fichier SQL a été joué sans erreurs
11/19/23 02:31:34  [étape]	le spool SQL a été formaté (/appli/apache/shell/traitements_OSR/export_quotidien/_tmp/Export_Affaires_OS_20231119_RG-07_Quotid.csv)
11/19/23 02:31:37  [étape]	le fichier SQL a été joué sans erreurs
11/19/23 02:31:37  [étape]	le spool SQL a été formaté (/appli/apache/shell/traitements_OSR/export_quotidien/_tmp/Export_Affaires_OS_20231119_RG-08_Quotid.csv)
11/19/23 02:31:46  [étape]	fichier(s) compressé(s) dans /appli/apache/shell/traitements_OSR/export_quotidien/_tmp/Export_Affaires_OS_20231119.zip
11/19/23 02:31:46  [étape]	Debut de la connexion SFTP
11/19/23 02:31:49  [étape]	Succes du Transfert FTP des fichiers : Export_Affaires_OS_20231119.zip
11/19/23 02:31:49  [étape]	Du repertoire : 
11/19/23 02:31:49  [étape]	Vers le repertoire : /RACCOPILOT/ot
11/19/23 02:31:49  [étape]	Fin du traitement
