12/06/23 02:30:00  [étape]	Ini du traitement
12/06/23 02:30:00  [étape]	Supprime les fichiers de plus de 7 jours 
12/06/23 02:30:00  [étape]	Comprobation d'espace disque
12/06/23 02:30:13  [étape]	le fichier SQL a été joué sans erreurs
12/06/23 02:30:15  [étape]	le spool SQL a été formaté (/appli/apache/shell/traitements_OSR/export_quotidien/_tmp/Export_Affaires_OS_20231206_RG-01_Quotid.csv)
12/06/23 02:30:30  [étape]	le fichier SQL a été joué sans erreurs
12/06/23 02:30:34  [étape]	le spool SQL a été formaté (/appli/apache/shell/traitements_OSR/export_quotidien/_tmp/Export_Affaires_OS_20231206_RG-02_Quotid.csv)
12/06/23 02:30:46  [étape]	le fichier SQL a été joué sans erreurs
12/06/23 02:30:48  [étape]	le spool SQL a été formaté (/appli/apache/shell/traitements_OSR/export_quotidien/_tmp/Export_Affaires_OS_20231206_RG-03_Quotid.csv)
12/06/23 02:31:00  [étape]	le fichier SQL a été joué sans erreurs
12/06/23 02:31:02  [étape]	le spool SQL a été formaté (/appli/apache/shell/traitements_OSR/export_quotidien/_tmp/Export_Affaires_OS_20231206_RG-04_Quotid.csv)
12/06/23 02:31:05  [étape]	le fichier SQL a été joué sans erreurs
12/06/23 02:31:05  [étape]	le spool SQL a été formaté (/appli/apache/shell/traitements_OSR/export_quotidien/_tmp/Export_Affaires_OS_20231206_RG-05_Quotid.csv)
12/06/23 02:31:14  [étape]	le fichier SQL a été joué sans erreurs
12/06/23 02:31:16  [étape]	le spool SQL a été formaté (/appli/apache/shell/traitements_OSR/export_quotidien/_tmp/Export_Affaires_OS_20231206_RG-06_Quotid.csv)
12/06/23 02:31:26  [étape]	le fichier SQL a été joué sans erreurs
12/06/23 02:31:28  [étape]	le spool SQL a été formaté (/appli/apache/shell/traitements_OSR/export_quotidien/_tmp/Export_Affaires_OS_20231206_RG-07_Quotid.csv)
12/06/23 02:31:31  [étape]	le fichier SQL a été joué sans erreurs
12/06/23 02:31:31  [étape]	le spool SQL a été formaté (/appli/apache/shell/traitements_OSR/export_quotidien/_tmp/Export_Affaires_OS_20231206_RG-08_Quotid.csv)
12/06/23 02:31:40  [étape]	fichier(s) compressé(s) dans /appli/apache/shell/traitements_OSR/export_quotidien/_tmp/Export_Affaires_OS_20231206.zip
12/06/23 02:31:40  [étape]	Debut de la connexion SFTP
12/06/23 02:31:41  [étape]	Succes du Transfert FTP des fichiers : Export_Affaires_OS_20231206.zip
12/06/23 02:31:42  [étape]	Du repertoire : 
12/06/23 02:31:42  [étape]	Vers le repertoire : /RACCOPILOT/ot
12/06/23 02:31:42  [étape]	Fin du traitement
