11/08/23 02:30:01  [étape]	Ini du traitement
11/08/23 02:30:01  [étape]	Supprime les fichiers de plus de 7 jours 
11/08/23 02:30:01  [étape]	Comprobation d'espace disque
11/08/23 02:30:16  [étape]	le fichier SQL a été joué sans erreurs
11/08/23 02:30:18  [étape]	le spool SQL a été formaté (/appli/apache/shell/traitements_OSR/export_quotidien/_tmp/Export_Affaires_OS_20231108_RG-01_Quotid.csv)
11/08/23 02:30:36  [étape]	le fichier SQL a été joué sans erreurs
11/08/23 02:30:39  [étape]	le spool SQL a été formaté (/appli/apache/shell/traitements_OSR/export_quotidien/_tmp/Export_Affaires_OS_20231108_RG-02_Quotid.csv)
11/08/23 02:30:55  [étape]	le fichier SQL a été joué sans erreurs
11/08/23 02:30:57  [étape]	le spool SQL a été formaté (/appli/apache/shell/traitements_OSR/export_quotidien/_tmp/Export_Affaires_OS_20231108_RG-03_Quotid.csv)
11/08/23 02:31:10  [étape]	le fichier SQL a été joué sans erreurs
11/08/23 02:31:12  [étape]	le spool SQL a été formaté (/appli/apache/shell/traitements_OSR/export_quotidien/_tmp/Export_Affaires_OS_20231108_RG-04_Quotid.csv)
11/08/23 02:31:16  [étape]	le fichier SQL a été joué sans erreurs
11/08/23 02:31:16  [étape]	le spool SQL a été formaté (/appli/apache/shell/traitements_OSR/export_quotidien/_tmp/Export_Affaires_OS_20231108_RG-05_Quotid.csv)
11/08/23 02:31:26  [étape]	le fichier SQL a été joué sans erreurs
11/08/23 02:31:28  [étape]	le spool SQL a été formaté (/appli/apache/shell/traitements_OSR/export_quotidien/_tmp/Export_Affaires_OS_20231108_RG-06_Quotid.csv)
11/08/23 02:31:40  [étape]	le fichier SQL a été joué sans erreurs
11/08/23 02:31:42  [étape]	le spool SQL a été formaté (/appli/apache/shell/traitements_OSR/export_quotidien/_tmp/Export_Affaires_OS_20231108_RG-07_Quotid.csv)
11/08/23 02:31:45  [étape]	le fichier SQL a été joué sans erreurs
11/08/23 02:31:45  [étape]	le spool SQL a été formaté (/appli/apache/shell/traitements_OSR/export_quotidien/_tmp/Export_Affaires_OS_20231108_RG-08_Quotid.csv)
11/08/23 02:31:53  [étape]	fichier(s) compressé(s) dans /appli/apache/shell/traitements_OSR/export_quotidien/_tmp/Export_Affaires_OS_20231108.zip
11/08/23 02:31:53  [étape]	Debut de la connexion SFTP
11/08/23 02:31:56  [étape]	Succes du Transfert FTP des fichiers : Export_Affaires_OS_20231108.zip
11/08/23 02:31:56  [étape]	Du repertoire : 
11/08/23 02:31:56  [étape]	Vers le repertoire : /RACCOPILOT/ot
11/08/23 02:31:56  [étape]	Fin du traitement
