11/22/23 02:30:00  [étape]	Ini du traitement
11/22/23 02:30:00  [étape]	Supprime les fichiers de plus de 7 jours 
11/22/23 02:30:00  [étape]	Comprobation d'espace disque
11/22/23 02:30:15  [étape]	le fichier SQL a été joué sans erreurs
11/22/23 02:30:17  [étape]	le spool SQL a été formaté (/appli/apache/shell/traitements_OSR/export_quotidien/_tmp/Export_Affaires_OS_20231122_RG-01_Quotid.csv)
11/22/23 02:30:33  [étape]	le fichier SQL a été joué sans erreurs
11/22/23 02:30:36  [étape]	le spool SQL a été formaté (/appli/apache/shell/traitements_OSR/export_quotidien/_tmp/Export_Affaires_OS_20231122_RG-02_Quotid.csv)
11/22/23 02:30:48  [étape]	le fichier SQL a été joué sans erreurs
11/22/23 02:30:50  [étape]	le spool SQL a été formaté (/appli/apache/shell/traitements_OSR/export_quotidien/_tmp/Export_Affaires_OS_20231122_RG-03_Quotid.csv)
11/22/23 02:31:01  [étape]	le fichier SQL a été joué sans erreurs
11/22/23 02:31:03  [étape]	le spool SQL a été formaté (/appli/apache/shell/traitements_OSR/export_quotidien/_tmp/Export_Affaires_OS_20231122_RG-04_Quotid.csv)
11/22/23 02:31:06  [étape]	le fichier SQL a été joué sans erreurs
11/22/23 02:31:06  [étape]	le spool SQL a été formaté (/appli/apache/shell/traitements_OSR/export_quotidien/_tmp/Export_Affaires_OS_20231122_RG-05_Quotid.csv)
11/22/23 02:31:17  [étape]	le fichier SQL a été joué sans erreurs
11/22/23 02:31:18  [étape]	le spool SQL a été formaté (/appli/apache/shell/traitements_OSR/export_quotidien/_tmp/Export_Affaires_OS_20231122_RG-06_Quotid.csv)
11/22/23 02:31:31  [étape]	le fichier SQL a été joué sans erreurs
11/22/23 02:31:33  [étape]	le spool SQL a été formaté (/appli/apache/shell/traitements_OSR/export_quotidien/_tmp/Export_Affaires_OS_20231122_RG-07_Quotid.csv)
11/22/23 02:31:36  [étape]	le fichier SQL a été joué sans erreurs
11/22/23 02:31:36  [étape]	le spool SQL a été formaté (/appli/apache/shell/traitements_OSR/export_quotidien/_tmp/Export_Affaires_OS_20231122_RG-08_Quotid.csv)
11/22/23 02:31:44  [étape]	fichier(s) compressé(s) dans /appli/apache/shell/traitements_OSR/export_quotidien/_tmp/Export_Affaires_OS_20231122.zip
11/22/23 02:31:44  [étape]	Debut de la connexion SFTP
11/22/23 02:31:46  [étape]	Succes du Transfert FTP des fichiers : Export_Affaires_OS_20231122.zip
11/22/23 02:31:46  [étape]	Du repertoire : 
11/22/23 02:31:46  [étape]	Vers le repertoire : /RACCOPILOT/ot
11/22/23 02:31:46  [étape]	Fin du traitement
