11/04/23 02:30:00  [étape]	Ini du traitement
11/04/23 02:30:00  [étape]	Supprime les fichiers de plus de 7 jours 
11/04/23 02:30:00  [étape]	Comprobation d'espace disque
11/04/23 02:30:16  [étape]	le fichier SQL a été joué sans erreurs
11/04/23 02:30:18  [étape]	le spool SQL a été formaté (/appli/apache/shell/traitements_OSR/export_quotidien/_tmp/Export_Affaires_OS_20231104_RG-01_Quotid.csv)
11/04/23 02:30:37  [étape]	le fichier SQL a été joué sans erreurs
11/04/23 02:30:41  [étape]	le spool SQL a été formaté (/appli/apache/shell/traitements_OSR/export_quotidien/_tmp/Export_Affaires_OS_20231104_RG-02_Quotid.csv)
11/04/23 02:30:57  [étape]	le fichier SQL a été joué sans erreurs
11/04/23 02:30:59  [étape]	le spool SQL a été formaté (/appli/apache/shell/traitements_OSR/export_quotidien/_tmp/Export_Affaires_OS_20231104_RG-03_Quotid.csv)
11/04/23 02:31:13  [étape]	le fichier SQL a été joué sans erreurs
11/04/23 02:31:15  [étape]	le spool SQL a été formaté (/appli/apache/shell/traitements_OSR/export_quotidien/_tmp/Export_Affaires_OS_20231104_RG-04_Quotid.csv)
11/04/23 02:31:18  [étape]	le fichier SQL a été joué sans erreurs
11/04/23 02:31:18  [étape]	le spool SQL a été formaté (/appli/apache/shell/traitements_OSR/export_quotidien/_tmp/Export_Affaires_OS_20231104_RG-05_Quotid.csv)
11/04/23 02:31:30  [étape]	le fichier SQL a été joué sans erreurs
11/04/23 02:31:32  [étape]	le spool SQL a été formaté (/appli/apache/shell/traitements_OSR/export_quotidien/_tmp/Export_Affaires_OS_20231104_RG-06_Quotid.csv)
11/04/23 02:31:44  [étape]	le fichier SQL a été joué sans erreurs
11/04/23 02:31:46  [étape]	le spool SQL a été formaté (/appli/apache/shell/traitements_OSR/export_quotidien/_tmp/Export_Affaires_OS_20231104_RG-07_Quotid.csv)
11/04/23 02:31:50  [étape]	le fichier SQL a été joué sans erreurs
11/04/23 02:31:50  [étape]	le spool SQL a été formaté (/appli/apache/shell/traitements_OSR/export_quotidien/_tmp/Export_Affaires_OS_20231104_RG-08_Quotid.csv)
11/04/23 02:31:58  [étape]	fichier(s) compressé(s) dans /appli/apache/shell/traitements_OSR/export_quotidien/_tmp/Export_Affaires_OS_20231104.zip
11/04/23 02:31:58  [étape]	Debut de la connexion SFTP
11/04/23 02:32:00  [étape]	Succes du Transfert FTP des fichiers : Export_Affaires_OS_20231104.zip
11/04/23 02:32:00  [étape]	Du repertoire : 
11/04/23 02:32:00  [étape]	Vers le repertoire : /RACCOPILOT/ot
11/04/23 02:32:00  [étape]	Fin du traitement
