12/01/23 02:30:01  [étape]	Ini du traitement
12/01/23 02:30:01  [étape]	Supprime les fichiers de plus de 7 jours 
12/01/23 02:30:01  [étape]	Comprobation d'espace disque
12/01/23 02:30:16  [étape]	le fichier SQL a été joué sans erreurs
12/01/23 02:30:19  [étape]	le spool SQL a été formaté (/appli/apache/shell/traitements_OSR/export_quotidien/_tmp/Export_Affaires_OS_20231201_RG-01_Quotid.csv)
12/01/23 02:30:34  [étape]	le fichier SQL a été joué sans erreurs
12/01/23 02:30:37  [étape]	le spool SQL a été formaté (/appli/apache/shell/traitements_OSR/export_quotidien/_tmp/Export_Affaires_OS_20231201_RG-02_Quotid.csv)
12/01/23 02:30:50  [étape]	le fichier SQL a été joué sans erreurs
12/01/23 02:30:52  [étape]	le spool SQL a été formaté (/appli/apache/shell/traitements_OSR/export_quotidien/_tmp/Export_Affaires_OS_20231201_RG-03_Quotid.csv)
12/01/23 02:31:04  [étape]	le fichier SQL a été joué sans erreurs
12/01/23 02:31:06  [étape]	le spool SQL a été formaté (/appli/apache/shell/traitements_OSR/export_quotidien/_tmp/Export_Affaires_OS_20231201_RG-04_Quotid.csv)
12/01/23 02:31:09  [étape]	le fichier SQL a été joué sans erreurs
12/01/23 02:31:09  [étape]	le spool SQL a été formaté (/appli/apache/shell/traitements_OSR/export_quotidien/_tmp/Export_Affaires_OS_20231201_RG-05_Quotid.csv)
12/01/23 02:31:18  [étape]	le fichier SQL a été joué sans erreurs
12/01/23 02:31:19  [étape]	le spool SQL a été formaté (/appli/apache/shell/traitements_OSR/export_quotidien/_tmp/Export_Affaires_OS_20231201_RG-06_Quotid.csv)
12/01/23 02:31:30  [étape]	le fichier SQL a été joué sans erreurs
12/01/23 02:31:32  [étape]	le spool SQL a été formaté (/appli/apache/shell/traitements_OSR/export_quotidien/_tmp/Export_Affaires_OS_20231201_RG-07_Quotid.csv)
12/01/23 02:31:35  [étape]	le fichier SQL a été joué sans erreurs
12/01/23 02:31:35  [étape]	le spool SQL a été formaté (/appli/apache/shell/traitements_OSR/export_quotidien/_tmp/Export_Affaires_OS_20231201_RG-08_Quotid.csv)
12/01/23 02:31:43  [étape]	fichier(s) compressé(s) dans /appli/apache/shell/traitements_OSR/export_quotidien/_tmp/Export_Affaires_OS_20231201.zip
12/01/23 02:31:43  [étape]	Debut de la connexion SFTP
12/01/23 02:31:45  [étape]	Succes du Transfert FTP des fichiers : Export_Affaires_OS_20231201.zip
12/01/23 02:31:45  [étape]	Du repertoire : 
12/01/23 02:31:45  [étape]	Vers le repertoire : /RACCOPILOT/ot
12/01/23 02:31:45  [étape]	Fin du traitement
