12/11/23 02:30:00  [étape]	Ini du traitement
12/11/23 02:30:00  [étape]	Supprime les fichiers de plus de 7 jours 
12/11/23 02:30:00  [étape]	Comprobation d'espace disque
12/11/23 02:30:15  [étape]	le fichier SQL a été joué sans erreurs
12/11/23 02:30:17  [étape]	le spool SQL a été formaté (/appli/apache/shell/traitements_OSR/export_quotidien/_tmp/Export_Affaires_OS_20231211_RG-01_Quotid.csv)
12/11/23 02:30:34  [étape]	le fichier SQL a été joué sans erreurs
12/11/23 02:30:37  [étape]	le spool SQL a été formaté (/appli/apache/shell/traitements_OSR/export_quotidien/_tmp/Export_Affaires_OS_20231211_RG-02_Quotid.csv)
12/11/23 02:30:52  [étape]	le fichier SQL a été joué sans erreurs
12/11/23 02:30:54  [étape]	le spool SQL a été formaté (/appli/apache/shell/traitements_OSR/export_quotidien/_tmp/Export_Affaires_OS_20231211_RG-03_Quotid.csv)
12/11/23 02:31:06  [étape]	le fichier SQL a été joué sans erreurs
12/11/23 02:31:08  [étape]	le spool SQL a été formaté (/appli/apache/shell/traitements_OSR/export_quotidien/_tmp/Export_Affaires_OS_20231211_RG-04_Quotid.csv)
12/11/23 02:31:11  [étape]	le fichier SQL a été joué sans erreurs
12/11/23 02:31:11  [étape]	le spool SQL a été formaté (/appli/apache/shell/traitements_OSR/export_quotidien/_tmp/Export_Affaires_OS_20231211_RG-05_Quotid.csv)
12/11/23 02:31:21  [étape]	le fichier SQL a été joué sans erreurs
12/11/23 02:31:23  [étape]	le spool SQL a été formaté (/appli/apache/shell/traitements_OSR/export_quotidien/_tmp/Export_Affaires_OS_20231211_RG-06_Quotid.csv)
12/11/23 02:31:35  [étape]	le fichier SQL a été joué sans erreurs
12/11/23 02:31:37  [étape]	le spool SQL a été formaté (/appli/apache/shell/traitements_OSR/export_quotidien/_tmp/Export_Affaires_OS_20231211_RG-07_Quotid.csv)
12/11/23 02:31:40  [étape]	le fichier SQL a été joué sans erreurs
12/11/23 02:31:40  [étape]	le spool SQL a été formaté (/appli/apache/shell/traitements_OSR/export_quotidien/_tmp/Export_Affaires_OS_20231211_RG-08_Quotid.csv)
12/11/23 02:31:48  [étape]	fichier(s) compressé(s) dans /appli/apache/shell/traitements_OSR/export_quotidien/_tmp/Export_Affaires_OS_20231211.zip
12/11/23 02:31:49  [étape]	Debut de la connexion SFTP
12/11/23 02:31:50  [étape]	Succes du Transfert FTP des fichiers : Export_Affaires_OS_20231211.zip
12/11/23 02:31:50  [étape]	Du repertoire : 
12/11/23 02:31:50  [étape]	Vers le repertoire : /RACCOPILOT/ot
12/11/23 02:31:50  [étape]	Fin du traitement
