11/29/23 02:30:01  [étape]	Ini du traitement
11/29/23 02:30:01  [étape]	Supprime les fichiers de plus de 7 jours 
11/29/23 02:30:01  [étape]	Comprobation d'espace disque
11/29/23 02:30:15  [étape]	le fichier SQL a été joué sans erreurs
11/29/23 02:30:17  [étape]	le spool SQL a été formaté (/appli/apache/shell/traitements_OSR/export_quotidien/_tmp/Export_Affaires_OS_20231129_RG-01_Quotid.csv)
11/29/23 02:30:33  [étape]	le fichier SQL a été joué sans erreurs
11/29/23 02:30:37  [étape]	le spool SQL a été formaté (/appli/apache/shell/traitements_OSR/export_quotidien/_tmp/Export_Affaires_OS_20231129_RG-02_Quotid.csv)
11/29/23 02:30:49  [étape]	le fichier SQL a été joué sans erreurs
11/29/23 02:30:51  [étape]	le spool SQL a été formaté (/appli/apache/shell/traitements_OSR/export_quotidien/_tmp/Export_Affaires_OS_20231129_RG-03_Quotid.csv)
11/29/23 02:31:03  [étape]	le fichier SQL a été joué sans erreurs
11/29/23 02:31:05  [étape]	le spool SQL a été formaté (/appli/apache/shell/traitements_OSR/export_quotidien/_tmp/Export_Affaires_OS_20231129_RG-04_Quotid.csv)
11/29/23 02:31:08  [étape]	le fichier SQL a été joué sans erreurs
11/29/23 02:31:08  [étape]	le spool SQL a été formaté (/appli/apache/shell/traitements_OSR/export_quotidien/_tmp/Export_Affaires_OS_20231129_RG-05_Quotid.csv)
11/29/23 02:31:18  [étape]	le fichier SQL a été joué sans erreurs
11/29/23 02:31:20  [étape]	le spool SQL a été formaté (/appli/apache/shell/traitements_OSR/export_quotidien/_tmp/Export_Affaires_OS_20231129_RG-06_Quotid.csv)
11/29/23 02:31:31  [étape]	le fichier SQL a été joué sans erreurs
11/29/23 02:31:33  [étape]	le spool SQL a été formaté (/appli/apache/shell/traitements_OSR/export_quotidien/_tmp/Export_Affaires_OS_20231129_RG-07_Quotid.csv)
11/29/23 02:31:36  [étape]	le fichier SQL a été joué sans erreurs
11/29/23 02:31:36  [étape]	le spool SQL a été formaté (/appli/apache/shell/traitements_OSR/export_quotidien/_tmp/Export_Affaires_OS_20231129_RG-08_Quotid.csv)
11/29/23 02:31:44  [étape]	fichier(s) compressé(s) dans /appli/apache/shell/traitements_OSR/export_quotidien/_tmp/Export_Affaires_OS_20231129.zip
11/29/23 02:31:44  [étape]	Debut de la connexion SFTP
11/29/23 02:31:46  [étape]	Succes du Transfert FTP des fichiers : Export_Affaires_OS_20231129.zip
11/29/23 02:31:46  [étape]	Du repertoire : 
11/29/23 02:31:46  [étape]	Vers le repertoire : /RACCOPILOT/ot
11/29/23 02:31:46  [étape]	Fin du traitement
