11/14/23 02:30:00  [étape]	Ini du traitement
11/14/23 02:30:00  [étape]	Supprime les fichiers de plus de 7 jours 
11/14/23 02:30:00  [étape]	Comprobation d'espace disque
11/14/23 02:30:15  [étape]	le fichier SQL a été joué sans erreurs
11/14/23 02:30:17  [étape]	le spool SQL a été formaté (/appli/apache/shell/traitements_OSR/export_quotidien/_tmp/Export_Affaires_OS_20231114_RG-01_Quotid.csv)
11/14/23 02:30:34  [étape]	le fichier SQL a été joué sans erreurs
11/14/23 02:30:37  [étape]	le spool SQL a été formaté (/appli/apache/shell/traitements_OSR/export_quotidien/_tmp/Export_Affaires_OS_20231114_RG-02_Quotid.csv)
11/14/23 02:30:50  [étape]	le fichier SQL a été joué sans erreurs
11/14/23 02:30:52  [étape]	le spool SQL a été formaté (/appli/apache/shell/traitements_OSR/export_quotidien/_tmp/Export_Affaires_OS_20231114_RG-03_Quotid.csv)
11/14/23 02:31:04  [étape]	le fichier SQL a été joué sans erreurs
11/14/23 02:31:06  [étape]	le spool SQL a été formaté (/appli/apache/shell/traitements_OSR/export_quotidien/_tmp/Export_Affaires_OS_20231114_RG-04_Quotid.csv)
11/14/23 02:31:09  [étape]	le fichier SQL a été joué sans erreurs
11/14/23 02:31:09  [étape]	le spool SQL a été formaté (/appli/apache/shell/traitements_OSR/export_quotidien/_tmp/Export_Affaires_OS_20231114_RG-05_Quotid.csv)
11/14/23 02:31:19  [étape]	le fichier SQL a été joué sans erreurs
11/14/23 02:31:20  [étape]	le spool SQL a été formaté (/appli/apache/shell/traitements_OSR/export_quotidien/_tmp/Export_Affaires_OS_20231114_RG-06_Quotid.csv)
11/14/23 02:31:31  [étape]	le fichier SQL a été joué sans erreurs
11/14/23 02:31:33  [étape]	le spool SQL a été formaté (/appli/apache/shell/traitements_OSR/export_quotidien/_tmp/Export_Affaires_OS_20231114_RG-07_Quotid.csv)
11/14/23 02:31:36  [étape]	le fichier SQL a été joué sans erreurs
11/14/23 02:31:36  [étape]	le spool SQL a été formaté (/appli/apache/shell/traitements_OSR/export_quotidien/_tmp/Export_Affaires_OS_20231114_RG-08_Quotid.csv)
11/14/23 02:31:44  [étape]	fichier(s) compressé(s) dans /appli/apache/shell/traitements_OSR/export_quotidien/_tmp/Export_Affaires_OS_20231114.zip
11/14/23 02:31:44  [étape]	Debut de la connexion SFTP
11/14/23 02:31:46  [étape]	Succes du Transfert FTP des fichiers : Export_Affaires_OS_20231114.zip
11/14/23 02:31:46  [étape]	Du repertoire : 
11/14/23 02:31:46  [étape]	Vers le repertoire : /RACCOPILOT/ot
11/14/23 02:31:46  [étape]	Fin du traitement
