11/24/23 02:30:01  [étape]	Ini du traitement
11/24/23 02:30:01  [étape]	Supprime les fichiers de plus de 7 jours 
11/24/23 02:30:01  [étape]	Comprobation d'espace disque
11/24/23 02:30:16  [étape]	le fichier SQL a été joué sans erreurs
11/24/23 02:30:18  [étape]	le spool SQL a été formaté (/appli/apache/shell/traitements_OSR/export_quotidien/_tmp/Export_Affaires_OS_20231124_RG-01_Quotid.csv)
11/24/23 02:30:35  [étape]	le fichier SQL a été joué sans erreurs
11/24/23 02:30:38  [étape]	le spool SQL a été formaté (/appli/apache/shell/traitements_OSR/export_quotidien/_tmp/Export_Affaires_OS_20231124_RG-02_Quotid.csv)
11/24/23 02:30:51  [étape]	le fichier SQL a été joué sans erreurs
11/24/23 02:30:53  [étape]	le spool SQL a été formaté (/appli/apache/shell/traitements_OSR/export_quotidien/_tmp/Export_Affaires_OS_20231124_RG-03_Quotid.csv)
11/24/23 02:31:04  [étape]	le fichier SQL a été joué sans erreurs
11/24/23 02:31:06  [étape]	le spool SQL a été formaté (/appli/apache/shell/traitements_OSR/export_quotidien/_tmp/Export_Affaires_OS_20231124_RG-04_Quotid.csv)
11/24/23 02:31:09  [étape]	le fichier SQL a été joué sans erreurs
11/24/23 02:31:09  [étape]	le spool SQL a été formaté (/appli/apache/shell/traitements_OSR/export_quotidien/_tmp/Export_Affaires_OS_20231124_RG-05_Quotid.csv)
11/24/23 02:31:18  [étape]	le fichier SQL a été joué sans erreurs
11/24/23 02:31:20  [étape]	le spool SQL a été formaté (/appli/apache/shell/traitements_OSR/export_quotidien/_tmp/Export_Affaires_OS_20231124_RG-06_Quotid.csv)
11/24/23 02:31:31  [étape]	le fichier SQL a été joué sans erreurs
11/24/23 02:31:32  [étape]	le spool SQL a été formaté (/appli/apache/shell/traitements_OSR/export_quotidien/_tmp/Export_Affaires_OS_20231124_RG-07_Quotid.csv)
11/24/23 02:31:36  [étape]	le fichier SQL a été joué sans erreurs
11/24/23 02:31:36  [étape]	le spool SQL a été formaté (/appli/apache/shell/traitements_OSR/export_quotidien/_tmp/Export_Affaires_OS_20231124_RG-08_Quotid.csv)
11/24/23 02:31:44  [étape]	fichier(s) compressé(s) dans /appli/apache/shell/traitements_OSR/export_quotidien/_tmp/Export_Affaires_OS_20231124.zip
11/24/23 02:31:44  [étape]	Debut de la connexion SFTP
11/24/23 02:31:46  [étape]	Succes du Transfert FTP des fichiers : Export_Affaires_OS_20231124.zip
11/24/23 02:31:46  [étape]	Du repertoire : 
11/24/23 02:31:46  [étape]	Vers le repertoire : /RACCOPILOT/ot
11/24/23 02:31:46  [étape]	Fin du traitement
