12/08/23 02:30:01  [étape]	Ini du traitement
12/08/23 02:30:01  [étape]	Supprime les fichiers de plus de 7 jours 
12/08/23 02:30:01  [étape]	Comprobation d'espace disque
12/08/23 02:30:17  [étape]	le fichier SQL a été joué sans erreurs
12/08/23 02:30:19  [étape]	le spool SQL a été formaté (/appli/apache/shell/traitements_OSR/export_quotidien/_tmp/Export_Affaires_OS_20231208_RG-01_Quotid.csv)
12/08/23 02:30:37  [étape]	le fichier SQL a été joué sans erreurs
12/08/23 02:30:40  [étape]	le spool SQL a été formaté (/appli/apache/shell/traitements_OSR/export_quotidien/_tmp/Export_Affaires_OS_20231208_RG-02_Quotid.csv)
12/08/23 02:30:56  [étape]	le fichier SQL a été joué sans erreurs
12/08/23 02:30:57  [étape]	le spool SQL a été formaté (/appli/apache/shell/traitements_OSR/export_quotidien/_tmp/Export_Affaires_OS_20231208_RG-03_Quotid.csv)
12/08/23 02:31:10  [étape]	le fichier SQL a été joué sans erreurs
12/08/23 02:31:12  [étape]	le spool SQL a été formaté (/appli/apache/shell/traitements_OSR/export_quotidien/_tmp/Export_Affaires_OS_20231208_RG-04_Quotid.csv)
12/08/23 02:31:15  [étape]	le fichier SQL a été joué sans erreurs
12/08/23 02:31:15  [étape]	le spool SQL a été formaté (/appli/apache/shell/traitements_OSR/export_quotidien/_tmp/Export_Affaires_OS_20231208_RG-05_Quotid.csv)
12/08/23 02:31:24  [étape]	le fichier SQL a été joué sans erreurs
12/08/23 02:31:26  [étape]	le spool SQL a été formaté (/appli/apache/shell/traitements_OSR/export_quotidien/_tmp/Export_Affaires_OS_20231208_RG-06_Quotid.csv)
12/08/23 02:31:37  [étape]	le fichier SQL a été joué sans erreurs
12/08/23 02:31:39  [étape]	le spool SQL a été formaté (/appli/apache/shell/traitements_OSR/export_quotidien/_tmp/Export_Affaires_OS_20231208_RG-07_Quotid.csv)
12/08/23 02:31:42  [étape]	le fichier SQL a été joué sans erreurs
12/08/23 02:31:42  [étape]	le spool SQL a été formaté (/appli/apache/shell/traitements_OSR/export_quotidien/_tmp/Export_Affaires_OS_20231208_RG-08_Quotid.csv)
12/08/23 02:31:51  [étape]	fichier(s) compressé(s) dans /appli/apache/shell/traitements_OSR/export_quotidien/_tmp/Export_Affaires_OS_20231208.zip
12/08/23 02:31:51  [étape]	Debut de la connexion SFTP
12/08/23 02:31:53  [étape]	Succes du Transfert FTP des fichiers : Export_Affaires_OS_20231208.zip
12/08/23 02:31:53  [étape]	Du repertoire : 
12/08/23 02:31:53  [étape]	Vers le repertoire : /RACCOPILOT/ot
12/08/23 02:31:53  [étape]	Fin du traitement
