10/29/23 02:30:00  [étape]	Ini du traitement
10/29/23 02:30:00  [étape]	Supprime les fichiers de plus de 7 jours 
10/29/23 02:30:00  [étape]	Comprobation d'espace disque
10/29/23 02:30:15  [étape]	le fichier SQL a été joué sans erreurs
10/29/23 02:30:17  [étape]	le spool SQL a été formaté (/appli/apache/shell/traitements_OSR/export_quotidien/_tmp/Export_Affaires_OS_20231029_RG-01_Quotid.csv)
10/29/23 02:30:33  [étape]	le fichier SQL a été joué sans erreurs
10/29/23 02:30:36  [étape]	le spool SQL a été formaté (/appli/apache/shell/traitements_OSR/export_quotidien/_tmp/Export_Affaires_OS_20231029_RG-02_Quotid.csv)
10/29/23 02:30:50  [étape]	le fichier SQL a été joué sans erreurs
10/29/23 02:30:52  [étape]	le spool SQL a été formaté (/appli/apache/shell/traitements_OSR/export_quotidien/_tmp/Export_Affaires_OS_20231029_RG-03_Quotid.csv)
10/29/23 02:31:04  [étape]	le fichier SQL a été joué sans erreurs
10/29/23 02:31:07  [étape]	le spool SQL a été formaté (/appli/apache/shell/traitements_OSR/export_quotidien/_tmp/Export_Affaires_OS_20231029_RG-04_Quotid.csv)
10/29/23 02:31:10  [étape]	le fichier SQL a été joué sans erreurs
10/29/23 02:31:10  [étape]	le spool SQL a été formaté (/appli/apache/shell/traitements_OSR/export_quotidien/_tmp/Export_Affaires_OS_20231029_RG-05_Quotid.csv)
10/29/23 02:31:19  [étape]	le fichier SQL a été joué sans erreurs
10/29/23 02:31:20  [étape]	le spool SQL a été formaté (/appli/apache/shell/traitements_OSR/export_quotidien/_tmp/Export_Affaires_OS_20231029_RG-06_Quotid.csv)
10/29/23 02:31:32  [étape]	le fichier SQL a été joué sans erreurs
10/29/23 02:31:34  [étape]	le spool SQL a été formaté (/appli/apache/shell/traitements_OSR/export_quotidien/_tmp/Export_Affaires_OS_20231029_RG-07_Quotid.csv)
10/29/23 02:31:37  [étape]	le fichier SQL a été joué sans erreurs
10/29/23 02:31:37  [étape]	le spool SQL a été formaté (/appli/apache/shell/traitements_OSR/export_quotidien/_tmp/Export_Affaires_OS_20231029_RG-08_Quotid.csv)
10/29/23 02:31:46  [étape]	fichier(s) compressé(s) dans /appli/apache/shell/traitements_OSR/export_quotidien/_tmp/Export_Affaires_OS_20231029.zip
10/29/23 02:31:46  [étape]	Debut de la connexion SFTP
10/29/23 02:31:48  [étape]	Succes du Transfert FTP des fichiers : Export_Affaires_OS_20231029.zip
10/29/23 02:31:48  [étape]	Du repertoire : 
10/29/23 02:31:48  [étape]	Vers le repertoire : /RACCOPILOT/ot
10/29/23 02:31:48  [étape]	Fin du traitement
