12/07/23 02:30:01  [étape]	Ini du traitement
12/07/23 02:30:01  [étape]	Supprime les fichiers de plus de 7 jours 
12/07/23 02:30:01  [étape]	Comprobation d'espace disque
12/07/23 02:30:15  [étape]	le fichier SQL a été joué sans erreurs
12/07/23 02:30:18  [étape]	le spool SQL a été formaté (/appli/apache/shell/traitements_OSR/export_quotidien/_tmp/Export_Affaires_OS_20231207_RG-01_Quotid.csv)
12/07/23 02:30:34  [étape]	le fichier SQL a été joué sans erreurs
12/07/23 02:30:38  [étape]	le spool SQL a été formaté (/appli/apache/shell/traitements_OSR/export_quotidien/_tmp/Export_Affaires_OS_20231207_RG-02_Quotid.csv)
12/07/23 02:30:51  [étape]	le fichier SQL a été joué sans erreurs
12/07/23 02:30:53  [étape]	le spool SQL a été formaté (/appli/apache/shell/traitements_OSR/export_quotidien/_tmp/Export_Affaires_OS_20231207_RG-03_Quotid.csv)
12/07/23 02:31:05  [étape]	le fichier SQL a été joué sans erreurs
12/07/23 02:31:07  [étape]	le spool SQL a été formaté (/appli/apache/shell/traitements_OSR/export_quotidien/_tmp/Export_Affaires_OS_20231207_RG-04_Quotid.csv)
12/07/23 02:31:10  [étape]	le fichier SQL a été joué sans erreurs
12/07/23 02:31:10  [étape]	le spool SQL a été formaté (/appli/apache/shell/traitements_OSR/export_quotidien/_tmp/Export_Affaires_OS_20231207_RG-05_Quotid.csv)
12/07/23 02:31:21  [étape]	le fichier SQL a été joué sans erreurs
12/07/23 02:31:23  [étape]	le spool SQL a été formaté (/appli/apache/shell/traitements_OSR/export_quotidien/_tmp/Export_Affaires_OS_20231207_RG-06_Quotid.csv)
12/07/23 02:31:33  [étape]	le fichier SQL a été joué sans erreurs
12/07/23 02:31:35  [étape]	le spool SQL a été formaté (/appli/apache/shell/traitements_OSR/export_quotidien/_tmp/Export_Affaires_OS_20231207_RG-07_Quotid.csv)
12/07/23 02:31:39  [étape]	le fichier SQL a été joué sans erreurs
12/07/23 02:31:39  [étape]	le spool SQL a été formaté (/appli/apache/shell/traitements_OSR/export_quotidien/_tmp/Export_Affaires_OS_20231207_RG-08_Quotid.csv)
12/07/23 02:31:47  [étape]	fichier(s) compressé(s) dans /appli/apache/shell/traitements_OSR/export_quotidien/_tmp/Export_Affaires_OS_20231207.zip
12/07/23 02:31:47  [étape]	Debut de la connexion SFTP
12/07/23 02:31:49  [étape]	Succes du Transfert FTP des fichiers : Export_Affaires_OS_20231207.zip
12/07/23 02:31:49  [étape]	Du repertoire : 
12/07/23 02:31:49  [étape]	Vers le repertoire : /RACCOPILOT/ot
12/07/23 02:31:49  [étape]	Fin du traitement
