10/30/23 02:30:00  [étape]	Ini du traitement
10/30/23 02:30:00  [étape]	Supprime les fichiers de plus de 7 jours 
10/30/23 02:30:00  [étape]	Comprobation d'espace disque
10/30/23 02:30:14  [étape]	le fichier SQL a été joué sans erreurs
10/30/23 02:30:16  [étape]	le spool SQL a été formaté (/appli/apache/shell/traitements_OSR/export_quotidien/_tmp/Export_Affaires_OS_20231030_RG-01_Quotid.csv)
10/30/23 02:30:34  [étape]	le fichier SQL a été joué sans erreurs
10/30/23 02:30:38  [étape]	le spool SQL a été formaté (/appli/apache/shell/traitements_OSR/export_quotidien/_tmp/Export_Affaires_OS_20231030_RG-02_Quotid.csv)
10/30/23 02:30:55  [étape]	le fichier SQL a été joué sans erreurs
10/30/23 02:30:57  [étape]	le spool SQL a été formaté (/appli/apache/shell/traitements_OSR/export_quotidien/_tmp/Export_Affaires_OS_20231030_RG-03_Quotid.csv)
10/30/23 02:31:11  [étape]	le fichier SQL a été joué sans erreurs
10/30/23 02:31:13  [étape]	le spool SQL a été formaté (/appli/apache/shell/traitements_OSR/export_quotidien/_tmp/Export_Affaires_OS_20231030_RG-04_Quotid.csv)
10/30/23 02:31:17  [étape]	le fichier SQL a été joué sans erreurs
10/30/23 02:31:17  [étape]	le spool SQL a été formaté (/appli/apache/shell/traitements_OSR/export_quotidien/_tmp/Export_Affaires_OS_20231030_RG-05_Quotid.csv)
10/30/23 02:31:26  [étape]	le fichier SQL a été joué sans erreurs
10/30/23 02:31:28  [étape]	le spool SQL a été formaté (/appli/apache/shell/traitements_OSR/export_quotidien/_tmp/Export_Affaires_OS_20231030_RG-06_Quotid.csv)
10/30/23 02:31:39  [étape]	le fichier SQL a été joué sans erreurs
10/30/23 02:31:41  [étape]	le spool SQL a été formaté (/appli/apache/shell/traitements_OSR/export_quotidien/_tmp/Export_Affaires_OS_20231030_RG-07_Quotid.csv)
10/30/23 02:31:44  [étape]	le fichier SQL a été joué sans erreurs
10/30/23 02:31:44  [étape]	le spool SQL a été formaté (/appli/apache/shell/traitements_OSR/export_quotidien/_tmp/Export_Affaires_OS_20231030_RG-08_Quotid.csv)
10/30/23 02:31:53  [étape]	fichier(s) compressé(s) dans /appli/apache/shell/traitements_OSR/export_quotidien/_tmp/Export_Affaires_OS_20231030.zip
10/30/23 02:31:53  [étape]	Debut de la connexion SFTP
10/30/23 02:31:55  [étape]	Succes du Transfert FTP des fichiers : Export_Affaires_OS_20231030.zip
10/30/23 02:31:55  [étape]	Du repertoire : 
10/30/23 02:31:55  [étape]	Vers le repertoire : /RACCOPILOT/ot
10/30/23 02:31:55  [étape]	Fin du traitement
