11/11/23 02:30:01  [étape]	Ini du traitement
11/11/23 02:30:01  [étape]	Supprime les fichiers de plus de 7 jours 
11/11/23 02:30:01  [étape]	Comprobation d'espace disque
11/11/23 02:30:15  [étape]	le fichier SQL a été joué sans erreurs
11/11/23 02:30:17  [étape]	le spool SQL a été formaté (/appli/apache/shell/traitements_OSR/export_quotidien/_tmp/Export_Affaires_OS_20231111_RG-01_Quotid.csv)
11/11/23 02:30:32  [étape]	le fichier SQL a été joué sans erreurs
11/11/23 02:30:35  [étape]	le spool SQL a été formaté (/appli/apache/shell/traitements_OSR/export_quotidien/_tmp/Export_Affaires_OS_20231111_RG-02_Quotid.csv)
11/11/23 02:30:47  [étape]	le fichier SQL a été joué sans erreurs
11/11/23 02:30:49  [étape]	le spool SQL a été formaté (/appli/apache/shell/traitements_OSR/export_quotidien/_tmp/Export_Affaires_OS_20231111_RG-03_Quotid.csv)
11/11/23 02:31:01  [étape]	le fichier SQL a été joué sans erreurs
11/11/23 02:31:03  [étape]	le spool SQL a été formaté (/appli/apache/shell/traitements_OSR/export_quotidien/_tmp/Export_Affaires_OS_20231111_RG-04_Quotid.csv)
11/11/23 02:31:06  [étape]	le fichier SQL a été joué sans erreurs
11/11/23 02:31:06  [étape]	le spool SQL a été formaté (/appli/apache/shell/traitements_OSR/export_quotidien/_tmp/Export_Affaires_OS_20231111_RG-05_Quotid.csv)
11/11/23 02:31:15  [étape]	le fichier SQL a été joué sans erreurs
11/11/23 02:31:16  [étape]	le spool SQL a été formaté (/appli/apache/shell/traitements_OSR/export_quotidien/_tmp/Export_Affaires_OS_20231111_RG-06_Quotid.csv)
11/11/23 02:31:27  [étape]	le fichier SQL a été joué sans erreurs
11/11/23 02:31:29  [étape]	le spool SQL a été formaté (/appli/apache/shell/traitements_OSR/export_quotidien/_tmp/Export_Affaires_OS_20231111_RG-07_Quotid.csv)
11/11/23 02:31:32  [étape]	le fichier SQL a été joué sans erreurs
11/11/23 02:31:32  [étape]	le spool SQL a été formaté (/appli/apache/shell/traitements_OSR/export_quotidien/_tmp/Export_Affaires_OS_20231111_RG-08_Quotid.csv)
11/11/23 02:31:40  [étape]	fichier(s) compressé(s) dans /appli/apache/shell/traitements_OSR/export_quotidien/_tmp/Export_Affaires_OS_20231111.zip
11/11/23 02:31:40  [étape]	Debut de la connexion SFTP
11/11/23 02:31:42  [étape]	Succes du Transfert FTP des fichiers : Export_Affaires_OS_20231111.zip
11/11/23 02:31:42  [étape]	Du repertoire : 
11/11/23 02:31:42  [étape]	Vers le repertoire : /RACCOPILOT/ot
11/11/23 02:31:42  [étape]	Fin du traitement
