10/25/23 02:30:00  [étape]	Ini du traitement
10/25/23 02:30:00  [étape]	Supprime les fichiers de plus de 7 jours 
10/25/23 02:30:00  [étape]	Comprobation d'espace disque
10/25/23 02:30:14  [étape]	le fichier SQL a été joué sans erreurs
10/25/23 02:30:16  [étape]	le spool SQL a été formaté (/appli/apache/shell/traitements_OSR/export_quotidien/_tmp/Export_Affaires_OS_20231025_RG-01_Quotid.csv)
10/25/23 02:30:33  [étape]	le fichier SQL a été joué sans erreurs
10/25/23 02:30:36  [étape]	le spool SQL a été formaté (/appli/apache/shell/traitements_OSR/export_quotidien/_tmp/Export_Affaires_OS_20231025_RG-02_Quotid.csv)
10/25/23 02:30:50  [étape]	le fichier SQL a été joué sans erreurs
10/25/23 02:30:52  [étape]	le spool SQL a été formaté (/appli/apache/shell/traitements_OSR/export_quotidien/_tmp/Export_Affaires_OS_20231025_RG-03_Quotid.csv)
10/25/23 02:31:06  [étape]	le fichier SQL a été joué sans erreurs
10/25/23 02:31:08  [étape]	le spool SQL a été formaté (/appli/apache/shell/traitements_OSR/export_quotidien/_tmp/Export_Affaires_OS_20231025_RG-04_Quotid.csv)
10/25/23 02:31:11  [étape]	le fichier SQL a été joué sans erreurs
10/25/23 02:31:11  [étape]	le spool SQL a été formaté (/appli/apache/shell/traitements_OSR/export_quotidien/_tmp/Export_Affaires_OS_20231025_RG-05_Quotid.csv)
10/25/23 02:31:21  [étape]	le fichier SQL a été joué sans erreurs
10/25/23 02:31:22  [étape]	le spool SQL a été formaté (/appli/apache/shell/traitements_OSR/export_quotidien/_tmp/Export_Affaires_OS_20231025_RG-06_Quotid.csv)
10/25/23 02:31:34  [étape]	le fichier SQL a été joué sans erreurs
10/25/23 02:31:36  [étape]	le spool SQL a été formaté (/appli/apache/shell/traitements_OSR/export_quotidien/_tmp/Export_Affaires_OS_20231025_RG-07_Quotid.csv)
10/25/23 02:31:39  [étape]	le fichier SQL a été joué sans erreurs
10/25/23 02:31:39  [étape]	le spool SQL a été formaté (/appli/apache/shell/traitements_OSR/export_quotidien/_tmp/Export_Affaires_OS_20231025_RG-08_Quotid.csv)
10/25/23 02:31:48  [étape]	fichier(s) compressé(s) dans /appli/apache/shell/traitements_OSR/export_quotidien/_tmp/Export_Affaires_OS_20231025.zip
10/25/23 02:31:48  [étape]	Debut de la connexion SFTP
10/25/23 02:31:50  [étape]	Succes du Transfert FTP des fichiers : Export_Affaires_OS_20231025.zip
10/25/23 02:31:50  [étape]	Du repertoire : 
10/25/23 02:31:50  [étape]	Vers le repertoire : /RACCOPILOT/ot
10/25/23 02:31:50  [étape]	Fin du traitement
