12/17/23 02:30:01  [étape]	Ini du traitement
12/17/23 02:30:01  [étape]	Supprime les fichiers de plus de 7 jours 
12/17/23 02:30:01  [étape]	Comprobation d'espace disque
12/17/23 02:30:14  [étape]	le fichier SQL a été joué sans erreurs
12/17/23 02:30:16  [étape]	le spool SQL a été formaté (/appli/apache/shell/traitements_OSR/export_quotidien/_tmp/Export_Affaires_OS_20231217_RG-01_Quotid.csv)
12/17/23 02:30:33  [étape]	le fichier SQL a été joué sans erreurs
12/17/23 02:30:36  [étape]	le spool SQL a été formaté (/appli/apache/shell/traitements_OSR/export_quotidien/_tmp/Export_Affaires_OS_20231217_RG-02_Quotid.csv)
12/17/23 02:30:48  [étape]	le fichier SQL a été joué sans erreurs
12/17/23 02:30:50  [étape]	le spool SQL a été formaté (/appli/apache/shell/traitements_OSR/export_quotidien/_tmp/Export_Affaires_OS_20231217_RG-03_Quotid.csv)
12/17/23 02:31:02  [étape]	le fichier SQL a été joué sans erreurs
12/17/23 02:31:04  [étape]	le spool SQL a été formaté (/appli/apache/shell/traitements_OSR/export_quotidien/_tmp/Export_Affaires_OS_20231217_RG-04_Quotid.csv)
12/17/23 02:31:07  [étape]	le fichier SQL a été joué sans erreurs
12/17/23 02:31:07  [étape]	le spool SQL a été formaté (/appli/apache/shell/traitements_OSR/export_quotidien/_tmp/Export_Affaires_OS_20231217_RG-05_Quotid.csv)
12/17/23 02:31:16  [étape]	le fichier SQL a été joué sans erreurs
12/17/23 02:31:17  [étape]	le spool SQL a été formaté (/appli/apache/shell/traitements_OSR/export_quotidien/_tmp/Export_Affaires_OS_20231217_RG-06_Quotid.csv)
12/17/23 02:31:28  [étape]	le fichier SQL a été joué sans erreurs
12/17/23 02:31:30  [étape]	le spool SQL a été formaté (/appli/apache/shell/traitements_OSR/export_quotidien/_tmp/Export_Affaires_OS_20231217_RG-07_Quotid.csv)
12/17/23 02:31:33  [étape]	le fichier SQL a été joué sans erreurs
12/17/23 02:31:33  [étape]	le spool SQL a été formaté (/appli/apache/shell/traitements_OSR/export_quotidien/_tmp/Export_Affaires_OS_20231217_RG-08_Quotid.csv)
12/17/23 02:31:42  [étape]	fichier(s) compressé(s) dans /appli/apache/shell/traitements_OSR/export_quotidien/_tmp/Export_Affaires_OS_20231217.zip
12/17/23 02:31:42  [étape]	Debut de la connexion SFTP
12/17/23 02:31:44  [étape]	Succes du Transfert FTP des fichiers : Export_Affaires_OS_20231217.zip
12/17/23 02:31:44  [étape]	Du repertoire : 
12/17/23 02:31:44  [étape]	Vers le repertoire : /RACCOPILOT/ot
12/17/23 02:31:44  [étape]	Fin du traitement
