11/18/23 02:30:00  [étape]	Ini du traitement
11/18/23 02:30:00  [étape]	Supprime les fichiers de plus de 7 jours 
11/18/23 02:30:00  [étape]	Comprobation d'espace disque
11/18/23 02:30:14  [étape]	le fichier SQL a été joué sans erreurs
11/18/23 02:30:17  [étape]	le spool SQL a été formaté (/appli/apache/shell/traitements_OSR/export_quotidien/_tmp/Export_Affaires_OS_20231118_RG-01_Quotid.csv)
11/18/23 02:30:35  [étape]	le fichier SQL a été joué sans erreurs
11/18/23 02:30:38  [étape]	le spool SQL a été formaté (/appli/apache/shell/traitements_OSR/export_quotidien/_tmp/Export_Affaires_OS_20231118_RG-02_Quotid.csv)
11/18/23 02:30:52  [étape]	le fichier SQL a été joué sans erreurs
11/18/23 02:30:54  [étape]	le spool SQL a été formaté (/appli/apache/shell/traitements_OSR/export_quotidien/_tmp/Export_Affaires_OS_20231118_RG-03_Quotid.csv)
11/18/23 02:31:07  [étape]	le fichier SQL a été joué sans erreurs
11/18/23 02:31:09  [étape]	le spool SQL a été formaté (/appli/apache/shell/traitements_OSR/export_quotidien/_tmp/Export_Affaires_OS_20231118_RG-04_Quotid.csv)
11/18/23 02:31:12  [étape]	le fichier SQL a été joué sans erreurs
11/18/23 02:31:12  [étape]	le spool SQL a été formaté (/appli/apache/shell/traitements_OSR/export_quotidien/_tmp/Export_Affaires_OS_20231118_RG-05_Quotid.csv)
11/18/23 02:31:22  [étape]	le fichier SQL a été joué sans erreurs
11/18/23 02:31:24  [étape]	le spool SQL a été formaté (/appli/apache/shell/traitements_OSR/export_quotidien/_tmp/Export_Affaires_OS_20231118_RG-06_Quotid.csv)
11/18/23 02:31:36  [étape]	le fichier SQL a été joué sans erreurs
11/18/23 02:31:38  [étape]	le spool SQL a été formaté (/appli/apache/shell/traitements_OSR/export_quotidien/_tmp/Export_Affaires_OS_20231118_RG-07_Quotid.csv)
11/18/23 02:31:41  [étape]	le fichier SQL a été joué sans erreurs
11/18/23 02:31:41  [étape]	le spool SQL a été formaté (/appli/apache/shell/traitements_OSR/export_quotidien/_tmp/Export_Affaires_OS_20231118_RG-08_Quotid.csv)
11/18/23 02:31:49  [étape]	fichier(s) compressé(s) dans /appli/apache/shell/traitements_OSR/export_quotidien/_tmp/Export_Affaires_OS_20231118.zip
11/18/23 02:31:49  [étape]	Debut de la connexion SFTP
11/18/23 02:31:51  [étape]	Succes du Transfert FTP des fichiers : Export_Affaires_OS_20231118.zip
11/18/23 02:31:51  [étape]	Du repertoire : 
11/18/23 02:31:51  [étape]	Vers le repertoire : /RACCOPILOT/ot
11/18/23 02:31:51  [étape]	Fin du traitement
