11/07/23 02:30:01  [étape]	Ini du traitement
11/07/23 02:30:01  [étape]	Supprime les fichiers de plus de 7 jours 
11/07/23 02:30:01  [étape]	Comprobation d'espace disque
11/07/23 02:30:16  [étape]	le fichier SQL a été joué sans erreurs
11/07/23 02:30:18  [étape]	le spool SQL a été formaté (/appli/apache/shell/traitements_OSR/export_quotidien/_tmp/Export_Affaires_OS_20231107_RG-01_Quotid.csv)
11/07/23 02:30:37  [étape]	le fichier SQL a été joué sans erreurs
11/07/23 02:30:40  [étape]	le spool SQL a été formaté (/appli/apache/shell/traitements_OSR/export_quotidien/_tmp/Export_Affaires_OS_20231107_RG-02_Quotid.csv)
11/07/23 02:30:54  [étape]	le fichier SQL a été joué sans erreurs
11/07/23 02:30:56  [étape]	le spool SQL a été formaté (/appli/apache/shell/traitements_OSR/export_quotidien/_tmp/Export_Affaires_OS_20231107_RG-03_Quotid.csv)
11/07/23 02:31:11  [étape]	le fichier SQL a été joué sans erreurs
11/07/23 02:31:13  [étape]	le spool SQL a été formaté (/appli/apache/shell/traitements_OSR/export_quotidien/_tmp/Export_Affaires_OS_20231107_RG-04_Quotid.csv)
11/07/23 02:31:16  [étape]	le fichier SQL a été joué sans erreurs
11/07/23 02:31:16  [étape]	le spool SQL a été formaté (/appli/apache/shell/traitements_OSR/export_quotidien/_tmp/Export_Affaires_OS_20231107_RG-05_Quotid.csv)
11/07/23 02:31:26  [étape]	le fichier SQL a été joué sans erreurs
11/07/23 02:31:28  [étape]	le spool SQL a été formaté (/appli/apache/shell/traitements_OSR/export_quotidien/_tmp/Export_Affaires_OS_20231107_RG-06_Quotid.csv)
11/07/23 02:31:40  [étape]	le fichier SQL a été joué sans erreurs
11/07/23 02:31:42  [étape]	le spool SQL a été formaté (/appli/apache/shell/traitements_OSR/export_quotidien/_tmp/Export_Affaires_OS_20231107_RG-07_Quotid.csv)
11/07/23 02:31:46  [étape]	le fichier SQL a été joué sans erreurs
11/07/23 02:31:46  [étape]	le spool SQL a été formaté (/appli/apache/shell/traitements_OSR/export_quotidien/_tmp/Export_Affaires_OS_20231107_RG-08_Quotid.csv)
11/07/23 02:31:54  [étape]	fichier(s) compressé(s) dans /appli/apache/shell/traitements_OSR/export_quotidien/_tmp/Export_Affaires_OS_20231107.zip
11/07/23 02:31:54  [étape]	Debut de la connexion SFTP
11/07/23 02:31:56  [étape]	Succes du Transfert FTP des fichiers : Export_Affaires_OS_20231107.zip
11/07/23 02:31:56  [étape]	Du repertoire : 
11/07/23 02:31:56  [étape]	Vers le repertoire : /RACCOPILOT/ot
11/07/23 02:31:56  [étape]	Fin du traitement
