11/17/23 02:30:00  [étape]	Ini du traitement
11/17/23 02:30:00  [étape]	Supprime les fichiers de plus de 7 jours 
11/17/23 02:30:00  [étape]	Comprobation d'espace disque
11/17/23 02:30:15  [étape]	le fichier SQL a été joué sans erreurs
11/17/23 02:30:17  [étape]	le spool SQL a été formaté (/appli/apache/shell/traitements_OSR/export_quotidien/_tmp/Export_Affaires_OS_20231117_RG-01_Quotid.csv)
11/17/23 02:30:34  [étape]	le fichier SQL a été joué sans erreurs
11/17/23 02:30:37  [étape]	le spool SQL a été formaté (/appli/apache/shell/traitements_OSR/export_quotidien/_tmp/Export_Affaires_OS_20231117_RG-02_Quotid.csv)
11/17/23 02:30:51  [étape]	le fichier SQL a été joué sans erreurs
11/17/23 02:30:53  [étape]	le spool SQL a été formaté (/appli/apache/shell/traitements_OSR/export_quotidien/_tmp/Export_Affaires_OS_20231117_RG-03_Quotid.csv)
11/17/23 02:31:05  [étape]	le fichier SQL a été joué sans erreurs
11/17/23 02:31:07  [étape]	le spool SQL a été formaté (/appli/apache/shell/traitements_OSR/export_quotidien/_tmp/Export_Affaires_OS_20231117_RG-04_Quotid.csv)
11/17/23 02:31:10  [étape]	le fichier SQL a été joué sans erreurs
11/17/23 02:31:10  [étape]	le spool SQL a été formaté (/appli/apache/shell/traitements_OSR/export_quotidien/_tmp/Export_Affaires_OS_20231117_RG-05_Quotid.csv)
11/17/23 02:31:20  [étape]	le fichier SQL a été joué sans erreurs
11/17/23 02:31:22  [étape]	le spool SQL a été formaté (/appli/apache/shell/traitements_OSR/export_quotidien/_tmp/Export_Affaires_OS_20231117_RG-06_Quotid.csv)
11/17/23 02:31:33  [étape]	le fichier SQL a été joué sans erreurs
11/17/23 02:31:35  [étape]	le spool SQL a été formaté (/appli/apache/shell/traitements_OSR/export_quotidien/_tmp/Export_Affaires_OS_20231117_RG-07_Quotid.csv)
11/17/23 02:31:39  [étape]	le fichier SQL a été joué sans erreurs
11/17/23 02:31:39  [étape]	le spool SQL a été formaté (/appli/apache/shell/traitements_OSR/export_quotidien/_tmp/Export_Affaires_OS_20231117_RG-08_Quotid.csv)
11/17/23 02:31:47  [étape]	fichier(s) compressé(s) dans /appli/apache/shell/traitements_OSR/export_quotidien/_tmp/Export_Affaires_OS_20231117.zip
11/17/23 02:31:47  [étape]	Debut de la connexion SFTP
11/17/23 02:31:49  [étape]	Succes du Transfert FTP des fichiers : Export_Affaires_OS_20231117.zip
11/17/23 02:31:49  [étape]	Du repertoire : 
11/17/23 02:31:49  [étape]	Vers le repertoire : /RACCOPILOT/ot
11/17/23 02:31:49  [étape]	Fin du traitement
