11/23/23 02:30:01  [étape]	Ini du traitement
11/23/23 02:30:01  [étape]	Supprime les fichiers de plus de 7 jours 
11/23/23 02:30:01  [étape]	Comprobation d'espace disque
11/23/23 02:30:14  [étape]	le fichier SQL a été joué sans erreurs
11/23/23 02:30:16  [étape]	le spool SQL a été formaté (/appli/apache/shell/traitements_OSR/export_quotidien/_tmp/Export_Affaires_OS_20231123_RG-01_Quotid.csv)
11/23/23 02:30:32  [étape]	le fichier SQL a été joué sans erreurs
11/23/23 02:30:35  [étape]	le spool SQL a été formaté (/appli/apache/shell/traitements_OSR/export_quotidien/_tmp/Export_Affaires_OS_20231123_RG-02_Quotid.csv)
11/23/23 02:30:48  [étape]	le fichier SQL a été joué sans erreurs
11/23/23 02:30:50  [étape]	le spool SQL a été formaté (/appli/apache/shell/traitements_OSR/export_quotidien/_tmp/Export_Affaires_OS_20231123_RG-03_Quotid.csv)
11/23/23 02:31:02  [étape]	le fichier SQL a été joué sans erreurs
11/23/23 02:31:04  [étape]	le spool SQL a été formaté (/appli/apache/shell/traitements_OSR/export_quotidien/_tmp/Export_Affaires_OS_20231123_RG-04_Quotid.csv)
11/23/23 02:31:07  [étape]	le fichier SQL a été joué sans erreurs
11/23/23 02:31:07  [étape]	le spool SQL a été formaté (/appli/apache/shell/traitements_OSR/export_quotidien/_tmp/Export_Affaires_OS_20231123_RG-05_Quotid.csv)
11/23/23 02:31:16  [étape]	le fichier SQL a été joué sans erreurs
11/23/23 02:31:18  [étape]	le spool SQL a été formaté (/appli/apache/shell/traitements_OSR/export_quotidien/_tmp/Export_Affaires_OS_20231123_RG-06_Quotid.csv)
11/23/23 02:31:29  [étape]	le fichier SQL a été joué sans erreurs
11/23/23 02:31:31  [étape]	le spool SQL a été formaté (/appli/apache/shell/traitements_OSR/export_quotidien/_tmp/Export_Affaires_OS_20231123_RG-07_Quotid.csv)
11/23/23 02:31:34  [étape]	le fichier SQL a été joué sans erreurs
11/23/23 02:31:34  [étape]	le spool SQL a été formaté (/appli/apache/shell/traitements_OSR/export_quotidien/_tmp/Export_Affaires_OS_20231123_RG-08_Quotid.csv)
11/23/23 02:31:43  [étape]	fichier(s) compressé(s) dans /appli/apache/shell/traitements_OSR/export_quotidien/_tmp/Export_Affaires_OS_20231123.zip
11/23/23 02:31:43  [étape]	Debut de la connexion SFTP
11/23/23 02:31:45  [étape]	Succes du Transfert FTP des fichiers : Export_Affaires_OS_20231123.zip
11/23/23 02:31:45  [étape]	Du repertoire : 
11/23/23 02:31:45  [étape]	Vers le repertoire : /RACCOPILOT/ot
11/23/23 02:31:45  [étape]	Fin du traitement
