12/04/23 02:30:00  [étape]	Ini du traitement
12/04/23 02:30:00  [étape]	Supprime les fichiers de plus de 7 jours 
12/04/23 02:30:00  [étape]	Comprobation d'espace disque
12/04/23 02:30:14  [étape]	le fichier SQL a été joué sans erreurs
12/04/23 02:30:16  [étape]	le spool SQL a été formaté (/appli/apache/shell/traitements_OSR/export_quotidien/_tmp/Export_Affaires_OS_20231204_RG-01_Quotid.csv)
12/04/23 02:30:31  [étape]	le fichier SQL a été joué sans erreurs
12/04/23 02:30:34  [étape]	le spool SQL a été formaté (/appli/apache/shell/traitements_OSR/export_quotidien/_tmp/Export_Affaires_OS_20231204_RG-02_Quotid.csv)
12/04/23 02:30:48  [étape]	le fichier SQL a été joué sans erreurs
12/04/23 02:30:50  [étape]	le spool SQL a été formaté (/appli/apache/shell/traitements_OSR/export_quotidien/_tmp/Export_Affaires_OS_20231204_RG-03_Quotid.csv)
12/04/23 02:31:01  [étape]	le fichier SQL a été joué sans erreurs
12/04/23 02:31:03  [étape]	le spool SQL a été formaté (/appli/apache/shell/traitements_OSR/export_quotidien/_tmp/Export_Affaires_OS_20231204_RG-04_Quotid.csv)
12/04/23 02:31:06  [étape]	le fichier SQL a été joué sans erreurs
12/04/23 02:31:06  [étape]	le spool SQL a été formaté (/appli/apache/shell/traitements_OSR/export_quotidien/_tmp/Export_Affaires_OS_20231204_RG-05_Quotid.csv)
12/04/23 02:31:16  [étape]	le fichier SQL a été joué sans erreurs
12/04/23 02:31:17  [étape]	le spool SQL a été formaté (/appli/apache/shell/traitements_OSR/export_quotidien/_tmp/Export_Affaires_OS_20231204_RG-06_Quotid.csv)
12/04/23 02:31:28  [étape]	le fichier SQL a été joué sans erreurs
12/04/23 02:31:30  [étape]	le spool SQL a été formaté (/appli/apache/shell/traitements_OSR/export_quotidien/_tmp/Export_Affaires_OS_20231204_RG-07_Quotid.csv)
12/04/23 02:31:33  [étape]	le fichier SQL a été joué sans erreurs
12/04/23 02:31:33  [étape]	le spool SQL a été formaté (/appli/apache/shell/traitements_OSR/export_quotidien/_tmp/Export_Affaires_OS_20231204_RG-08_Quotid.csv)
12/04/23 02:31:41  [étape]	fichier(s) compressé(s) dans /appli/apache/shell/traitements_OSR/export_quotidien/_tmp/Export_Affaires_OS_20231204.zip
12/04/23 02:31:41  [étape]	Debut de la connexion SFTP
12/04/23 02:31:43  [étape]	Succes du Transfert FTP des fichiers : Export_Affaires_OS_20231204.zip
12/04/23 02:31:43  [étape]	Du repertoire : 
12/04/23 02:31:43  [étape]	Vers le repertoire : /RACCOPILOT/ot
12/04/23 02:31:43  [étape]	Fin du traitement
