10/24/23 02:30:01  [étape]	Ini du traitement
10/24/23 02:30:01  [étape]	Supprime les fichiers de plus de 7 jours 
10/24/23 02:30:01  [étape]	Comprobation d'espace disque
10/24/23 02:30:17  [étape]	le fichier SQL a été joué sans erreurs
10/24/23 02:30:19  [étape]	le spool SQL a été formaté (/appli/apache/shell/traitements_OSR/export_quotidien/_tmp/Export_Affaires_OS_20231024_RG-01_Quotid.csv)
10/24/23 02:30:36  [étape]	le fichier SQL a été joué sans erreurs
10/24/23 02:30:39  [étape]	le spool SQL a été formaté (/appli/apache/shell/traitements_OSR/export_quotidien/_tmp/Export_Affaires_OS_20231024_RG-02_Quotid.csv)
10/24/23 02:30:54  [étape]	le fichier SQL a été joué sans erreurs
10/24/23 02:30:55  [étape]	le spool SQL a été formaté (/appli/apache/shell/traitements_OSR/export_quotidien/_tmp/Export_Affaires_OS_20231024_RG-03_Quotid.csv)
10/24/23 02:31:08  [étape]	le fichier SQL a été joué sans erreurs
10/24/23 02:31:10  [étape]	le spool SQL a été formaté (/appli/apache/shell/traitements_OSR/export_quotidien/_tmp/Export_Affaires_OS_20231024_RG-04_Quotid.csv)
10/24/23 02:31:13  [étape]	le fichier SQL a été joué sans erreurs
10/24/23 02:31:13  [étape]	le spool SQL a été formaté (/appli/apache/shell/traitements_OSR/export_quotidien/_tmp/Export_Affaires_OS_20231024_RG-05_Quotid.csv)
10/24/23 02:31:22  [étape]	le fichier SQL a été joué sans erreurs
10/24/23 02:31:24  [étape]	le spool SQL a été formaté (/appli/apache/shell/traitements_OSR/export_quotidien/_tmp/Export_Affaires_OS_20231024_RG-06_Quotid.csv)
10/24/23 02:31:35  [étape]	le fichier SQL a été joué sans erreurs
10/24/23 02:31:37  [étape]	le spool SQL a été formaté (/appli/apache/shell/traitements_OSR/export_quotidien/_tmp/Export_Affaires_OS_20231024_RG-07_Quotid.csv)
10/24/23 02:31:41  [étape]	le fichier SQL a été joué sans erreurs
10/24/23 02:31:41  [étape]	le spool SQL a été formaté (/appli/apache/shell/traitements_OSR/export_quotidien/_tmp/Export_Affaires_OS_20231024_RG-08_Quotid.csv)
10/24/23 02:31:49  [étape]	fichier(s) compressé(s) dans /appli/apache/shell/traitements_OSR/export_quotidien/_tmp/Export_Affaires_OS_20231024.zip
10/24/23 02:31:49  [étape]	Debut de la connexion SFTP
10/24/23 02:31:51  [étape]	Succes du Transfert FTP des fichiers : Export_Affaires_OS_20231024.zip
10/24/23 02:31:51  [étape]	Du repertoire : 
10/24/23 02:31:51  [étape]	Vers le repertoire : /RACCOPILOT/ot
10/24/23 02:31:51  [étape]	Fin du traitement
