12/03/23 02:30:01  [étape]	Ini du traitement
12/03/23 02:30:01  [étape]	Supprime les fichiers de plus de 7 jours 
12/03/23 02:30:01  [étape]	Comprobation d'espace disque
12/03/23 02:30:14  [étape]	le fichier SQL a été joué sans erreurs
12/03/23 02:30:17  [étape]	le spool SQL a été formaté (/appli/apache/shell/traitements_OSR/export_quotidien/_tmp/Export_Affaires_OS_20231203_RG-01_Quotid.csv)
12/03/23 02:30:33  [étape]	le fichier SQL a été joué sans erreurs
12/03/23 02:30:36  [étape]	le spool SQL a été formaté (/appli/apache/shell/traitements_OSR/export_quotidien/_tmp/Export_Affaires_OS_20231203_RG-02_Quotid.csv)
12/03/23 02:30:49  [étape]	le fichier SQL a été joué sans erreurs
12/03/23 02:30:51  [étape]	le spool SQL a été formaté (/appli/apache/shell/traitements_OSR/export_quotidien/_tmp/Export_Affaires_OS_20231203_RG-03_Quotid.csv)
12/03/23 02:31:03  [étape]	le fichier SQL a été joué sans erreurs
12/03/23 02:31:05  [étape]	le spool SQL a été formaté (/appli/apache/shell/traitements_OSR/export_quotidien/_tmp/Export_Affaires_OS_20231203_RG-04_Quotid.csv)
12/03/23 02:31:08  [étape]	le fichier SQL a été joué sans erreurs
12/03/23 02:31:08  [étape]	le spool SQL a été formaté (/appli/apache/shell/traitements_OSR/export_quotidien/_tmp/Export_Affaires_OS_20231203_RG-05_Quotid.csv)
12/03/23 02:31:19  [étape]	le fichier SQL a été joué sans erreurs
12/03/23 02:31:21  [étape]	le spool SQL a été formaté (/appli/apache/shell/traitements_OSR/export_quotidien/_tmp/Export_Affaires_OS_20231203_RG-06_Quotid.csv)
12/03/23 02:31:31  [étape]	le fichier SQL a été joué sans erreurs
12/03/23 02:31:33  [étape]	le spool SQL a été formaté (/appli/apache/shell/traitements_OSR/export_quotidien/_tmp/Export_Affaires_OS_20231203_RG-07_Quotid.csv)
12/03/23 02:31:36  [étape]	le fichier SQL a été joué sans erreurs
12/03/23 02:31:36  [étape]	le spool SQL a été formaté (/appli/apache/shell/traitements_OSR/export_quotidien/_tmp/Export_Affaires_OS_20231203_RG-08_Quotid.csv)
12/03/23 02:31:45  [étape]	fichier(s) compressé(s) dans /appli/apache/shell/traitements_OSR/export_quotidien/_tmp/Export_Affaires_OS_20231203.zip
12/03/23 02:31:45  [étape]	Debut de la connexion SFTP
12/03/23 02:31:47  [étape]	Succes du Transfert FTP des fichiers : Export_Affaires_OS_20231203.zip
12/03/23 02:31:47  [étape]	Du repertoire : 
12/03/23 02:31:47  [étape]	Vers le repertoire : /RACCOPILOT/ot
12/03/23 02:31:47  [étape]	Fin du traitement
