12/29/23 02:30:01  [étape]	Ini du traitement
12/29/23 02:30:01  [étape]	Supprime les fichiers de plus de 7 jours 
12/29/23 02:30:01  [étape]	Comprobation d'espace disque
12/29/23 02:30:15  [étape]	le fichier SQL a été joué sans erreurs
12/29/23 02:30:17  [étape]	le spool SQL a été formaté (/appli/apache/shell/traitements_OSR/export_quotidien/_tmp/Export_Affaires_OS_20231229_RG-01_Quotid.csv)
12/29/23 02:30:34  [étape]	le fichier SQL a été joué sans erreurs
12/29/23 02:30:38  [étape]	le spool SQL a été formaté (/appli/apache/shell/traitements_OSR/export_quotidien/_tmp/Export_Affaires_OS_20231229_RG-02_Quotid.csv)
12/29/23 02:30:52  [étape]	le fichier SQL a été joué sans erreurs
12/29/23 02:30:54  [étape]	le spool SQL a été formaté (/appli/apache/shell/traitements_OSR/export_quotidien/_tmp/Export_Affaires_OS_20231229_RG-03_Quotid.csv)
12/29/23 02:31:07  [étape]	le fichier SQL a été joué sans erreurs
12/29/23 02:31:09  [étape]	le spool SQL a été formaté (/appli/apache/shell/traitements_OSR/export_quotidien/_tmp/Export_Affaires_OS_20231229_RG-04_Quotid.csv)
12/29/23 02:31:12  [étape]	le fichier SQL a été joué sans erreurs
12/29/23 02:31:12  [étape]	le spool SQL a été formaté (/appli/apache/shell/traitements_OSR/export_quotidien/_tmp/Export_Affaires_OS_20231229_RG-05_Quotid.csv)
12/29/23 02:31:22  [étape]	le fichier SQL a été joué sans erreurs
12/29/23 02:31:24  [étape]	le spool SQL a été formaté (/appli/apache/shell/traitements_OSR/export_quotidien/_tmp/Export_Affaires_OS_20231229_RG-06_Quotid.csv)
12/29/23 02:31:36  [étape]	le fichier SQL a été joué sans erreurs
12/29/23 02:31:38  [étape]	le spool SQL a été formaté (/appli/apache/shell/traitements_OSR/export_quotidien/_tmp/Export_Affaires_OS_20231229_RG-07_Quotid.csv)
12/29/23 02:31:41  [étape]	le fichier SQL a été joué sans erreurs
12/29/23 02:31:41  [étape]	le spool SQL a été formaté (/appli/apache/shell/traitements_OSR/export_quotidien/_tmp/Export_Affaires_OS_20231229_RG-08_Quotid.csv)
12/29/23 02:31:50  [étape]	fichier(s) compressé(s) dans /appli/apache/shell/traitements_OSR/export_quotidien/_tmp/Export_Affaires_OS_20231229.zip
12/29/23 02:31:50  [étape]	Debut de la connexion SFTP
12/29/23 02:31:52  [étape]	Succes du Transfert FTP des fichiers : Export_Affaires_OS_20231229.zip
12/29/23 02:31:52  [étape]	Du repertoire : 
12/29/23 02:31:52  [étape]	Vers le repertoire : /RACCOPILOT/ot
12/29/23 02:31:52  [étape]	Fin du traitement
