10/28/23 02:30:00  [étape]	Ini du traitement
10/28/23 02:30:00  [étape]	Supprime les fichiers de plus de 7 jours 
10/28/23 02:30:00  [étape]	Comprobation d'espace disque
10/28/23 02:30:15  [étape]	le fichier SQL a été joué sans erreurs
10/28/23 02:30:17  [étape]	le spool SQL a été formaté (/appli/apache/shell/traitements_OSR/export_quotidien/_tmp/Export_Affaires_OS_20231028_RG-01_Quotid.csv)
10/28/23 02:30:36  [étape]	le fichier SQL a été joué sans erreurs
10/28/23 02:30:39  [étape]	le spool SQL a été formaté (/appli/apache/shell/traitements_OSR/export_quotidien/_tmp/Export_Affaires_OS_20231028_RG-02_Quotid.csv)
10/28/23 02:30:53  [étape]	le fichier SQL a été joué sans erreurs
10/28/23 02:30:55  [étape]	le spool SQL a été formaté (/appli/apache/shell/traitements_OSR/export_quotidien/_tmp/Export_Affaires_OS_20231028_RG-03_Quotid.csv)
10/28/23 02:31:09  [étape]	le fichier SQL a été joué sans erreurs
10/28/23 02:31:11  [étape]	le spool SQL a été formaté (/appli/apache/shell/traitements_OSR/export_quotidien/_tmp/Export_Affaires_OS_20231028_RG-04_Quotid.csv)
10/28/23 02:31:15  [étape]	le fichier SQL a été joué sans erreurs
10/28/23 02:31:15  [étape]	le spool SQL a été formaté (/appli/apache/shell/traitements_OSR/export_quotidien/_tmp/Export_Affaires_OS_20231028_RG-05_Quotid.csv)
10/28/23 02:31:25  [étape]	le fichier SQL a été joué sans erreurs
10/28/23 02:31:27  [étape]	le spool SQL a été formaté (/appli/apache/shell/traitements_OSR/export_quotidien/_tmp/Export_Affaires_OS_20231028_RG-06_Quotid.csv)
10/28/23 02:31:38  [étape]	le fichier SQL a été joué sans erreurs
10/28/23 02:31:40  [étape]	le spool SQL a été formaté (/appli/apache/shell/traitements_OSR/export_quotidien/_tmp/Export_Affaires_OS_20231028_RG-07_Quotid.csv)
10/28/23 02:31:44  [étape]	le fichier SQL a été joué sans erreurs
10/28/23 02:31:44  [étape]	le spool SQL a été formaté (/appli/apache/shell/traitements_OSR/export_quotidien/_tmp/Export_Affaires_OS_20231028_RG-08_Quotid.csv)
10/28/23 02:31:52  [étape]	fichier(s) compressé(s) dans /appli/apache/shell/traitements_OSR/export_quotidien/_tmp/Export_Affaires_OS_20231028.zip
10/28/23 02:31:52  [étape]	Debut de la connexion SFTP
10/28/23 02:31:54  [étape]	Succes du Transfert FTP des fichiers : Export_Affaires_OS_20231028.zip
10/28/23 02:31:54  [étape]	Du repertoire : 
10/28/23 02:31:54  [étape]	Vers le repertoire : /RACCOPILOT/ot
10/28/23 02:31:54  [étape]	Fin du traitement
