11/06/23 02:30:00  [étape]	Ini du traitement
11/06/23 02:30:00  [étape]	Supprime les fichiers de plus de 7 jours 
11/06/23 02:30:00  [étape]	Comprobation d'espace disque
11/06/23 02:30:16  [étape]	le fichier SQL a été joué sans erreurs
11/06/23 02:30:18  [étape]	le spool SQL a été formaté (/appli/apache/shell/traitements_OSR/export_quotidien/_tmp/Export_Affaires_OS_20231106_RG-01_Quotid.csv)
11/06/23 02:30:35  [étape]	le fichier SQL a été joué sans erreurs
11/06/23 02:30:38  [étape]	le spool SQL a été formaté (/appli/apache/shell/traitements_OSR/export_quotidien/_tmp/Export_Affaires_OS_20231106_RG-02_Quotid.csv)
11/06/23 02:30:51  [étape]	le fichier SQL a été joué sans erreurs
11/06/23 02:30:53  [étape]	le spool SQL a été formaté (/appli/apache/shell/traitements_OSR/export_quotidien/_tmp/Export_Affaires_OS_20231106_RG-03_Quotid.csv)
11/06/23 02:31:06  [étape]	le fichier SQL a été joué sans erreurs
11/06/23 02:31:08  [étape]	le spool SQL a été formaté (/appli/apache/shell/traitements_OSR/export_quotidien/_tmp/Export_Affaires_OS_20231106_RG-04_Quotid.csv)
11/06/23 02:31:11  [étape]	le fichier SQL a été joué sans erreurs
11/06/23 02:31:11  [étape]	le spool SQL a été formaté (/appli/apache/shell/traitements_OSR/export_quotidien/_tmp/Export_Affaires_OS_20231106_RG-05_Quotid.csv)
11/06/23 02:31:23  [étape]	le fichier SQL a été joué sans erreurs
11/06/23 02:31:24  [étape]	le spool SQL a été formaté (/appli/apache/shell/traitements_OSR/export_quotidien/_tmp/Export_Affaires_OS_20231106_RG-06_Quotid.csv)
11/06/23 02:31:36  [étape]	le fichier SQL a été joué sans erreurs
11/06/23 02:31:38  [étape]	le spool SQL a été formaté (/appli/apache/shell/traitements_OSR/export_quotidien/_tmp/Export_Affaires_OS_20231106_RG-07_Quotid.csv)
11/06/23 02:31:41  [étape]	le fichier SQL a été joué sans erreurs
11/06/23 02:31:41  [étape]	le spool SQL a été formaté (/appli/apache/shell/traitements_OSR/export_quotidien/_tmp/Export_Affaires_OS_20231106_RG-08_Quotid.csv)
11/06/23 02:31:50  [étape]	fichier(s) compressé(s) dans /appli/apache/shell/traitements_OSR/export_quotidien/_tmp/Export_Affaires_OS_20231106.zip
11/06/23 02:31:50  [étape]	Debut de la connexion SFTP
11/06/23 02:31:52  [étape]	Succes du Transfert FTP des fichiers : Export_Affaires_OS_20231106.zip
11/06/23 02:31:52  [étape]	Du repertoire : 
11/06/23 02:31:52  [étape]	Vers le repertoire : /RACCOPILOT/ot
11/06/23 02:31:52  [étape]	Fin du traitement
