12/09/23 02:30:00  [étape]	Ini du traitement
12/09/23 02:30:00  [étape]	Supprime les fichiers de plus de 7 jours 
12/09/23 02:30:00  [étape]	Comprobation d'espace disque
12/09/23 02:30:16  [étape]	le fichier SQL a été joué sans erreurs
12/09/23 02:30:18  [étape]	le spool SQL a été formaté (/appli/apache/shell/traitements_OSR/export_quotidien/_tmp/Export_Affaires_OS_20231209_RG-01_Quotid.csv)
12/09/23 02:30:36  [étape]	le fichier SQL a été joué sans erreurs
12/09/23 02:30:39  [étape]	le spool SQL a été formaté (/appli/apache/shell/traitements_OSR/export_quotidien/_tmp/Export_Affaires_OS_20231209_RG-02_Quotid.csv)
12/09/23 02:30:54  [étape]	le fichier SQL a été joué sans erreurs
12/09/23 02:30:56  [étape]	le spool SQL a été formaté (/appli/apache/shell/traitements_OSR/export_quotidien/_tmp/Export_Affaires_OS_20231209_RG-03_Quotid.csv)
12/09/23 02:31:12  [étape]	le fichier SQL a été joué sans erreurs
12/09/23 02:31:14  [étape]	le spool SQL a été formaté (/appli/apache/shell/traitements_OSR/export_quotidien/_tmp/Export_Affaires_OS_20231209_RG-04_Quotid.csv)
12/09/23 02:31:17  [étape]	le fichier SQL a été joué sans erreurs
12/09/23 02:31:17  [étape]	le spool SQL a été formaté (/appli/apache/shell/traitements_OSR/export_quotidien/_tmp/Export_Affaires_OS_20231209_RG-05_Quotid.csv)
12/09/23 02:31:29  [étape]	le fichier SQL a été joué sans erreurs
12/09/23 02:31:31  [étape]	le spool SQL a été formaté (/appli/apache/shell/traitements_OSR/export_quotidien/_tmp/Export_Affaires_OS_20231209_RG-06_Quotid.csv)
12/09/23 02:31:45  [étape]	le fichier SQL a été joué sans erreurs
12/09/23 02:31:47  [étape]	le spool SQL a été formaté (/appli/apache/shell/traitements_OSR/export_quotidien/_tmp/Export_Affaires_OS_20231209_RG-07_Quotid.csv)
12/09/23 02:31:50  [étape]	le fichier SQL a été joué sans erreurs
12/09/23 02:31:50  [étape]	le spool SQL a été formaté (/appli/apache/shell/traitements_OSR/export_quotidien/_tmp/Export_Affaires_OS_20231209_RG-08_Quotid.csv)
12/09/23 02:31:58  [étape]	fichier(s) compressé(s) dans /appli/apache/shell/traitements_OSR/export_quotidien/_tmp/Export_Affaires_OS_20231209.zip
12/09/23 02:31:58  [étape]	Debut de la connexion SFTP
12/09/23 02:32:01  [étape]	Succes du Transfert FTP des fichiers : Export_Affaires_OS_20231209.zip
12/09/23 02:32:01  [étape]	Du repertoire : 
12/09/23 02:32:01  [étape]	Vers le repertoire : /RACCOPILOT/ot
12/09/23 02:32:01  [étape]	Fin du traitement
