12/24/23 02:30:01  [étape]	Ini du traitement
12/24/23 02:30:01  [étape]	Supprime les fichiers de plus de 7 jours 
12/24/23 02:30:01  [étape]	Comprobation d'espace disque
12/24/23 02:30:16  [étape]	le fichier SQL a été joué sans erreurs
12/24/23 02:30:18  [étape]	le spool SQL a été formaté (/appli/apache/shell/traitements_OSR/export_quotidien/_tmp/Export_Affaires_OS_20231224_RG-01_Quotid.csv)
12/24/23 02:30:35  [étape]	le fichier SQL a été joué sans erreurs
12/24/23 02:30:39  [étape]	le spool SQL a été formaté (/appli/apache/shell/traitements_OSR/export_quotidien/_tmp/Export_Affaires_OS_20231224_RG-02_Quotid.csv)
12/24/23 02:30:51  [étape]	le fichier SQL a été joué sans erreurs
12/24/23 02:30:53  [étape]	le spool SQL a été formaté (/appli/apache/shell/traitements_OSR/export_quotidien/_tmp/Export_Affaires_OS_20231224_RG-03_Quotid.csv)
12/24/23 02:31:05  [étape]	le fichier SQL a été joué sans erreurs
12/24/23 02:31:07  [étape]	le spool SQL a été formaté (/appli/apache/shell/traitements_OSR/export_quotidien/_tmp/Export_Affaires_OS_20231224_RG-04_Quotid.csv)
12/24/23 02:31:10  [étape]	le fichier SQL a été joué sans erreurs
12/24/23 02:31:10  [étape]	le spool SQL a été formaté (/appli/apache/shell/traitements_OSR/export_quotidien/_tmp/Export_Affaires_OS_20231224_RG-05_Quotid.csv)
12/24/23 02:31:19  [étape]	le fichier SQL a été joué sans erreurs
12/24/23 02:31:21  [étape]	le spool SQL a été formaté (/appli/apache/shell/traitements_OSR/export_quotidien/_tmp/Export_Affaires_OS_20231224_RG-06_Quotid.csv)
12/24/23 02:31:32  [étape]	le fichier SQL a été joué sans erreurs
12/24/23 02:31:34  [étape]	le spool SQL a été formaté (/appli/apache/shell/traitements_OSR/export_quotidien/_tmp/Export_Affaires_OS_20231224_RG-07_Quotid.csv)
12/24/23 02:31:37  [étape]	le fichier SQL a été joué sans erreurs
12/24/23 02:31:37  [étape]	le spool SQL a été formaté (/appli/apache/shell/traitements_OSR/export_quotidien/_tmp/Export_Affaires_OS_20231224_RG-08_Quotid.csv)
12/24/23 02:31:46  [étape]	fichier(s) compressé(s) dans /appli/apache/shell/traitements_OSR/export_quotidien/_tmp/Export_Affaires_OS_20231224.zip
12/24/23 02:31:46  [étape]	Debut de la connexion SFTP
12/24/23 02:31:48  [étape]	Succes du Transfert FTP des fichiers : Export_Affaires_OS_20231224.zip
12/24/23 02:31:48  [étape]	Du repertoire : 
12/24/23 02:31:48  [étape]	Vers le repertoire : /RACCOPILOT/ot
12/24/23 02:31:48  [étape]	Fin du traitement
