12/28/23 02:30:00  [étape]	Ini du traitement
12/28/23 02:30:00  [étape]	Supprime les fichiers de plus de 7 jours 
12/28/23 02:30:00  [étape]	Comprobation d'espace disque
12/28/23 02:30:18  [étape]	le fichier SQL a été joué sans erreurs
12/28/23 02:30:20  [étape]	le spool SQL a été formaté (/appli/apache/shell/traitements_OSR/export_quotidien/_tmp/Export_Affaires_OS_20231228_RG-01_Quotid.csv)
12/28/23 02:30:39  [étape]	le fichier SQL a été joué sans erreurs
12/28/23 02:30:42  [étape]	le spool SQL a été formaté (/appli/apache/shell/traitements_OSR/export_quotidien/_tmp/Export_Affaires_OS_20231228_RG-02_Quotid.csv)
12/28/23 02:30:57  [étape]	le fichier SQL a été joué sans erreurs
12/28/23 02:30:59  [étape]	le spool SQL a été formaté (/appli/apache/shell/traitements_OSR/export_quotidien/_tmp/Export_Affaires_OS_20231228_RG-03_Quotid.csv)
12/28/23 02:31:13  [étape]	le fichier SQL a été joué sans erreurs
12/28/23 02:31:15  [étape]	le spool SQL a été formaté (/appli/apache/shell/traitements_OSR/export_quotidien/_tmp/Export_Affaires_OS_20231228_RG-04_Quotid.csv)
12/28/23 02:31:19  [étape]	le fichier SQL a été joué sans erreurs
12/28/23 02:31:19  [étape]	le spool SQL a été formaté (/appli/apache/shell/traitements_OSR/export_quotidien/_tmp/Export_Affaires_OS_20231228_RG-05_Quotid.csv)
12/28/23 02:31:31  [étape]	le fichier SQL a été joué sans erreurs
12/28/23 02:31:33  [étape]	le spool SQL a été formaté (/appli/apache/shell/traitements_OSR/export_quotidien/_tmp/Export_Affaires_OS_20231228_RG-06_Quotid.csv)
12/28/23 02:31:47  [étape]	le fichier SQL a été joué sans erreurs
12/28/23 02:31:49  [étape]	le spool SQL a été formaté (/appli/apache/shell/traitements_OSR/export_quotidien/_tmp/Export_Affaires_OS_20231228_RG-07_Quotid.csv)
12/28/23 02:31:53  [étape]	le fichier SQL a été joué sans erreurs
12/28/23 02:31:53  [étape]	le spool SQL a été formaté (/appli/apache/shell/traitements_OSR/export_quotidien/_tmp/Export_Affaires_OS_20231228_RG-08_Quotid.csv)
12/28/23 02:32:01  [étape]	fichier(s) compressé(s) dans /appli/apache/shell/traitements_OSR/export_quotidien/_tmp/Export_Affaires_OS_20231228.zip
12/28/23 02:32:01  [étape]	Debut de la connexion SFTP
12/28/23 02:32:04  [étape]	Succes du Transfert FTP des fichiers : Export_Affaires_OS_20231228.zip
12/28/23 02:32:04  [étape]	Du repertoire : 
12/28/23 02:32:04  [étape]	Vers le repertoire : /RACCOPILOT/ot
12/28/23 02:32:04  [étape]	Fin du traitement
