11/02/23 02:30:00  [étape]	Ini du traitement
11/02/23 02:30:00  [étape]	Supprime les fichiers de plus de 7 jours 
11/02/23 02:30:00  [étape]	Comprobation d'espace disque
11/02/23 02:30:15  [étape]	le fichier SQL a été joué sans erreurs
11/02/23 02:30:17  [étape]	le spool SQL a été formaté (/appli/apache/shell/traitements_OSR/export_quotidien/_tmp/Export_Affaires_OS_20231102_RG-01_Quotid.csv)
11/02/23 02:30:36  [étape]	le fichier SQL a été joué sans erreurs
11/02/23 02:30:39  [étape]	le spool SQL a été formaté (/appli/apache/shell/traitements_OSR/export_quotidien/_tmp/Export_Affaires_OS_20231102_RG-02_Quotid.csv)
11/02/23 02:30:56  [étape]	le fichier SQL a été joué sans erreurs
11/02/23 02:30:58  [étape]	le spool SQL a été formaté (/appli/apache/shell/traitements_OSR/export_quotidien/_tmp/Export_Affaires_OS_20231102_RG-03_Quotid.csv)
11/02/23 02:31:12  [étape]	le fichier SQL a été joué sans erreurs
11/02/23 02:31:14  [étape]	le spool SQL a été formaté (/appli/apache/shell/traitements_OSR/export_quotidien/_tmp/Export_Affaires_OS_20231102_RG-04_Quotid.csv)
11/02/23 02:31:17  [étape]	le fichier SQL a été joué sans erreurs
11/02/23 02:31:17  [étape]	le spool SQL a été formaté (/appli/apache/shell/traitements_OSR/export_quotidien/_tmp/Export_Affaires_OS_20231102_RG-05_Quotid.csv)
11/02/23 02:31:28  [étape]	le fichier SQL a été joué sans erreurs
11/02/23 02:31:30  [étape]	le spool SQL a été formaté (/appli/apache/shell/traitements_OSR/export_quotidien/_tmp/Export_Affaires_OS_20231102_RG-06_Quotid.csv)
11/02/23 02:31:42  [étape]	le fichier SQL a été joué sans erreurs
11/02/23 02:31:44  [étape]	le spool SQL a été formaté (/appli/apache/shell/traitements_OSR/export_quotidien/_tmp/Export_Affaires_OS_20231102_RG-07_Quotid.csv)
11/02/23 02:31:48  [étape]	le fichier SQL a été joué sans erreurs
11/02/23 02:31:48  [étape]	le spool SQL a été formaté (/appli/apache/shell/traitements_OSR/export_quotidien/_tmp/Export_Affaires_OS_20231102_RG-08_Quotid.csv)
11/02/23 02:31:56  [étape]	fichier(s) compressé(s) dans /appli/apache/shell/traitements_OSR/export_quotidien/_tmp/Export_Affaires_OS_20231102.zip
11/02/23 02:31:57  [étape]	Debut de la connexion SFTP
11/02/23 02:31:58  [étape]	Succes du Transfert FTP des fichiers : Export_Affaires_OS_20231102.zip
11/02/23 02:31:58  [étape]	Du repertoire : 
11/02/23 02:31:58  [étape]	Vers le repertoire : /RACCOPILOT/ot
11/02/23 02:31:58  [étape]	Fin du traitement
