[23102023-19:01:11][INFO][h2l1osr1004q.dc.infra-grdf.com][export_OSR_MM-LSTCMDE.sh] ========================= DEBUT DU SCRIPT =========================
[23102023-19:01:11][INFO][h2l1osr1004q.dc.infra-grdf.com][export_OSR_MM-LSTCMDE.sh]
[23102023-19:01:11][INFO][h2l1osr1004q.dc.infra-grdf.com][export_OSR_MM-LSTCMDE.sh] -------------------------------------------------------------------
[23102023-19:01:11][INFO][h2l1osr1004q.dc.infra-grdf.com][export_OSR_MM-LSTCMDE.sh] --- Export du fichier OSRMM_20231023_LISTECOMMANDE.txt
[23102023-19:01:11][INFO][h2l1osr1004q.dc.infra-grdf.com][export_OSR_MM-LSTCMDE.sh] -------------------------------------------------------------------
[23102023-19:01:11][INFO][h2l1osr1004q.dc.infra-grdf.com][export_OSR_MM-LSTCMDE.sh]
[23102023-19:01:11][INFO][h2l1osr1004q.dc.infra-grdf.com][export_OSR_MM-LSTCMDE.sh] L'export des données s'est déroulé avec succès.
[23102023-19:01:11][INFO][h2l1osr1004q.dc.infra-grdf.com][export_OSR_MM-LSTCMDE.sh]
[23102023-19:01:11][INFO][h2l1osr1004q.dc.infra-grdf.com][export_OSR_MM-LSTCMDE.sh] ========================== FIN DU SCRIPT ==========================
[23102023-19:01:11][INFO][h2l1osr1004q.dc.infra-grdf.com][export_OSR_MM-LSTCMDE.sh]
[24102023-19:01:15][INFO][h2l1osr1004q.dc.infra-grdf.com][export_OSR_MM-LSTCMDE.sh] ========================= DEBUT DU SCRIPT =========================
[24102023-19:01:15][INFO][h2l1osr1004q.dc.infra-grdf.com][export_OSR_MM-LSTCMDE.sh]
[24102023-19:01:15][INFO][h2l1osr1004q.dc.infra-grdf.com][export_OSR_MM-LSTCMDE.sh] -------------------------------------------------------------------
[24102023-19:01:15][INFO][h2l1osr1004q.dc.infra-grdf.com][export_OSR_MM-LSTCMDE.sh] --- Export du fichier OSRMM_20231024_LISTECOMMANDE.txt
[24102023-19:01:15][INFO][h2l1osr1004q.dc.infra-grdf.com][export_OSR_MM-LSTCMDE.sh] -------------------------------------------------------------------
[24102023-19:01:15][INFO][h2l1osr1004q.dc.infra-grdf.com][export_OSR_MM-LSTCMDE.sh]
[24102023-19:01:15][INFO][h2l1osr1004q.dc.infra-grdf.com][export_OSR_MM-LSTCMDE.sh] L'export des données s'est déroulé avec succès.
[24102023-19:01:15][INFO][h2l1osr1004q.dc.infra-grdf.com][export_OSR_MM-LSTCMDE.sh]
[24102023-19:01:15][INFO][h2l1osr1004q.dc.infra-grdf.com][export_OSR_MM-LSTCMDE.sh] ========================== FIN DU SCRIPT ==========================
[24102023-19:01:15][INFO][h2l1osr1004q.dc.infra-grdf.com][export_OSR_MM-LSTCMDE.sh]
[25102023-19:01:19][INFO][h2l1osr1004q.dc.infra-grdf.com][export_OSR_MM-LSTCMDE.sh] ========================= DEBUT DU SCRIPT =========================
[25102023-19:01:19][INFO][h2l1osr1004q.dc.infra-grdf.com][export_OSR_MM-LSTCMDE.sh]
[25102023-19:01:19][INFO][h2l1osr1004q.dc.infra-grdf.com][export_OSR_MM-LSTCMDE.sh] -------------------------------------------------------------------
[25102023-19:01:19][INFO][h2l1osr1004q.dc.infra-grdf.com][export_OSR_MM-LSTCMDE.sh] --- Export du fichier OSRMM_20231025_LISTECOMMANDE.txt
[25102023-19:01:19][INFO][h2l1osr1004q.dc.infra-grdf.com][export_OSR_MM-LSTCMDE.sh] -------------------------------------------------------------------
[25102023-19:01:20][INFO][h2l1osr1004q.dc.infra-grdf.com][export_OSR_MM-LSTCMDE.sh]
[25102023-19:01:20][INFO][h2l1osr1004q.dc.infra-grdf.com][export_OSR_MM-LSTCMDE.sh] L'export des données s'est déroulé avec succès.
[25102023-19:01:20][INFO][h2l1osr1004q.dc.infra-grdf.com][export_OSR_MM-LSTCMDE.sh]
[25102023-19:01:20][INFO][h2l1osr1004q.dc.infra-grdf.com][export_OSR_MM-LSTCMDE.sh] ========================== FIN DU SCRIPT ==========================
[25102023-19:01:20][INFO][h2l1osr1004q.dc.infra-grdf.com][export_OSR_MM-LSTCMDE.sh]
[26102023-19:01:15][INFO][h2l1osr1004q.dc.infra-grdf.com][export_OSR_MM-LSTCMDE.sh] ========================= DEBUT DU SCRIPT =========================
[26102023-19:01:15][INFO][h2l1osr1004q.dc.infra-grdf.com][export_OSR_MM-LSTCMDE.sh]
[26102023-19:01:15][INFO][h2l1osr1004q.dc.infra-grdf.com][export_OSR_MM-LSTCMDE.sh] -------------------------------------------------------------------
[26102023-19:01:15][INFO][h2l1osr1004q.dc.infra-grdf.com][export_OSR_MM-LSTCMDE.sh] --- Export du fichier OSRMM_20231026_LISTECOMMANDE.txt
[26102023-19:01:15][INFO][h2l1osr1004q.dc.infra-grdf.com][export_OSR_MM-LSTCMDE.sh] -------------------------------------------------------------------
[26102023-19:01:15][INFO][h2l1osr1004q.dc.infra-grdf.com][export_OSR_MM-LSTCMDE.sh]
[26102023-19:01:15][INFO][h2l1osr1004q.dc.infra-grdf.com][export_OSR_MM-LSTCMDE.sh] L'export des données s'est déroulé avec succès.
[26102023-19:01:15][INFO][h2l1osr1004q.dc.infra-grdf.com][export_OSR_MM-LSTCMDE.sh]
[26102023-19:01:15][INFO][h2l1osr1004q.dc.infra-grdf.com][export_OSR_MM-LSTCMDE.sh] ========================== FIN DU SCRIPT ==========================
[26102023-19:01:15][INFO][h2l1osr1004q.dc.infra-grdf.com][export_OSR_MM-LSTCMDE.sh]
[27102023-19:01:14][INFO][h2l1osr1004q.dc.infra-grdf.com][export_OSR_MM-LSTCMDE.sh] ========================= DEBUT DU SCRIPT =========================
[27102023-19:01:14][INFO][h2l1osr1004q.dc.infra-grdf.com][export_OSR_MM-LSTCMDE.sh]
[27102023-19:01:14][INFO][h2l1osr1004q.dc.infra-grdf.com][export_OSR_MM-LSTCMDE.sh] -------------------------------------------------------------------
[27102023-19:01:14][INFO][h2l1osr1004q.dc.infra-grdf.com][export_OSR_MM-LSTCMDE.sh] --- Export du fichier OSRMM_20231027_LISTECOMMANDE.txt
[27102023-19:01:14][INFO][h2l1osr1004q.dc.infra-grdf.com][export_OSR_MM-LSTCMDE.sh] -------------------------------------------------------------------
[27102023-19:01:15][INFO][h2l1osr1004q.dc.infra-grdf.com][export_OSR_MM-LSTCMDE.sh]
[27102023-19:01:15][INFO][h2l1osr1004q.dc.infra-grdf.com][export_OSR_MM-LSTCMDE.sh] L'export des données s'est déroulé avec succès.
[27102023-19:01:15][INFO][h2l1osr1004q.dc.infra-grdf.com][export_OSR_MM-LSTCMDE.sh]
[27102023-19:01:15][INFO][h2l1osr1004q.dc.infra-grdf.com][export_OSR_MM-LSTCMDE.sh] ========================== FIN DU SCRIPT ==========================
[27102023-19:01:15][INFO][h2l1osr1004q.dc.infra-grdf.com][export_OSR_MM-LSTCMDE.sh]
[30102023-19:01:20][INFO][h2l1osr1004q.dc.infra-grdf.com][export_OSR_MM-LSTCMDE.sh] ========================= DEBUT DU SCRIPT =========================
[30102023-19:01:20][INFO][h2l1osr1004q.dc.infra-grdf.com][export_OSR_MM-LSTCMDE.sh]
[30102023-19:01:20][INFO][h2l1osr1004q.dc.infra-grdf.com][export_OSR_MM-LSTCMDE.sh] -------------------------------------------------------------------
[30102023-19:01:20][INFO][h2l1osr1004q.dc.infra-grdf.com][export_OSR_MM-LSTCMDE.sh] --- Export du fichier OSRMM_20231030_LISTECOMMANDE.txt
[30102023-19:01:20][INFO][h2l1osr1004q.dc.infra-grdf.com][export_OSR_MM-LSTCMDE.sh] -------------------------------------------------------------------
[30102023-19:01:20][INFO][h2l1osr1004q.dc.infra-grdf.com][export_OSR_MM-LSTCMDE.sh]
[30102023-19:01:20][INFO][h2l1osr1004q.dc.infra-grdf.com][export_OSR_MM-LSTCMDE.sh] L'export des données s'est déroulé avec succès.
[30102023-19:01:20][INFO][h2l1osr1004q.dc.infra-grdf.com][export_OSR_MM-LSTCMDE.sh]
[30102023-19:01:20][INFO][h2l1osr1004q.dc.infra-grdf.com][export_OSR_MM-LSTCMDE.sh] ========================== FIN DU SCRIPT ==========================
[30102023-19:01:20][INFO][h2l1osr1004q.dc.infra-grdf.com][export_OSR_MM-LSTCMDE.sh]
[31102023-19:01:22][INFO][h2l1osr1004q.dc.infra-grdf.com][export_OSR_MM-LSTCMDE.sh] ========================= DEBUT DU SCRIPT =========================
[31102023-19:01:22][INFO][h2l1osr1004q.dc.infra-grdf.com][export_OSR_MM-LSTCMDE.sh]
[31102023-19:01:22][INFO][h2l1osr1004q.dc.infra-grdf.com][export_OSR_MM-LSTCMDE.sh] -------------------------------------------------------------------
[31102023-19:01:22][INFO][h2l1osr1004q.dc.infra-grdf.com][export_OSR_MM-LSTCMDE.sh] --- Export du fichier OSRMM_20231031_LISTECOMMANDE.txt
[31102023-19:01:22][INFO][h2l1osr1004q.dc.infra-grdf.com][export_OSR_MM-LSTCMDE.sh] -------------------------------------------------------------------
[31102023-19:01:22][INFO][h2l1osr1004q.dc.infra-grdf.com][export_OSR_MM-LSTCMDE.sh]
[31102023-19:01:22][INFO][h2l1osr1004q.dc.infra-grdf.com][export_OSR_MM-LSTCMDE.sh] L'export des données s'est déroulé avec succès.
[31102023-19:01:22][INFO][h2l1osr1004q.dc.infra-grdf.com][export_OSR_MM-LSTCMDE.sh]
[31102023-19:01:22][INFO][h2l1osr1004q.dc.infra-grdf.com][export_OSR_MM-LSTCMDE.sh] ========================== FIN DU SCRIPT ==========================
[31102023-19:01:22][INFO][h2l1osr1004q.dc.infra-grdf.com][export_OSR_MM-LSTCMDE.sh]
[01112023-19:01:15][INFO][h2l1osr1004q.dc.infra-grdf.com][export_OSR_MM-LSTCMDE.sh] ========================= DEBUT DU SCRIPT =========================
[01112023-19:01:15][INFO][h2l1osr1004q.dc.infra-grdf.com][export_OSR_MM-LSTCMDE.sh]
[01112023-19:01:15][INFO][h2l1osr1004q.dc.infra-grdf.com][export_OSR_MM-LSTCMDE.sh] -------------------------------------------------------------------
[01112023-19:01:15][INFO][h2l1osr1004q.dc.infra-grdf.com][export_OSR_MM-LSTCMDE.sh] --- Export du fichier OSRMM_20231101_LISTECOMMANDE.txt
[01112023-19:01:15][INFO][h2l1osr1004q.dc.infra-grdf.com][export_OSR_MM-LSTCMDE.sh] -------------------------------------------------------------------
[01112023-19:01:15][INFO][h2l1osr1004q.dc.infra-grdf.com][export_OSR_MM-LSTCMDE.sh]
[01112023-19:01:15][INFO][h2l1osr1004q.dc.infra-grdf.com][export_OSR_MM-LSTCMDE.sh] L'export des données s'est déroulé avec succès.
[01112023-19:01:15][INFO][h2l1osr1004q.dc.infra-grdf.com][export_OSR_MM-LSTCMDE.sh]
[01112023-19:01:15][INFO][h2l1osr1004q.dc.infra-grdf.com][export_OSR_MM-LSTCMDE.sh] ========================== FIN DU SCRIPT ==========================
[01112023-19:01:15][INFO][h2l1osr1004q.dc.infra-grdf.com][export_OSR_MM-LSTCMDE.sh]
[02112023-19:01:07][INFO][h2l1osr1004q.dc.infra-grdf.com][export_OSR_MM-LSTCMDE.sh] ========================= DEBUT DU SCRIPT =========================
[02112023-19:01:07][INFO][h2l1osr1004q.dc.infra-grdf.com][export_OSR_MM-LSTCMDE.sh]
[02112023-19:01:07][INFO][h2l1osr1004q.dc.infra-grdf.com][export_OSR_MM-LSTCMDE.sh] -------------------------------------------------------------------
[02112023-19:01:07][INFO][h2l1osr1004q.dc.infra-grdf.com][export_OSR_MM-LSTCMDE.sh] --- Export du fichier OSRMM_20231102_LISTECOMMANDE.txt
[02112023-19:01:07][INFO][h2l1osr1004q.dc.infra-grdf.com][export_OSR_MM-LSTCMDE.sh] -------------------------------------------------------------------
[02112023-19:01:08][INFO][h2l1osr1004q.dc.infra-grdf.com][export_OSR_MM-LSTCMDE.sh]
[02112023-19:01:08][INFO][h2l1osr1004q.dc.infra-grdf.com][export_OSR_MM-LSTCMDE.sh] L'export des données s'est déroulé avec succès.
[02112023-19:01:08][INFO][h2l1osr1004q.dc.infra-grdf.com][export_OSR_MM-LSTCMDE.sh]
[02112023-19:01:08][INFO][h2l1osr1004q.dc.infra-grdf.com][export_OSR_MM-LSTCMDE.sh] ========================== FIN DU SCRIPT ==========================
[02112023-19:01:08][INFO][h2l1osr1004q.dc.infra-grdf.com][export_OSR_MM-LSTCMDE.sh]
[03112023-19:01:15][INFO][h2l1osr1004q.dc.infra-grdf.com][export_OSR_MM-LSTCMDE.sh] ========================= DEBUT DU SCRIPT =========================
[03112023-19:01:15][INFO][h2l1osr1004q.dc.infra-grdf.com][export_OSR_MM-LSTCMDE.sh]
[03112023-19:01:15][INFO][h2l1osr1004q.dc.infra-grdf.com][export_OSR_MM-LSTCMDE.sh] -------------------------------------------------------------------
[03112023-19:01:15][INFO][h2l1osr1004q.dc.infra-grdf.com][export_OSR_MM-LSTCMDE.sh] --- Export du fichier OSRMM_20231103_LISTECOMMANDE.txt
[03112023-19:01:15][INFO][h2l1osr1004q.dc.infra-grdf.com][export_OSR_MM-LSTCMDE.sh] -------------------------------------------------------------------
[03112023-19:01:15][INFO][h2l1osr1004q.dc.infra-grdf.com][export_OSR_MM-LSTCMDE.sh]
[03112023-19:01:15][INFO][h2l1osr1004q.dc.infra-grdf.com][export_OSR_MM-LSTCMDE.sh] L'export des données s'est déroulé avec succès.
[03112023-19:01:15][INFO][h2l1osr1004q.dc.infra-grdf.com][export_OSR_MM-LSTCMDE.sh]
[03112023-19:01:15][INFO][h2l1osr1004q.dc.infra-grdf.com][export_OSR_MM-LSTCMDE.sh] ========================== FIN DU SCRIPT ==========================
[03112023-19:01:15][INFO][h2l1osr1004q.dc.infra-grdf.com][export_OSR_MM-LSTCMDE.sh]
[06112023-19:01:11][INFO][h2l1osr1004q.dc.infra-grdf.com][export_OSR_MM-LSTCMDE.sh] ========================= DEBUT DU SCRIPT =========================
[06112023-19:01:11][INFO][h2l1osr1004q.dc.infra-grdf.com][export_OSR_MM-LSTCMDE.sh]
[06112023-19:01:11][INFO][h2l1osr1004q.dc.infra-grdf.com][export_OSR_MM-LSTCMDE.sh] -------------------------------------------------------------------
[06112023-19:01:11][INFO][h2l1osr1004q.dc.infra-grdf.com][export_OSR_MM-LSTCMDE.sh] --- Export du fichier OSRMM_20231106_LISTECOMMANDE.txt
[06112023-19:01:11][INFO][h2l1osr1004q.dc.infra-grdf.com][export_OSR_MM-LSTCMDE.sh] -------------------------------------------------------------------
[06112023-19:01:11][INFO][h2l1osr1004q.dc.infra-grdf.com][export_OSR_MM-LSTCMDE.sh]
[06112023-19:01:11][INFO][h2l1osr1004q.dc.infra-grdf.com][export_OSR_MM-LSTCMDE.sh] L'export des données s'est déroulé avec succès.
[06112023-19:01:11][INFO][h2l1osr1004q.dc.infra-grdf.com][export_OSR_MM-LSTCMDE.sh]
[06112023-19:01:11][INFO][h2l1osr1004q.dc.infra-grdf.com][export_OSR_MM-LSTCMDE.sh] ========================== FIN DU SCRIPT ==========================
[06112023-19:01:11][INFO][h2l1osr1004q.dc.infra-grdf.com][export_OSR_MM-LSTCMDE.sh]
[07112023-19:01:11][INFO][h2l1osr1004q.dc.infra-grdf.com][export_OSR_MM-LSTCMDE.sh] ========================= DEBUT DU SCRIPT =========================
[07112023-19:01:11][INFO][h2l1osr1004q.dc.infra-grdf.com][export_OSR_MM-LSTCMDE.sh]
[07112023-19:01:11][INFO][h2l1osr1004q.dc.infra-grdf.com][export_OSR_MM-LSTCMDE.sh] -------------------------------------------------------------------
[07112023-19:01:11][INFO][h2l1osr1004q.dc.infra-grdf.com][export_OSR_MM-LSTCMDE.sh] --- Export du fichier OSRMM_20231107_LISTECOMMANDE.txt
[07112023-19:01:11][INFO][h2l1osr1004q.dc.infra-grdf.com][export_OSR_MM-LSTCMDE.sh] -------------------------------------------------------------------
[07112023-19:01:12][INFO][h2l1osr1004q.dc.infra-grdf.com][export_OSR_MM-LSTCMDE.sh]
[07112023-19:01:12][INFO][h2l1osr1004q.dc.infra-grdf.com][export_OSR_MM-LSTCMDE.sh] L'export des données s'est déroulé avec succès.
[07112023-19:01:12][INFO][h2l1osr1004q.dc.infra-grdf.com][export_OSR_MM-LSTCMDE.sh]
[07112023-19:01:12][INFO][h2l1osr1004q.dc.infra-grdf.com][export_OSR_MM-LSTCMDE.sh] ========================== FIN DU SCRIPT ==========================
[07112023-19:01:12][INFO][h2l1osr1004q.dc.infra-grdf.com][export_OSR_MM-LSTCMDE.sh]
[08112023-19:01:22][INFO][h2l1osr1004q.dc.infra-grdf.com][export_OSR_MM-LSTCMDE.sh] ========================= DEBUT DU SCRIPT =========================
[08112023-19:01:22][INFO][h2l1osr1004q.dc.infra-grdf.com][export_OSR_MM-LSTCMDE.sh]
[08112023-19:01:22][INFO][h2l1osr1004q.dc.infra-grdf.com][export_OSR_MM-LSTCMDE.sh] -------------------------------------------------------------------
[08112023-19:01:22][INFO][h2l1osr1004q.dc.infra-grdf.com][export_OSR_MM-LSTCMDE.sh] --- Export du fichier OSRMM_20231108_LISTECOMMANDE.txt
[08112023-19:01:22][INFO][h2l1osr1004q.dc.infra-grdf.com][export_OSR_MM-LSTCMDE.sh] -------------------------------------------------------------------
[08112023-19:01:22][INFO][h2l1osr1004q.dc.infra-grdf.com][export_OSR_MM-LSTCMDE.sh]
[08112023-19:01:22][INFO][h2l1osr1004q.dc.infra-grdf.com][export_OSR_MM-LSTCMDE.sh] L'export des données s'est déroulé avec succès.
[08112023-19:01:22][INFO][h2l1osr1004q.dc.infra-grdf.com][export_OSR_MM-LSTCMDE.sh]
[08112023-19:01:22][INFO][h2l1osr1004q.dc.infra-grdf.com][export_OSR_MM-LSTCMDE.sh] ========================== FIN DU SCRIPT ==========================
[08112023-19:01:22][INFO][h2l1osr1004q.dc.infra-grdf.com][export_OSR_MM-LSTCMDE.sh]
[09112023-19:01:13][INFO][h2l1osr1004q.dc.infra-grdf.com][export_OSR_MM-LSTCMDE.sh] ========================= DEBUT DU SCRIPT =========================
[09112023-19:01:13][INFO][h2l1osr1004q.dc.infra-grdf.com][export_OSR_MM-LSTCMDE.sh]
[09112023-19:01:13][INFO][h2l1osr1004q.dc.infra-grdf.com][export_OSR_MM-LSTCMDE.sh] -------------------------------------------------------------------
[09112023-19:01:13][INFO][h2l1osr1004q.dc.infra-grdf.com][export_OSR_MM-LSTCMDE.sh] --- Export du fichier OSRMM_20231109_LISTECOMMANDE.txt
[09112023-19:01:13][INFO][h2l1osr1004q.dc.infra-grdf.com][export_OSR_MM-LSTCMDE.sh] -------------------------------------------------------------------
[09112023-19:01:13][INFO][h2l1osr1004q.dc.infra-grdf.com][export_OSR_MM-LSTCMDE.sh]
[09112023-19:01:13][INFO][h2l1osr1004q.dc.infra-grdf.com][export_OSR_MM-LSTCMDE.sh] L'export des données s'est déroulé avec succès.
[09112023-19:01:13][INFO][h2l1osr1004q.dc.infra-grdf.com][export_OSR_MM-LSTCMDE.sh]
[09112023-19:01:13][INFO][h2l1osr1004q.dc.infra-grdf.com][export_OSR_MM-LSTCMDE.sh] ========================== FIN DU SCRIPT ==========================
[09112023-19:01:13][INFO][h2l1osr1004q.dc.infra-grdf.com][export_OSR_MM-LSTCMDE.sh]
[10112023-19:01:16][INFO][h2l1osr1004q.dc.infra-grdf.com][export_OSR_MM-LSTCMDE.sh] ========================= DEBUT DU SCRIPT =========================
[10112023-19:01:16][INFO][h2l1osr1004q.dc.infra-grdf.com][export_OSR_MM-LSTCMDE.sh]
[10112023-19:01:16][INFO][h2l1osr1004q.dc.infra-grdf.com][export_OSR_MM-LSTCMDE.sh] -------------------------------------------------------------------
[10112023-19:01:16][INFO][h2l1osr1004q.dc.infra-grdf.com][export_OSR_MM-LSTCMDE.sh] --- Export du fichier OSRMM_20231110_LISTECOMMANDE.txt
[10112023-19:01:16][INFO][h2l1osr1004q.dc.infra-grdf.com][export_OSR_MM-LSTCMDE.sh] -------------------------------------------------------------------
[10112023-19:01:16][INFO][h2l1osr1004q.dc.infra-grdf.com][export_OSR_MM-LSTCMDE.sh]
[10112023-19:01:16][INFO][h2l1osr1004q.dc.infra-grdf.com][export_OSR_MM-LSTCMDE.sh] L'export des données s'est déroulé avec succès.
[10112023-19:01:16][INFO][h2l1osr1004q.dc.infra-grdf.com][export_OSR_MM-LSTCMDE.sh]
[10112023-19:01:16][INFO][h2l1osr1004q.dc.infra-grdf.com][export_OSR_MM-LSTCMDE.sh] ========================== FIN DU SCRIPT ==========================
[10112023-19:01:16][INFO][h2l1osr1004q.dc.infra-grdf.com][export_OSR_MM-LSTCMDE.sh]
[13112023-19:01:18][INFO][h2l1osr1004q.dc.infra-grdf.com][export_OSR_MM-LSTCMDE.sh] ========================= DEBUT DU SCRIPT =========================
[13112023-19:01:18][INFO][h2l1osr1004q.dc.infra-grdf.com][export_OSR_MM-LSTCMDE.sh]
[13112023-19:01:18][INFO][h2l1osr1004q.dc.infra-grdf.com][export_OSR_MM-LSTCMDE.sh] -------------------------------------------------------------------
[13112023-19:01:18][INFO][h2l1osr1004q.dc.infra-grdf.com][export_OSR_MM-LSTCMDE.sh] --- Export du fichier OSRMM_20231113_LISTECOMMANDE.txt
[13112023-19:01:18][INFO][h2l1osr1004q.dc.infra-grdf.com][export_OSR_MM-LSTCMDE.sh] -------------------------------------------------------------------
[13112023-19:01:18][INFO][h2l1osr1004q.dc.infra-grdf.com][export_OSR_MM-LSTCMDE.sh]
[13112023-19:01:18][INFO][h2l1osr1004q.dc.infra-grdf.com][export_OSR_MM-LSTCMDE.sh] L'export des données s'est déroulé avec succès.
[13112023-19:01:18][INFO][h2l1osr1004q.dc.infra-grdf.com][export_OSR_MM-LSTCMDE.sh]
[13112023-19:01:18][INFO][h2l1osr1004q.dc.infra-grdf.com][export_OSR_MM-LSTCMDE.sh] ========================== FIN DU SCRIPT ==========================
[13112023-19:01:18][INFO][h2l1osr1004q.dc.infra-grdf.com][export_OSR_MM-LSTCMDE.sh]
[14112023-19:01:15][INFO][h2l1osr1004q.dc.infra-grdf.com][export_OSR_MM-LSTCMDE.sh] ========================= DEBUT DU SCRIPT =========================
[14112023-19:01:15][INFO][h2l1osr1004q.dc.infra-grdf.com][export_OSR_MM-LSTCMDE.sh]
[14112023-19:01:15][INFO][h2l1osr1004q.dc.infra-grdf.com][export_OSR_MM-LSTCMDE.sh] -------------------------------------------------------------------
[14112023-19:01:15][INFO][h2l1osr1004q.dc.infra-grdf.com][export_OSR_MM-LSTCMDE.sh] --- Export du fichier OSRMM_20231114_LISTECOMMANDE.txt
[14112023-19:01:15][INFO][h2l1osr1004q.dc.infra-grdf.com][export_OSR_MM-LSTCMDE.sh] -------------------------------------------------------------------
[14112023-19:01:15][INFO][h2l1osr1004q.dc.infra-grdf.com][export_OSR_MM-LSTCMDE.sh]
[14112023-19:01:15][INFO][h2l1osr1004q.dc.infra-grdf.com][export_OSR_MM-LSTCMDE.sh] L'export des données s'est déroulé avec succès.
[14112023-19:01:15][INFO][h2l1osr1004q.dc.infra-grdf.com][export_OSR_MM-LSTCMDE.sh]
[14112023-19:01:15][INFO][h2l1osr1004q.dc.infra-grdf.com][export_OSR_MM-LSTCMDE.sh] ========================== FIN DU SCRIPT ==========================
[14112023-19:01:15][INFO][h2l1osr1004q.dc.infra-grdf.com][export_OSR_MM-LSTCMDE.sh]
[15112023-19:01:12][INFO][h2l1osr1004q.dc.infra-grdf.com][export_OSR_MM-LSTCMDE.sh] ========================= DEBUT DU SCRIPT =========================
[15112023-19:01:12][INFO][h2l1osr1004q.dc.infra-grdf.com][export_OSR_MM-LSTCMDE.sh]
[15112023-19:01:12][INFO][h2l1osr1004q.dc.infra-grdf.com][export_OSR_MM-LSTCMDE.sh] -------------------------------------------------------------------
[15112023-19:01:13][INFO][h2l1osr1004q.dc.infra-grdf.com][export_OSR_MM-LSTCMDE.sh] --- Export du fichier OSRMM_20231115_LISTECOMMANDE.txt
[15112023-19:01:13][INFO][h2l1osr1004q.dc.infra-grdf.com][export_OSR_MM-LSTCMDE.sh] -------------------------------------------------------------------
[15112023-19:01:13][INFO][h2l1osr1004q.dc.infra-grdf.com][export_OSR_MM-LSTCMDE.sh]
[15112023-19:01:13][INFO][h2l1osr1004q.dc.infra-grdf.com][export_OSR_MM-LSTCMDE.sh] L'export des données s'est déroulé avec succès.
[15112023-19:01:13][INFO][h2l1osr1004q.dc.infra-grdf.com][export_OSR_MM-LSTCMDE.sh]
[15112023-19:01:13][INFO][h2l1osr1004q.dc.infra-grdf.com][export_OSR_MM-LSTCMDE.sh] ========================== FIN DU SCRIPT ==========================
[15112023-19:01:13][INFO][h2l1osr1004q.dc.infra-grdf.com][export_OSR_MM-LSTCMDE.sh]
[16112023-19:01:18][INFO][h2l1osr1004q.dc.infra-grdf.com][export_OSR_MM-LSTCMDE.sh] ========================= DEBUT DU SCRIPT =========================
[16112023-19:01:18][INFO][h2l1osr1004q.dc.infra-grdf.com][export_OSR_MM-LSTCMDE.sh]
[16112023-19:01:18][INFO][h2l1osr1004q.dc.infra-grdf.com][export_OSR_MM-LSTCMDE.sh] -------------------------------------------------------------------
[16112023-19:01:18][INFO][h2l1osr1004q.dc.infra-grdf.com][export_OSR_MM-LSTCMDE.sh] --- Export du fichier OSRMM_20231116_LISTECOMMANDE.txt
[16112023-19:01:18][INFO][h2l1osr1004q.dc.infra-grdf.com][export_OSR_MM-LSTCMDE.sh] -------------------------------------------------------------------
[16112023-19:01:19][INFO][h2l1osr1004q.dc.infra-grdf.com][export_OSR_MM-LSTCMDE.sh]
[16112023-19:01:19][INFO][h2l1osr1004q.dc.infra-grdf.com][export_OSR_MM-LSTCMDE.sh] L'export des données s'est déroulé avec succès.
[16112023-19:01:19][INFO][h2l1osr1004q.dc.infra-grdf.com][export_OSR_MM-LSTCMDE.sh]
[16112023-19:01:19][INFO][h2l1osr1004q.dc.infra-grdf.com][export_OSR_MM-LSTCMDE.sh] ========================== FIN DU SCRIPT ==========================
[16112023-19:01:19][INFO][h2l1osr1004q.dc.infra-grdf.com][export_OSR_MM-LSTCMDE.sh]
[17112023-19:01:08][INFO][h2l1osr1004q.dc.infra-grdf.com][export_OSR_MM-LSTCMDE.sh] ========================= DEBUT DU SCRIPT =========================
[17112023-19:01:08][INFO][h2l1osr1004q.dc.infra-grdf.com][export_OSR_MM-LSTCMDE.sh]
[17112023-19:01:08][INFO][h2l1osr1004q.dc.infra-grdf.com][export_OSR_MM-LSTCMDE.sh] -------------------------------------------------------------------
[17112023-19:01:08][INFO][h2l1osr1004q.dc.infra-grdf.com][export_OSR_MM-LSTCMDE.sh] --- Export du fichier OSRMM_20231117_LISTECOMMANDE.txt
[17112023-19:01:08][INFO][h2l1osr1004q.dc.infra-grdf.com][export_OSR_MM-LSTCMDE.sh] -------------------------------------------------------------------
[17112023-19:01:08][INFO][h2l1osr1004q.dc.infra-grdf.com][export_OSR_MM-LSTCMDE.sh]
[17112023-19:01:08][INFO][h2l1osr1004q.dc.infra-grdf.com][export_OSR_MM-LSTCMDE.sh] L'export des données s'est déroulé avec succès.
[17112023-19:01:08][INFO][h2l1osr1004q.dc.infra-grdf.com][export_OSR_MM-LSTCMDE.sh]
[17112023-19:01:08][INFO][h2l1osr1004q.dc.infra-grdf.com][export_OSR_MM-LSTCMDE.sh] ========================== FIN DU SCRIPT ==========================
[17112023-19:01:08][INFO][h2l1osr1004q.dc.infra-grdf.com][export_OSR_MM-LSTCMDE.sh]
[20112023-19:01:22][INFO][h2l1osr1004q.dc.infra-grdf.com][export_OSR_MM-LSTCMDE.sh] ========================= DEBUT DU SCRIPT =========================
[20112023-19:01:22][INFO][h2l1osr1004q.dc.infra-grdf.com][export_OSR_MM-LSTCMDE.sh]
[20112023-19:01:22][INFO][h2l1osr1004q.dc.infra-grdf.com][export_OSR_MM-LSTCMDE.sh] -------------------------------------------------------------------
[20112023-19:01:22][INFO][h2l1osr1004q.dc.infra-grdf.com][export_OSR_MM-LSTCMDE.sh] --- Export du fichier OSRMM_20231120_LISTECOMMANDE.txt
[20112023-19:01:22][INFO][h2l1osr1004q.dc.infra-grdf.com][export_OSR_MM-LSTCMDE.sh] -------------------------------------------------------------------
[20112023-19:01:22][INFO][h2l1osr1004q.dc.infra-grdf.com][export_OSR_MM-LSTCMDE.sh]
[20112023-19:01:22][INFO][h2l1osr1004q.dc.infra-grdf.com][export_OSR_MM-LSTCMDE.sh] L'export des données s'est déroulé avec succès.
[20112023-19:01:22][INFO][h2l1osr1004q.dc.infra-grdf.com][export_OSR_MM-LSTCMDE.sh]
[20112023-19:01:22][INFO][h2l1osr1004q.dc.infra-grdf.com][export_OSR_MM-LSTCMDE.sh] ========================== FIN DU SCRIPT ==========================
[20112023-19:01:22][INFO][h2l1osr1004q.dc.infra-grdf.com][export_OSR_MM-LSTCMDE.sh]
[21112023-19:01:16][INFO][h2l1osr1004q.dc.infra-grdf.com][export_OSR_MM-LSTCMDE.sh] ========================= DEBUT DU SCRIPT =========================
[21112023-19:01:16][INFO][h2l1osr1004q.dc.infra-grdf.com][export_OSR_MM-LSTCMDE.sh]
[21112023-19:01:16][INFO][h2l1osr1004q.dc.infra-grdf.com][export_OSR_MM-LSTCMDE.sh] -------------------------------------------------------------------
[21112023-19:01:16][INFO][h2l1osr1004q.dc.infra-grdf.com][export_OSR_MM-LSTCMDE.sh] --- Export du fichier OSRMM_20231121_LISTECOMMANDE.txt
[21112023-19:01:16][INFO][h2l1osr1004q.dc.infra-grdf.com][export_OSR_MM-LSTCMDE.sh] -------------------------------------------------------------------
[21112023-19:01:16][INFO][h2l1osr1004q.dc.infra-grdf.com][export_OSR_MM-LSTCMDE.sh]
[21112023-19:01:16][INFO][h2l1osr1004q.dc.infra-grdf.com][export_OSR_MM-LSTCMDE.sh] L'export des données s'est déroulé avec succès.
[21112023-19:01:16][INFO][h2l1osr1004q.dc.infra-grdf.com][export_OSR_MM-LSTCMDE.sh]
[21112023-19:01:16][INFO][h2l1osr1004q.dc.infra-grdf.com][export_OSR_MM-LSTCMDE.sh] ========================== FIN DU SCRIPT ==========================
[21112023-19:01:16][INFO][h2l1osr1004q.dc.infra-grdf.com][export_OSR_MM-LSTCMDE.sh]
[22112023-19:01:19][INFO][h2l1osr1004q.dc.infra-grdf.com][export_OSR_MM-LSTCMDE.sh] ========================= DEBUT DU SCRIPT =========================
[22112023-19:01:19][INFO][h2l1osr1004q.dc.infra-grdf.com][export_OSR_MM-LSTCMDE.sh]
[22112023-19:01:19][INFO][h2l1osr1004q.dc.infra-grdf.com][export_OSR_MM-LSTCMDE.sh] -------------------------------------------------------------------
[22112023-19:01:19][INFO][h2l1osr1004q.dc.infra-grdf.com][export_OSR_MM-LSTCMDE.sh] --- Export du fichier OSRMM_20231122_LISTECOMMANDE.txt
[22112023-19:01:19][INFO][h2l1osr1004q.dc.infra-grdf.com][export_OSR_MM-LSTCMDE.sh] -------------------------------------------------------------------
[22112023-19:01:19][INFO][h2l1osr1004q.dc.infra-grdf.com][export_OSR_MM-LSTCMDE.sh]
[22112023-19:01:19][INFO][h2l1osr1004q.dc.infra-grdf.com][export_OSR_MM-LSTCMDE.sh] L'export des données s'est déroulé avec succès.
[22112023-19:01:19][INFO][h2l1osr1004q.dc.infra-grdf.com][export_OSR_MM-LSTCMDE.sh]
[22112023-19:01:19][INFO][h2l1osr1004q.dc.infra-grdf.com][export_OSR_MM-LSTCMDE.sh] ========================== FIN DU SCRIPT ==========================
[22112023-19:01:19][INFO][h2l1osr1004q.dc.infra-grdf.com][export_OSR_MM-LSTCMDE.sh]
[23112023-19:01:18][INFO][h2l1osr1004q.dc.infra-grdf.com][export_OSR_MM-LSTCMDE.sh] ========================= DEBUT DU SCRIPT =========================
[23112023-19:01:18][INFO][h2l1osr1004q.dc.infra-grdf.com][export_OSR_MM-LSTCMDE.sh]
[23112023-19:01:18][INFO][h2l1osr1004q.dc.infra-grdf.com][export_OSR_MM-LSTCMDE.sh] -------------------------------------------------------------------
[23112023-19:01:18][INFO][h2l1osr1004q.dc.infra-grdf.com][export_OSR_MM-LSTCMDE.sh] --- Export du fichier OSRMM_20231123_LISTECOMMANDE.txt
[23112023-19:01:18][INFO][h2l1osr1004q.dc.infra-grdf.com][export_OSR_MM-LSTCMDE.sh] -------------------------------------------------------------------
[23112023-19:01:18][INFO][h2l1osr1004q.dc.infra-grdf.com][export_OSR_MM-LSTCMDE.sh]
[23112023-19:01:18][INFO][h2l1osr1004q.dc.infra-grdf.com][export_OSR_MM-LSTCMDE.sh] L'export des données s'est déroulé avec succès.
[23112023-19:01:18][INFO][h2l1osr1004q.dc.infra-grdf.com][export_OSR_MM-LSTCMDE.sh]
[23112023-19:01:18][INFO][h2l1osr1004q.dc.infra-grdf.com][export_OSR_MM-LSTCMDE.sh] ========================== FIN DU SCRIPT ==========================
[23112023-19:01:18][INFO][h2l1osr1004q.dc.infra-grdf.com][export_OSR_MM-LSTCMDE.sh]
[24112023-19:01:21][INFO][h2l1osr1004q.dc.infra-grdf.com][export_OSR_MM-LSTCMDE.sh] ========================= DEBUT DU SCRIPT =========================
[24112023-19:01:21][INFO][h2l1osr1004q.dc.infra-grdf.com][export_OSR_MM-LSTCMDE.sh]
[24112023-19:01:21][INFO][h2l1osr1004q.dc.infra-grdf.com][export_OSR_MM-LSTCMDE.sh] -------------------------------------------------------------------
[24112023-19:01:21][INFO][h2l1osr1004q.dc.infra-grdf.com][export_OSR_MM-LSTCMDE.sh] --- Export du fichier OSRMM_20231124_LISTECOMMANDE.txt
[24112023-19:01:21][INFO][h2l1osr1004q.dc.infra-grdf.com][export_OSR_MM-LSTCMDE.sh] -------------------------------------------------------------------
[24112023-19:01:22][INFO][h2l1osr1004q.dc.infra-grdf.com][export_OSR_MM-LSTCMDE.sh]
[24112023-19:01:22][INFO][h2l1osr1004q.dc.infra-grdf.com][export_OSR_MM-LSTCMDE.sh] L'export des données s'est déroulé avec succès.
[24112023-19:01:22][INFO][h2l1osr1004q.dc.infra-grdf.com][export_OSR_MM-LSTCMDE.sh]
[24112023-19:01:22][INFO][h2l1osr1004q.dc.infra-grdf.com][export_OSR_MM-LSTCMDE.sh] ========================== FIN DU SCRIPT ==========================
[24112023-19:01:22][INFO][h2l1osr1004q.dc.infra-grdf.com][export_OSR_MM-LSTCMDE.sh]
[27112023-19:01:27][INFO][h2l1osr1004q.dc.infra-grdf.com][export_OSR_MM-LSTCMDE.sh] ========================= DEBUT DU SCRIPT =========================
[27112023-19:01:27][INFO][h2l1osr1004q.dc.infra-grdf.com][export_OSR_MM-LSTCMDE.sh]
[27112023-19:01:27][INFO][h2l1osr1004q.dc.infra-grdf.com][export_OSR_MM-LSTCMDE.sh] -------------------------------------------------------------------
[27112023-19:01:27][INFO][h2l1osr1004q.dc.infra-grdf.com][export_OSR_MM-LSTCMDE.sh] --- Export du fichier OSRMM_20231127_LISTECOMMANDE.txt
[27112023-19:01:27][INFO][h2l1osr1004q.dc.infra-grdf.com][export_OSR_MM-LSTCMDE.sh] -------------------------------------------------------------------
[27112023-19:01:27][INFO][h2l1osr1004q.dc.infra-grdf.com][export_OSR_MM-LSTCMDE.sh]
[27112023-19:01:27][INFO][h2l1osr1004q.dc.infra-grdf.com][export_OSR_MM-LSTCMDE.sh] L'export des données s'est déroulé avec succès.
[27112023-19:01:27][INFO][h2l1osr1004q.dc.infra-grdf.com][export_OSR_MM-LSTCMDE.sh]
[27112023-19:01:27][INFO][h2l1osr1004q.dc.infra-grdf.com][export_OSR_MM-LSTCMDE.sh] ========================== FIN DU SCRIPT ==========================
[27112023-19:01:27][INFO][h2l1osr1004q.dc.infra-grdf.com][export_OSR_MM-LSTCMDE.sh]
[28112023-19:01:09][INFO][h2l1osr1004q.dc.infra-grdf.com][export_OSR_MM-LSTCMDE.sh] ========================= DEBUT DU SCRIPT =========================
[28112023-19:01:09][INFO][h2l1osr1004q.dc.infra-grdf.com][export_OSR_MM-LSTCMDE.sh]
[28112023-19:01:09][INFO][h2l1osr1004q.dc.infra-grdf.com][export_OSR_MM-LSTCMDE.sh] -------------------------------------------------------------------
[28112023-19:01:09][INFO][h2l1osr1004q.dc.infra-grdf.com][export_OSR_MM-LSTCMDE.sh] --- Export du fichier OSRMM_20231128_LISTECOMMANDE.txt
[28112023-19:01:09][INFO][h2l1osr1004q.dc.infra-grdf.com][export_OSR_MM-LSTCMDE.sh] -------------------------------------------------------------------
[28112023-19:01:10][INFO][h2l1osr1004q.dc.infra-grdf.com][export_OSR_MM-LSTCMDE.sh]
[28112023-19:01:10][INFO][h2l1osr1004q.dc.infra-grdf.com][export_OSR_MM-LSTCMDE.sh] L'export des données s'est déroulé avec succès.
[28112023-19:01:10][INFO][h2l1osr1004q.dc.infra-grdf.com][export_OSR_MM-LSTCMDE.sh]
[28112023-19:01:10][INFO][h2l1osr1004q.dc.infra-grdf.com][export_OSR_MM-LSTCMDE.sh] ========================== FIN DU SCRIPT ==========================
[28112023-19:01:10][INFO][h2l1osr1004q.dc.infra-grdf.com][export_OSR_MM-LSTCMDE.sh]
[29112023-19:01:25][INFO][h2l1osr1004q.dc.infra-grdf.com][export_OSR_MM-LSTCMDE.sh] ========================= DEBUT DU SCRIPT =========================
[29112023-19:01:25][INFO][h2l1osr1004q.dc.infra-grdf.com][export_OSR_MM-LSTCMDE.sh]
[29112023-19:01:25][INFO][h2l1osr1004q.dc.infra-grdf.com][export_OSR_MM-LSTCMDE.sh] -------------------------------------------------------------------
[29112023-19:01:25][INFO][h2l1osr1004q.dc.infra-grdf.com][export_OSR_MM-LSTCMDE.sh] --- Export du fichier OSRMM_20231129_LISTECOMMANDE.txt
[29112023-19:01:25][INFO][h2l1osr1004q.dc.infra-grdf.com][export_OSR_MM-LSTCMDE.sh] -------------------------------------------------------------------
[29112023-19:01:25][INFO][h2l1osr1004q.dc.infra-grdf.com][export_OSR_MM-LSTCMDE.sh]
[29112023-19:01:25][INFO][h2l1osr1004q.dc.infra-grdf.com][export_OSR_MM-LSTCMDE.sh] L'export des données s'est déroulé avec succès.
[29112023-19:01:25][INFO][h2l1osr1004q.dc.infra-grdf.com][export_OSR_MM-LSTCMDE.sh]
[29112023-19:01:25][INFO][h2l1osr1004q.dc.infra-grdf.com][export_OSR_MM-LSTCMDE.sh] ========================== FIN DU SCRIPT ==========================
[29112023-19:01:25][INFO][h2l1osr1004q.dc.infra-grdf.com][export_OSR_MM-LSTCMDE.sh]
[30112023-19:01:18][INFO][h2l1osr1004q.dc.infra-grdf.com][export_OSR_MM-LSTCMDE.sh] ========================= DEBUT DU SCRIPT =========================
[30112023-19:01:18][INFO][h2l1osr1004q.dc.infra-grdf.com][export_OSR_MM-LSTCMDE.sh]
[30112023-19:01:18][INFO][h2l1osr1004q.dc.infra-grdf.com][export_OSR_MM-LSTCMDE.sh] -------------------------------------------------------------------
[30112023-19:01:18][INFO][h2l1osr1004q.dc.infra-grdf.com][export_OSR_MM-LSTCMDE.sh] --- Export du fichier OSRMM_20231130_LISTECOMMANDE.txt
[30112023-19:01:18][INFO][h2l1osr1004q.dc.infra-grdf.com][export_OSR_MM-LSTCMDE.sh] -------------------------------------------------------------------
[30112023-19:01:19][INFO][h2l1osr1004q.dc.infra-grdf.com][export_OSR_MM-LSTCMDE.sh]
[30112023-19:01:19][INFO][h2l1osr1004q.dc.infra-grdf.com][export_OSR_MM-LSTCMDE.sh] L'export des données s'est déroulé avec succès.
[30112023-19:01:19][INFO][h2l1osr1004q.dc.infra-grdf.com][export_OSR_MM-LSTCMDE.sh]
[30112023-19:01:19][INFO][h2l1osr1004q.dc.infra-grdf.com][export_OSR_MM-LSTCMDE.sh] ========================== FIN DU SCRIPT ==========================
[30112023-19:01:19][INFO][h2l1osr1004q.dc.infra-grdf.com][export_OSR_MM-LSTCMDE.sh]
[01122023-19:01:25][INFO][h2l1osr1004q.dc.infra-grdf.com][export_OSR_MM-LSTCMDE.sh] ========================= DEBUT DU SCRIPT =========================
[01122023-19:01:25][INFO][h2l1osr1004q.dc.infra-grdf.com][export_OSR_MM-LSTCMDE.sh]
[01122023-19:01:25][INFO][h2l1osr1004q.dc.infra-grdf.com][export_OSR_MM-LSTCMDE.sh] -------------------------------------------------------------------
[01122023-19:01:25][INFO][h2l1osr1004q.dc.infra-grdf.com][export_OSR_MM-LSTCMDE.sh] --- Export du fichier OSRMM_20231201_LISTECOMMANDE.txt
[01122023-19:01:25][INFO][h2l1osr1004q.dc.infra-grdf.com][export_OSR_MM-LSTCMDE.sh] -------------------------------------------------------------------
[01122023-19:01:26][INFO][h2l1osr1004q.dc.infra-grdf.com][export_OSR_MM-LSTCMDE.sh]
[01122023-19:01:26][INFO][h2l1osr1004q.dc.infra-grdf.com][export_OSR_MM-LSTCMDE.sh] L'export des données s'est déroulé avec succès.
[01122023-19:01:26][INFO][h2l1osr1004q.dc.infra-grdf.com][export_OSR_MM-LSTCMDE.sh]
[01122023-19:01:26][INFO][h2l1osr1004q.dc.infra-grdf.com][export_OSR_MM-LSTCMDE.sh] ========================== FIN DU SCRIPT ==========================
[01122023-19:01:26][INFO][h2l1osr1004q.dc.infra-grdf.com][export_OSR_MM-LSTCMDE.sh]
[04122023-19:01:15][INFO][h2l1osr1004q.dc.infra-grdf.com][export_OSR_MM-LSTCMDE.sh] ========================= DEBUT DU SCRIPT =========================
[04122023-19:01:15][INFO][h2l1osr1004q.dc.infra-grdf.com][export_OSR_MM-LSTCMDE.sh]
[04122023-19:01:15][INFO][h2l1osr1004q.dc.infra-grdf.com][export_OSR_MM-LSTCMDE.sh] -------------------------------------------------------------------
[04122023-19:01:15][INFO][h2l1osr1004q.dc.infra-grdf.com][export_OSR_MM-LSTCMDE.sh] --- Export du fichier OSRMM_20231204_LISTECOMMANDE.txt
[04122023-19:01:15][INFO][h2l1osr1004q.dc.infra-grdf.com][export_OSR_MM-LSTCMDE.sh] -------------------------------------------------------------------
[04122023-19:01:15][INFO][h2l1osr1004q.dc.infra-grdf.com][export_OSR_MM-LSTCMDE.sh]
[04122023-19:01:15][INFO][h2l1osr1004q.dc.infra-grdf.com][export_OSR_MM-LSTCMDE.sh] L'export des données s'est déroulé avec succès.
[04122023-19:01:15][INFO][h2l1osr1004q.dc.infra-grdf.com][export_OSR_MM-LSTCMDE.sh]
[04122023-19:01:15][INFO][h2l1osr1004q.dc.infra-grdf.com][export_OSR_MM-LSTCMDE.sh] ========================== FIN DU SCRIPT ==========================
[04122023-19:01:15][INFO][h2l1osr1004q.dc.infra-grdf.com][export_OSR_MM-LSTCMDE.sh]
[05122023-19:01:25][INFO][h2l1osr1004q.dc.infra-grdf.com][export_OSR_MM-LSTCMDE.sh] ========================= DEBUT DU SCRIPT =========================
[05122023-19:01:25][INFO][h2l1osr1004q.dc.infra-grdf.com][export_OSR_MM-LSTCMDE.sh]
[05122023-19:01:25][INFO][h2l1osr1004q.dc.infra-grdf.com][export_OSR_MM-LSTCMDE.sh] -------------------------------------------------------------------
[05122023-19:01:25][INFO][h2l1osr1004q.dc.infra-grdf.com][export_OSR_MM-LSTCMDE.sh] --- Export du fichier OSRMM_20231205_LISTECOMMANDE.txt
[05122023-19:01:25][INFO][h2l1osr1004q.dc.infra-grdf.com][export_OSR_MM-LSTCMDE.sh] -------------------------------------------------------------------
[05122023-19:01:25][INFO][h2l1osr1004q.dc.infra-grdf.com][export_OSR_MM-LSTCMDE.sh]
[05122023-19:01:25][INFO][h2l1osr1004q.dc.infra-grdf.com][export_OSR_MM-LSTCMDE.sh] L'export des données s'est déroulé avec succès.
[05122023-19:01:26][INFO][h2l1osr1004q.dc.infra-grdf.com][export_OSR_MM-LSTCMDE.sh]
[05122023-19:01:26][INFO][h2l1osr1004q.dc.infra-grdf.com][export_OSR_MM-LSTCMDE.sh] ========================== FIN DU SCRIPT ==========================
[05122023-19:01:26][INFO][h2l1osr1004q.dc.infra-grdf.com][export_OSR_MM-LSTCMDE.sh]
[06122023-19:01:13][INFO][h2l1osr1004q.dc.infra-grdf.com][export_OSR_MM-LSTCMDE.sh] ========================= DEBUT DU SCRIPT =========================
[06122023-19:01:13][INFO][h2l1osr1004q.dc.infra-grdf.com][export_OSR_MM-LSTCMDE.sh]
[06122023-19:01:13][INFO][h2l1osr1004q.dc.infra-grdf.com][export_OSR_MM-LSTCMDE.sh] -------------------------------------------------------------------
[06122023-19:01:13][INFO][h2l1osr1004q.dc.infra-grdf.com][export_OSR_MM-LSTCMDE.sh] --- Export du fichier OSRMM_20231206_LISTECOMMANDE.txt
[06122023-19:01:13][INFO][h2l1osr1004q.dc.infra-grdf.com][export_OSR_MM-LSTCMDE.sh] -------------------------------------------------------------------
[06122023-19:01:14][INFO][h2l1osr1004q.dc.infra-grdf.com][export_OSR_MM-LSTCMDE.sh]
[06122023-19:01:14][INFO][h2l1osr1004q.dc.infra-grdf.com][export_OSR_MM-LSTCMDE.sh] L'export des données s'est déroulé avec succès.
[06122023-19:01:14][INFO][h2l1osr1004q.dc.infra-grdf.com][export_OSR_MM-LSTCMDE.sh]
[06122023-19:01:14][INFO][h2l1osr1004q.dc.infra-grdf.com][export_OSR_MM-LSTCMDE.sh] ========================== FIN DU SCRIPT ==========================
[06122023-19:01:14][INFO][h2l1osr1004q.dc.infra-grdf.com][export_OSR_MM-LSTCMDE.sh]
[07122023-19:01:19][INFO][h2l1osr1004q.dc.infra-grdf.com][export_OSR_MM-LSTCMDE.sh] ========================= DEBUT DU SCRIPT =========================
[07122023-19:01:19][INFO][h2l1osr1004q.dc.infra-grdf.com][export_OSR_MM-LSTCMDE.sh]
[07122023-19:01:19][INFO][h2l1osr1004q.dc.infra-grdf.com][export_OSR_MM-LSTCMDE.sh] -------------------------------------------------------------------
[07122023-19:01:19][INFO][h2l1osr1004q.dc.infra-grdf.com][export_OSR_MM-LSTCMDE.sh] --- Export du fichier OSRMM_20231207_LISTECOMMANDE.txt
[07122023-19:01:19][INFO][h2l1osr1004q.dc.infra-grdf.com][export_OSR_MM-LSTCMDE.sh] -------------------------------------------------------------------
[07122023-19:01:19][INFO][h2l1osr1004q.dc.infra-grdf.com][export_OSR_MM-LSTCMDE.sh]
[07122023-19:01:19][INFO][h2l1osr1004q.dc.infra-grdf.com][export_OSR_MM-LSTCMDE.sh] L'export des données s'est déroulé avec succès.
[07122023-19:01:19][INFO][h2l1osr1004q.dc.infra-grdf.com][export_OSR_MM-LSTCMDE.sh]
[07122023-19:01:19][INFO][h2l1osr1004q.dc.infra-grdf.com][export_OSR_MM-LSTCMDE.sh] ========================== FIN DU SCRIPT ==========================
[07122023-19:01:19][INFO][h2l1osr1004q.dc.infra-grdf.com][export_OSR_MM-LSTCMDE.sh]
[08122023-19:01:18][INFO][h2l1osr1004q.dc.infra-grdf.com][export_OSR_MM-LSTCMDE.sh] ========================= DEBUT DU SCRIPT =========================
[08122023-19:01:18][INFO][h2l1osr1004q.dc.infra-grdf.com][export_OSR_MM-LSTCMDE.sh]
[08122023-19:01:18][INFO][h2l1osr1004q.dc.infra-grdf.com][export_OSR_MM-LSTCMDE.sh] -------------------------------------------------------------------
[08122023-19:01:18][INFO][h2l1osr1004q.dc.infra-grdf.com][export_OSR_MM-LSTCMDE.sh] --- Export du fichier OSRMM_20231208_LISTECOMMANDE.txt
[08122023-19:01:18][INFO][h2l1osr1004q.dc.infra-grdf.com][export_OSR_MM-LSTCMDE.sh] -------------------------------------------------------------------
[08122023-19:01:18][INFO][h2l1osr1004q.dc.infra-grdf.com][export_OSR_MM-LSTCMDE.sh]
[08122023-19:01:18][INFO][h2l1osr1004q.dc.infra-grdf.com][export_OSR_MM-LSTCMDE.sh] L'export des données s'est déroulé avec succès.
[08122023-19:01:18][INFO][h2l1osr1004q.dc.infra-grdf.com][export_OSR_MM-LSTCMDE.sh]
[08122023-19:01:18][INFO][h2l1osr1004q.dc.infra-grdf.com][export_OSR_MM-LSTCMDE.sh] ========================== FIN DU SCRIPT ==========================
[08122023-19:01:18][INFO][h2l1osr1004q.dc.infra-grdf.com][export_OSR_MM-LSTCMDE.sh]
[11122023-19:01:15][INFO][h2l1osr1004q.dc.infra-grdf.com][export_OSR_MM-LSTCMDE.sh] ========================= DEBUT DU SCRIPT =========================
[11122023-19:01:15][INFO][h2l1osr1004q.dc.infra-grdf.com][export_OSR_MM-LSTCMDE.sh]
[11122023-19:01:15][INFO][h2l1osr1004q.dc.infra-grdf.com][export_OSR_MM-LSTCMDE.sh] -------------------------------------------------------------------
[11122023-19:01:15][INFO][h2l1osr1004q.dc.infra-grdf.com][export_OSR_MM-LSTCMDE.sh] --- Export du fichier OSRMM_20231211_LISTECOMMANDE.txt
[11122023-19:01:15][INFO][h2l1osr1004q.dc.infra-grdf.com][export_OSR_MM-LSTCMDE.sh] -------------------------------------------------------------------
[11122023-19:01:16][INFO][h2l1osr1004q.dc.infra-grdf.com][export_OSR_MM-LSTCMDE.sh]
[11122023-19:01:16][INFO][h2l1osr1004q.dc.infra-grdf.com][export_OSR_MM-LSTCMDE.sh] L'export des données s'est déroulé avec succès.
[11122023-19:01:16][INFO][h2l1osr1004q.dc.infra-grdf.com][export_OSR_MM-LSTCMDE.sh]
[11122023-19:01:16][INFO][h2l1osr1004q.dc.infra-grdf.com][export_OSR_MM-LSTCMDE.sh] ========================== FIN DU SCRIPT ==========================
[11122023-19:01:16][INFO][h2l1osr1004q.dc.infra-grdf.com][export_OSR_MM-LSTCMDE.sh]
[12122023-19:01:19][INFO][h2l1osr1004q.dc.infra-grdf.com][export_OSR_MM-LSTCMDE.sh] ========================= DEBUT DU SCRIPT =========================
[12122023-19:01:19][INFO][h2l1osr1004q.dc.infra-grdf.com][export_OSR_MM-LSTCMDE.sh]
[12122023-19:01:19][INFO][h2l1osr1004q.dc.infra-grdf.com][export_OSR_MM-LSTCMDE.sh] -------------------------------------------------------------------
[12122023-19:01:19][INFO][h2l1osr1004q.dc.infra-grdf.com][export_OSR_MM-LSTCMDE.sh] --- Export du fichier OSRMM_20231212_LISTECOMMANDE.txt
[12122023-19:01:19][INFO][h2l1osr1004q.dc.infra-grdf.com][export_OSR_MM-LSTCMDE.sh] -------------------------------------------------------------------
[12122023-19:01:20][INFO][h2l1osr1004q.dc.infra-grdf.com][export_OSR_MM-LSTCMDE.sh]
[12122023-19:01:20][INFO][h2l1osr1004q.dc.infra-grdf.com][export_OSR_MM-LSTCMDE.sh] L'export des données s'est déroulé avec succès.
[12122023-19:01:20][INFO][h2l1osr1004q.dc.infra-grdf.com][export_OSR_MM-LSTCMDE.sh]
[12122023-19:01:20][INFO][h2l1osr1004q.dc.infra-grdf.com][export_OSR_MM-LSTCMDE.sh] ========================== FIN DU SCRIPT ==========================
[12122023-19:01:20][INFO][h2l1osr1004q.dc.infra-grdf.com][export_OSR_MM-LSTCMDE.sh]
[13122023-19:01:21][INFO][h2l1osr1004q.dc.infra-grdf.com][export_OSR_MM-LSTCMDE.sh] ========================= DEBUT DU SCRIPT =========================
[13122023-19:01:21][INFO][h2l1osr1004q.dc.infra-grdf.com][export_OSR_MM-LSTCMDE.sh]
[13122023-19:01:21][INFO][h2l1osr1004q.dc.infra-grdf.com][export_OSR_MM-LSTCMDE.sh] -------------------------------------------------------------------
[13122023-19:01:21][INFO][h2l1osr1004q.dc.infra-grdf.com][export_OSR_MM-LSTCMDE.sh] --- Export du fichier OSRMM_20231213_LISTECOMMANDE.txt
[13122023-19:01:21][INFO][h2l1osr1004q.dc.infra-grdf.com][export_OSR_MM-LSTCMDE.sh] -------------------------------------------------------------------
[13122023-19:01:21][INFO][h2l1osr1004q.dc.infra-grdf.com][export_OSR_MM-LSTCMDE.sh]
[13122023-19:01:21][INFO][h2l1osr1004q.dc.infra-grdf.com][export_OSR_MM-LSTCMDE.sh] L'export des données s'est déroulé avec succès.
[13122023-19:01:21][INFO][h2l1osr1004q.dc.infra-grdf.com][export_OSR_MM-LSTCMDE.sh]
[13122023-19:01:21][INFO][h2l1osr1004q.dc.infra-grdf.com][export_OSR_MM-LSTCMDE.sh] ========================== FIN DU SCRIPT ==========================
[13122023-19:01:21][INFO][h2l1osr1004q.dc.infra-grdf.com][export_OSR_MM-LSTCMDE.sh]
[14122023-19:01:33][INFO][h2l1osr1004q.dc.infra-grdf.com][export_OSR_MM-LSTCMDE.sh] ========================= DEBUT DU SCRIPT =========================
[14122023-19:01:33][INFO][h2l1osr1004q.dc.infra-grdf.com][export_OSR_MM-LSTCMDE.sh]
[14122023-19:01:33][INFO][h2l1osr1004q.dc.infra-grdf.com][export_OSR_MM-LSTCMDE.sh] -------------------------------------------------------------------
[14122023-19:01:33][INFO][h2l1osr1004q.dc.infra-grdf.com][export_OSR_MM-LSTCMDE.sh] --- Export du fichier OSRMM_20231214_LISTECOMMANDE.txt
[14122023-19:01:33][INFO][h2l1osr1004q.dc.infra-grdf.com][export_OSR_MM-LSTCMDE.sh] -------------------------------------------------------------------
[14122023-19:01:33][INFO][h2l1osr1004q.dc.infra-grdf.com][export_OSR_MM-LSTCMDE.sh]
[14122023-19:01:33][INFO][h2l1osr1004q.dc.infra-grdf.com][export_OSR_MM-LSTCMDE.sh] L'export des données s'est déroulé avec succès.
[14122023-19:01:33][INFO][h2l1osr1004q.dc.infra-grdf.com][export_OSR_MM-LSTCMDE.sh]
[14122023-19:01:33][INFO][h2l1osr1004q.dc.infra-grdf.com][export_OSR_MM-LSTCMDE.sh] ========================== FIN DU SCRIPT ==========================
[14122023-19:01:33][INFO][h2l1osr1004q.dc.infra-grdf.com][export_OSR_MM-LSTCMDE.sh]
[15122023-19:01:14][INFO][h2l1osr1004q.dc.infra-grdf.com][export_OSR_MM-LSTCMDE.sh] ========================= DEBUT DU SCRIPT =========================
[15122023-19:01:14][INFO][h2l1osr1004q.dc.infra-grdf.com][export_OSR_MM-LSTCMDE.sh]
[15122023-19:01:14][INFO][h2l1osr1004q.dc.infra-grdf.com][export_OSR_MM-LSTCMDE.sh] -------------------------------------------------------------------
[15122023-19:01:14][INFO][h2l1osr1004q.dc.infra-grdf.com][export_OSR_MM-LSTCMDE.sh] --- Export du fichier OSRMM_20231215_LISTECOMMANDE.txt
[15122023-19:01:14][INFO][h2l1osr1004q.dc.infra-grdf.com][export_OSR_MM-LSTCMDE.sh] -------------------------------------------------------------------
[15122023-19:01:14][INFO][h2l1osr1004q.dc.infra-grdf.com][export_OSR_MM-LSTCMDE.sh]
[15122023-19:01:14][INFO][h2l1osr1004q.dc.infra-grdf.com][export_OSR_MM-LSTCMDE.sh] L'export des données s'est déroulé avec succès.
[15122023-19:01:14][INFO][h2l1osr1004q.dc.infra-grdf.com][export_OSR_MM-LSTCMDE.sh]
[15122023-19:01:14][INFO][h2l1osr1004q.dc.infra-grdf.com][export_OSR_MM-LSTCMDE.sh] ========================== FIN DU SCRIPT ==========================
[15122023-19:01:14][INFO][h2l1osr1004q.dc.infra-grdf.com][export_OSR_MM-LSTCMDE.sh]
[18122023-19:01:09][INFO][h2l1osr1004q.dc.infra-grdf.com][export_OSR_MM-LSTCMDE.sh] ========================= DEBUT DU SCRIPT =========================
[18122023-19:01:09][INFO][h2l1osr1004q.dc.infra-grdf.com][export_OSR_MM-LSTCMDE.sh]
[18122023-19:01:09][INFO][h2l1osr1004q.dc.infra-grdf.com][export_OSR_MM-LSTCMDE.sh] -------------------------------------------------------------------
[18122023-19:01:09][INFO][h2l1osr1004q.dc.infra-grdf.com][export_OSR_MM-LSTCMDE.sh] --- Export du fichier OSRMM_20231218_LISTECOMMANDE.txt
[18122023-19:01:09][INFO][h2l1osr1004q.dc.infra-grdf.com][export_OSR_MM-LSTCMDE.sh] -------------------------------------------------------------------
[18122023-19:01:10][INFO][h2l1osr1004q.dc.infra-grdf.com][export_OSR_MM-LSTCMDE.sh]
[18122023-19:01:10][INFO][h2l1osr1004q.dc.infra-grdf.com][export_OSR_MM-LSTCMDE.sh] L'export des données s'est déroulé avec succès.
[18122023-19:01:10][INFO][h2l1osr1004q.dc.infra-grdf.com][export_OSR_MM-LSTCMDE.sh]
[18122023-19:01:10][INFO][h2l1osr1004q.dc.infra-grdf.com][export_OSR_MM-LSTCMDE.sh] ========================== FIN DU SCRIPT ==========================
[18122023-19:01:10][INFO][h2l1osr1004q.dc.infra-grdf.com][export_OSR_MM-LSTCMDE.sh]
[19122023-19:01:22][INFO][h2l1osr1004q.dc.infra-grdf.com][export_OSR_MM-LSTCMDE.sh] ========================= DEBUT DU SCRIPT =========================
[19122023-19:01:22][INFO][h2l1osr1004q.dc.infra-grdf.com][export_OSR_MM-LSTCMDE.sh]
[19122023-19:01:22][INFO][h2l1osr1004q.dc.infra-grdf.com][export_OSR_MM-LSTCMDE.sh] -------------------------------------------------------------------
[19122023-19:01:22][INFO][h2l1osr1004q.dc.infra-grdf.com][export_OSR_MM-LSTCMDE.sh] --- Export du fichier OSRMM_20231219_LISTECOMMANDE.txt
[19122023-19:01:22][INFO][h2l1osr1004q.dc.infra-grdf.com][export_OSR_MM-LSTCMDE.sh] -------------------------------------------------------------------
[19122023-19:01:22][INFO][h2l1osr1004q.dc.infra-grdf.com][export_OSR_MM-LSTCMDE.sh]
[19122023-19:01:22][INFO][h2l1osr1004q.dc.infra-grdf.com][export_OSR_MM-LSTCMDE.sh] L'export des données s'est déroulé avec succès.
[19122023-19:01:22][INFO][h2l1osr1004q.dc.infra-grdf.com][export_OSR_MM-LSTCMDE.sh]
[19122023-19:01:22][INFO][h2l1osr1004q.dc.infra-grdf.com][export_OSR_MM-LSTCMDE.sh] ========================== FIN DU SCRIPT ==========================
[19122023-19:01:22][INFO][h2l1osr1004q.dc.infra-grdf.com][export_OSR_MM-LSTCMDE.sh]
[20122023-19:01:30][INFO][h2l1osr1004q.dc.infra-grdf.com][export_OSR_MM-LSTCMDE.sh] ========================= DEBUT DU SCRIPT =========================
[20122023-19:01:30][INFO][h2l1osr1004q.dc.infra-grdf.com][export_OSR_MM-LSTCMDE.sh]
[20122023-19:01:30][INFO][h2l1osr1004q.dc.infra-grdf.com][export_OSR_MM-LSTCMDE.sh] -------------------------------------------------------------------
[20122023-19:01:30][INFO][h2l1osr1004q.dc.infra-grdf.com][export_OSR_MM-LSTCMDE.sh] --- Export du fichier OSRMM_20231220_LISTECOMMANDE.txt
[20122023-19:01:30][INFO][h2l1osr1004q.dc.infra-grdf.com][export_OSR_MM-LSTCMDE.sh] -------------------------------------------------------------------
[20122023-19:01:31][INFO][h2l1osr1004q.dc.infra-grdf.com][export_OSR_MM-LSTCMDE.sh]
[20122023-19:01:31][INFO][h2l1osr1004q.dc.infra-grdf.com][export_OSR_MM-LSTCMDE.sh] L'export des données s'est déroulé avec succès.
[20122023-19:01:31][INFO][h2l1osr1004q.dc.infra-grdf.com][export_OSR_MM-LSTCMDE.sh]
[20122023-19:01:31][INFO][h2l1osr1004q.dc.infra-grdf.com][export_OSR_MM-LSTCMDE.sh] ========================== FIN DU SCRIPT ==========================
[20122023-19:01:31][INFO][h2l1osr1004q.dc.infra-grdf.com][export_OSR_MM-LSTCMDE.sh]
[21122023-19:01:22][INFO][h2l1osr1004q.dc.infra-grdf.com][export_OSR_MM-LSTCMDE.sh] ========================= DEBUT DU SCRIPT =========================
[21122023-19:01:22][INFO][h2l1osr1004q.dc.infra-grdf.com][export_OSR_MM-LSTCMDE.sh]
[21122023-19:01:22][INFO][h2l1osr1004q.dc.infra-grdf.com][export_OSR_MM-LSTCMDE.sh] -------------------------------------------------------------------
[21122023-19:01:22][INFO][h2l1osr1004q.dc.infra-grdf.com][export_OSR_MM-LSTCMDE.sh] --- Export du fichier OSRMM_20231221_LISTECOMMANDE.txt
[21122023-19:01:22][INFO][h2l1osr1004q.dc.infra-grdf.com][export_OSR_MM-LSTCMDE.sh] -------------------------------------------------------------------
[21122023-19:01:22][INFO][h2l1osr1004q.dc.infra-grdf.com][export_OSR_MM-LSTCMDE.sh]
[21122023-19:01:22][INFO][h2l1osr1004q.dc.infra-grdf.com][export_OSR_MM-LSTCMDE.sh] L'export des données s'est déroulé avec succès.
[21122023-19:01:22][INFO][h2l1osr1004q.dc.infra-grdf.com][export_OSR_MM-LSTCMDE.sh]
[21122023-19:01:22][INFO][h2l1osr1004q.dc.infra-grdf.com][export_OSR_MM-LSTCMDE.sh] ========================== FIN DU SCRIPT ==========================
[21122023-19:01:22][INFO][h2l1osr1004q.dc.infra-grdf.com][export_OSR_MM-LSTCMDE.sh]
[22122023-19:01:32][INFO][h2l1osr1004q.dc.infra-grdf.com][export_OSR_MM-LSTCMDE.sh] ========================= DEBUT DU SCRIPT =========================
[22122023-19:01:32][INFO][h2l1osr1004q.dc.infra-grdf.com][export_OSR_MM-LSTCMDE.sh]
[22122023-19:01:32][INFO][h2l1osr1004q.dc.infra-grdf.com][export_OSR_MM-LSTCMDE.sh] -------------------------------------------------------------------
[22122023-19:01:32][INFO][h2l1osr1004q.dc.infra-grdf.com][export_OSR_MM-LSTCMDE.sh] --- Export du fichier OSRMM_20231222_LISTECOMMANDE.txt
[22122023-19:01:32][INFO][h2l1osr1004q.dc.infra-grdf.com][export_OSR_MM-LSTCMDE.sh] -------------------------------------------------------------------
[22122023-19:01:32][INFO][h2l1osr1004q.dc.infra-grdf.com][export_OSR_MM-LSTCMDE.sh]
[22122023-19:01:32][INFO][h2l1osr1004q.dc.infra-grdf.com][export_OSR_MM-LSTCMDE.sh] L'export des données s'est déroulé avec succès.
[22122023-19:01:32][INFO][h2l1osr1004q.dc.infra-grdf.com][export_OSR_MM-LSTCMDE.sh]
[22122023-19:01:32][INFO][h2l1osr1004q.dc.infra-grdf.com][export_OSR_MM-LSTCMDE.sh] ========================== FIN DU SCRIPT ==========================
[22122023-19:01:32][INFO][h2l1osr1004q.dc.infra-grdf.com][export_OSR_MM-LSTCMDE.sh]
[25122023-19:01:16][INFO][h2l1osr1004q.dc.infra-grdf.com][export_OSR_MM-LSTCMDE.sh] ========================= DEBUT DU SCRIPT =========================
[25122023-19:01:16][INFO][h2l1osr1004q.dc.infra-grdf.com][export_OSR_MM-LSTCMDE.sh]
[25122023-19:01:16][INFO][h2l1osr1004q.dc.infra-grdf.com][export_OSR_MM-LSTCMDE.sh] -------------------------------------------------------------------
[25122023-19:01:16][INFO][h2l1osr1004q.dc.infra-grdf.com][export_OSR_MM-LSTCMDE.sh] --- Export du fichier OSRMM_20231225_LISTECOMMANDE.txt
[25122023-19:01:16][INFO][h2l1osr1004q.dc.infra-grdf.com][export_OSR_MM-LSTCMDE.sh] -------------------------------------------------------------------
[25122023-19:01:16][INFO][h2l1osr1004q.dc.infra-grdf.com][export_OSR_MM-LSTCMDE.sh]
[25122023-19:01:16][INFO][h2l1osr1004q.dc.infra-grdf.com][export_OSR_MM-LSTCMDE.sh] L'export des données s'est déroulé avec succès.
[25122023-19:01:16][INFO][h2l1osr1004q.dc.infra-grdf.com][export_OSR_MM-LSTCMDE.sh]
[25122023-19:01:16][INFO][h2l1osr1004q.dc.infra-grdf.com][export_OSR_MM-LSTCMDE.sh] ========================== FIN DU SCRIPT ==========================
[25122023-19:01:16][INFO][h2l1osr1004q.dc.infra-grdf.com][export_OSR_MM-LSTCMDE.sh]
[26122023-19:01:24][INFO][h2l1osr1004q.dc.infra-grdf.com][export_OSR_MM-LSTCMDE.sh] ========================= DEBUT DU SCRIPT =========================
[26122023-19:01:24][INFO][h2l1osr1004q.dc.infra-grdf.com][export_OSR_MM-LSTCMDE.sh]
[26122023-19:01:24][INFO][h2l1osr1004q.dc.infra-grdf.com][export_OSR_MM-LSTCMDE.sh] -------------------------------------------------------------------
[26122023-19:01:24][INFO][h2l1osr1004q.dc.infra-grdf.com][export_OSR_MM-LSTCMDE.sh] --- Export du fichier OSRMM_20231226_LISTECOMMANDE.txt
[26122023-19:01:24][INFO][h2l1osr1004q.dc.infra-grdf.com][export_OSR_MM-LSTCMDE.sh] -------------------------------------------------------------------
[26122023-19:01:24][INFO][h2l1osr1004q.dc.infra-grdf.com][export_OSR_MM-LSTCMDE.sh]
[26122023-19:01:24][INFO][h2l1osr1004q.dc.infra-grdf.com][export_OSR_MM-LSTCMDE.sh] L'export des données s'est déroulé avec succès.
[26122023-19:01:24][INFO][h2l1osr1004q.dc.infra-grdf.com][export_OSR_MM-LSTCMDE.sh]
[26122023-19:01:24][INFO][h2l1osr1004q.dc.infra-grdf.com][export_OSR_MM-LSTCMDE.sh] ========================== FIN DU SCRIPT ==========================
[26122023-19:01:24][INFO][h2l1osr1004q.dc.infra-grdf.com][export_OSR_MM-LSTCMDE.sh]
[27122023-19:01:17][INFO][h2l1osr1004q.dc.infra-grdf.com][export_OSR_MM-LSTCMDE.sh] ========================= DEBUT DU SCRIPT =========================
[27122023-19:01:17][INFO][h2l1osr1004q.dc.infra-grdf.com][export_OSR_MM-LSTCMDE.sh]
[27122023-19:01:17][INFO][h2l1osr1004q.dc.infra-grdf.com][export_OSR_MM-LSTCMDE.sh] -------------------------------------------------------------------
[27122023-19:01:17][INFO][h2l1osr1004q.dc.infra-grdf.com][export_OSR_MM-LSTCMDE.sh] --- Export du fichier OSRMM_20231227_LISTECOMMANDE.txt
[27122023-19:01:17][INFO][h2l1osr1004q.dc.infra-grdf.com][export_OSR_MM-LSTCMDE.sh] -------------------------------------------------------------------
[27122023-19:01:18][INFO][h2l1osr1004q.dc.infra-grdf.com][export_OSR_MM-LSTCMDE.sh]
[27122023-19:01:18][INFO][h2l1osr1004q.dc.infra-grdf.com][export_OSR_MM-LSTCMDE.sh] L'export des données s'est déroulé avec succès.
[27122023-19:01:18][INFO][h2l1osr1004q.dc.infra-grdf.com][export_OSR_MM-LSTCMDE.sh]
[27122023-19:01:18][INFO][h2l1osr1004q.dc.infra-grdf.com][export_OSR_MM-LSTCMDE.sh] ========================== FIN DU SCRIPT ==========================
[27122023-19:01:18][INFO][h2l1osr1004q.dc.infra-grdf.com][export_OSR_MM-LSTCMDE.sh]
[28122023-19:01:29][INFO][h2l1osr1004q.dc.infra-grdf.com][export_OSR_MM-LSTCMDE.sh] ========================= DEBUT DU SCRIPT =========================
[28122023-19:01:29][INFO][h2l1osr1004q.dc.infra-grdf.com][export_OSR_MM-LSTCMDE.sh]
[28122023-19:01:29][INFO][h2l1osr1004q.dc.infra-grdf.com][export_OSR_MM-LSTCMDE.sh] -------------------------------------------------------------------
[28122023-19:01:29][INFO][h2l1osr1004q.dc.infra-grdf.com][export_OSR_MM-LSTCMDE.sh] --- Export du fichier OSRMM_20231228_LISTECOMMANDE.txt
[28122023-19:01:29][INFO][h2l1osr1004q.dc.infra-grdf.com][export_OSR_MM-LSTCMDE.sh] -------------------------------------------------------------------
[28122023-19:01:29][INFO][h2l1osr1004q.dc.infra-grdf.com][export_OSR_MM-LSTCMDE.sh]
[28122023-19:01:29][INFO][h2l1osr1004q.dc.infra-grdf.com][export_OSR_MM-LSTCMDE.sh] L'export des données s'est déroulé avec succès.
[28122023-19:01:29][INFO][h2l1osr1004q.dc.infra-grdf.com][export_OSR_MM-LSTCMDE.sh]
[28122023-19:01:29][INFO][h2l1osr1004q.dc.infra-grdf.com][export_OSR_MM-LSTCMDE.sh] ========================== FIN DU SCRIPT ==========================
[28122023-19:01:29][INFO][h2l1osr1004q.dc.infra-grdf.com][export_OSR_MM-LSTCMDE.sh]
