[11122023-06:39:39][INFO][h2l1osr1004q.dc.infra-grdf.com][import_PACMAN_OSR.sh] ========================= DEBUT DU SCRIPT =========================
[11122023-06:39:39][INFO][h2l1osr1004q.dc.infra-grdf.com][import_PACMAN_OSR.sh]
[11122023-06:39:39][INFO][h2l1osr1004q.dc.infra-grdf.com][import_PACMAN_OSR.sh] -------------------------------------------------------------------
[11122023-06:39:39][INFO][h2l1osr1004q.dc.infra-grdf.com][import_PACMAN_OSR.sh] --- Traitement du fichier PACMAN_OSR_AFFAIRES_06102023
[11122023-06:39:39][INFO][h2l1osr1004q.dc.infra-grdf.com][import_PACMAN_OSR.sh] -------------------------------------------------------------------
[11122023-06:39:39][INFO][h2l1osr1004q.dc.infra-grdf.com][import_PACMAN_OSR.sh] Traitement du fichier...
[11122023-06:39:39][INFO][h2l1osr1004q.dc.infra-grdf.com][import_PACMAN_OSR.sh] Chargement du fichier PACMAN_OSR_AFFAIRES_06102023 en table temporaire...
[11122023-06:39:40][ERROR][h2l1osr1004q.dc.infra-grdf.com][import_PACMAN_OSR.sh] La commande sqlldr s'est mal deroulee :
SQL*Loader-500: Unable to open file (PACMAN_OSR_AFFAIRES_06102023.dat)
SQL*Loader-553: file not found
SQL*Loader-509: System error: No such file or directory
SQL*Loader-2026: the load was aborted because SQL Loader cannot continue.
[11122023-06:39:40][INFO][h2l1osr1004q.dc.infra-grdf.com][import_PACMAN_OSR.sh]
[11122023-06:39:40][ERREUR][h2l1osr1004q.dc.infra-grdf.com][import_PACMAN_OSR.sh] L'intégration du fichier s'est terminée en erreur.
[11122023-06:39:40][INFO][h2l1osr1004q.dc.infra-grdf.com][import_PACMAN_OSR.sh] Déplacement du fichier dans Erreur.
[11122023-06:39:40][INFO][h2l1osr1004q.dc.infra-grdf.com][import_PACMAN_OSR.sh]
[11122023-06:39:40][INFO][h2l1osr1004q.dc.infra-grdf.com][import_PACMAN_OSR.sh] Copie des données dans les tables définitives...
[11122023-06:39:41][INFO][h2l1osr1004q.dc.infra-grdf.com][import_PACMAN_OSR.sh]
[11122023-06:39:41][INFO][h2l1osr1004q.dc.infra-grdf.com][import_PACMAN_OSR.sh] L'intégration du fichier s'est déroulée avec succès. Vérifier la table LOGS.
[11122023-06:39:41][INFO][h2l1osr1004q.dc.infra-grdf.com][import_PACMAN_OSR.sh] Déplacement du fichier dans Archive.
[11122023-06:39:41][INFO][h2l1osr1004q.dc.infra-grdf.com][import_PACMAN_OSR.sh]
[11122023-06:39:41][INFO][h2l1osr1004q.dc.infra-grdf.com][import_PACMAN_OSR.sh]
[11122023-06:39:41][INFO][h2l1osr1004q.dc.infra-grdf.com][import_PACMAN_OSR.sh] -------------------------------------------------------------------
[11122023-06:39:41][INFO][h2l1osr1004q.dc.infra-grdf.com][import_PACMAN_OSR.sh] --- Traitement du fichier (1).txt
[11122023-06:39:41][INFO][h2l1osr1004q.dc.infra-grdf.com][import_PACMAN_OSR.sh] -------------------------------------------------------------------
[11122023-06:39:41][INFO][h2l1osr1004q.dc.infra-grdf.com][import_PACMAN_OSR.sh] Traitement du fichier...
[11122023-06:39:41][INFO][h2l1osr1004q.dc.infra-grdf.com][import_PACMAN_OSR.sh] Chargement du fichier (1).txt en table temporaire...
[11122023-06:39:42][ERROR][h2l1osr1004q.dc.infra-grdf.com][import_PACMAN_OSR.sh] La commande sqlldr s'est mal deroulee :
SQL*Loader-570: Warning: single bad file specification with multiple data files using bad.txt file may get overwritten.
SQL*Loader-500: Unable to open file (1.dat)
SQL*Loader-553: file not found
SQL*Loader-509: System error: No such file or directory
SQL*Loader-2026: the load was aborted because SQL Loader cannot continue.
[11122023-06:39:42][INFO][h2l1osr1004q.dc.infra-grdf.com][import_PACMAN_OSR.sh]
[11122023-06:39:42][ERREUR][h2l1osr1004q.dc.infra-grdf.com][import_PACMAN_OSR.sh] L'intégration du fichier s'est terminée en erreur.
[11122023-06:39:42][INFO][h2l1osr1004q.dc.infra-grdf.com][import_PACMAN_OSR.sh] Déplacement du fichier dans Erreur.
[11122023-06:39:42][INFO][h2l1osr1004q.dc.infra-grdf.com][import_PACMAN_OSR.sh]
[11122023-06:39:42][INFO][h2l1osr1004q.dc.infra-grdf.com][import_PACMAN_OSR.sh] Copie des données dans les tables définitives...
[11122023-06:39:43][INFO][h2l1osr1004q.dc.infra-grdf.com][import_PACMAN_OSR.sh]
[11122023-06:39:43][INFO][h2l1osr1004q.dc.infra-grdf.com][import_PACMAN_OSR.sh] L'intégration du fichier s'est déroulée avec succès. Vérifier la table LOGS.
[11122023-06:39:43][INFO][h2l1osr1004q.dc.infra-grdf.com][import_PACMAN_OSR.sh] Déplacement du fichier dans Archive.
[11122023-06:39:43][INFO][h2l1osr1004q.dc.infra-grdf.com][import_PACMAN_OSR.sh]
[11122023-06:39:43][INFO][h2l1osr1004q.dc.infra-grdf.com][import_PACMAN_OSR.sh] ========================== FIN DU SCRIPT ==========================
[11122023-06:39:43][INFO][h2l1osr1004q.dc.infra-grdf.com][import_PACMAN_OSR.sh]
