[21122023-06:29:23][INFO][h2l1osr1004q.dc.infra-grdf.com][import_PACMAN_OSR.sh] ========================= DEBUT DU SCRIPT =========================
[21122023-06:29:23][INFO][h2l1osr1004q.dc.infra-grdf.com][import_PACMAN_OSR.sh]
[21122023-06:29:23][INFO][h2l1osr1004q.dc.infra-grdf.com][import_PACMAN_OSR.sh] -------------------------------------------------------------------
[21122023-06:29:23][INFO][h2l1osr1004q.dc.infra-grdf.com][import_PACMAN_OSR.sh] --- Traitement du fichier PACMAN_OSR_AFFAIRES_06102023
[21122023-06:29:23][INFO][h2l1osr1004q.dc.infra-grdf.com][import_PACMAN_OSR.sh] -------------------------------------------------------------------
[21122023-06:29:23][INFO][h2l1osr1004q.dc.infra-grdf.com][import_PACMAN_OSR.sh] Traitement du fichier...
[21122023-06:29:23][INFO][h2l1osr1004q.dc.infra-grdf.com][import_PACMAN_OSR.sh] Chargement du fichier PACMAN_OSR_AFFAIRES_06102023 en table temporaire...
[21122023-06:29:24][ERROR][h2l1osr1004q.dc.infra-grdf.com][import_PACMAN_OSR.sh] La commande sqlldr s'est mal deroulee :
SQL*Loader-500: Unable to open file (PACMAN_OSR_AFFAIRES_06102023.dat)
SQL*Loader-553: file not found
SQL*Loader-509: System error: No such file or directory
SQL*Loader-2026: the load was aborted because SQL Loader cannot continue.
[21122023-06:29:24][INFO][h2l1osr1004q.dc.infra-grdf.com][import_PACMAN_OSR.sh]
[21122023-06:29:24][ERREUR][h2l1osr1004q.dc.infra-grdf.com][import_PACMAN_OSR.sh] L'intégration du fichier s'est terminée en erreur.
[21122023-06:29:24][INFO][h2l1osr1004q.dc.infra-grdf.com][import_PACMAN_OSR.sh] Déplacement du fichier dans Erreur.
[21122023-06:29:24][INFO][h2l1osr1004q.dc.infra-grdf.com][import_PACMAN_OSR.sh]
[21122023-06:29:24][INFO][h2l1osr1004q.dc.infra-grdf.com][import_PACMAN_OSR.sh] Copie des données dans les tables définitives...
[21122023-06:29:25][INFO][h2l1osr1004q.dc.infra-grdf.com][import_PACMAN_OSR.sh]
[21122023-06:29:25][INFO][h2l1osr1004q.dc.infra-grdf.com][import_PACMAN_OSR.sh] L'intégration du fichier s'est déroulée avec succès. Vérifier la table LOGS.
[21122023-06:29:25][INFO][h2l1osr1004q.dc.infra-grdf.com][import_PACMAN_OSR.sh] Déplacement du fichier dans Archive.
[21122023-06:29:25][INFO][h2l1osr1004q.dc.infra-grdf.com][import_PACMAN_OSR.sh]
[21122023-06:29:25][INFO][h2l1osr1004q.dc.infra-grdf.com][import_PACMAN_OSR.sh]
[21122023-06:29:25][INFO][h2l1osr1004q.dc.infra-grdf.com][import_PACMAN_OSR.sh] -------------------------------------------------------------------
[21122023-06:29:25][INFO][h2l1osr1004q.dc.infra-grdf.com][import_PACMAN_OSR.sh] --- Traitement du fichier (1).txt
[21122023-06:29:25][INFO][h2l1osr1004q.dc.infra-grdf.com][import_PACMAN_OSR.sh] -------------------------------------------------------------------
[21122023-06:29:25][INFO][h2l1osr1004q.dc.infra-grdf.com][import_PACMAN_OSR.sh] Traitement du fichier...
[21122023-06:29:25][INFO][h2l1osr1004q.dc.infra-grdf.com][import_PACMAN_OSR.sh] Chargement du fichier (1).txt en table temporaire...
[21122023-06:29:26][ERROR][h2l1osr1004q.dc.infra-grdf.com][import_PACMAN_OSR.sh] La commande sqlldr s'est mal deroulee :
SQL*Loader-570: Warning: single bad file specification with multiple data files using bad.txt file may get overwritten.
SQL*Loader-500: Unable to open file (1.dat)
SQL*Loader-553: file not found
SQL*Loader-509: System error: No such file or directory
SQL*Loader-2026: the load was aborted because SQL Loader cannot continue.
[21122023-06:29:26][INFO][h2l1osr1004q.dc.infra-grdf.com][import_PACMAN_OSR.sh]
[21122023-06:29:26][ERREUR][h2l1osr1004q.dc.infra-grdf.com][import_PACMAN_OSR.sh] L'intégration du fichier s'est terminée en erreur.
[21122023-06:29:26][INFO][h2l1osr1004q.dc.infra-grdf.com][import_PACMAN_OSR.sh] Déplacement du fichier dans Erreur.
[21122023-06:29:26][INFO][h2l1osr1004q.dc.infra-grdf.com][import_PACMAN_OSR.sh]
[21122023-06:29:26][INFO][h2l1osr1004q.dc.infra-grdf.com][import_PACMAN_OSR.sh] Copie des données dans les tables définitives...
[21122023-06:29:26][INFO][h2l1osr1004q.dc.infra-grdf.com][import_PACMAN_OSR.sh]
[21122023-06:29:26][INFO][h2l1osr1004q.dc.infra-grdf.com][import_PACMAN_OSR.sh] L'intégration du fichier s'est déroulée avec succès. Vérifier la table LOGS.
[21122023-06:29:26][INFO][h2l1osr1004q.dc.infra-grdf.com][import_PACMAN_OSR.sh] Déplacement du fichier dans Archive.
[21122023-06:29:26][INFO][h2l1osr1004q.dc.infra-grdf.com][import_PACMAN_OSR.sh]
[21122023-06:29:26][INFO][h2l1osr1004q.dc.infra-grdf.com][import_PACMAN_OSR.sh] ========================== FIN DU SCRIPT ==========================
[21122023-06:29:26][INFO][h2l1osr1004q.dc.infra-grdf.com][import_PACMAN_OSR.sh]
