[28122023-06:41:20][INFO][h2l1osr1004q.dc.infra-grdf.com][import_PACMAN_OSR.sh] ========================= DEBUT DU SCRIPT =========================
[28122023-06:41:20][INFO][h2l1osr1004q.dc.infra-grdf.com][import_PACMAN_OSR.sh]
[28122023-06:41:20][INFO][h2l1osr1004q.dc.infra-grdf.com][import_PACMAN_OSR.sh] -------------------------------------------------------------------
[28122023-06:41:20][INFO][h2l1osr1004q.dc.infra-grdf.com][import_PACMAN_OSR.sh] --- Traitement du fichier PACMAN_OSR_AFFAIRES_06102023
[28122023-06:41:20][INFO][h2l1osr1004q.dc.infra-grdf.com][import_PACMAN_OSR.sh] -------------------------------------------------------------------
[28122023-06:41:20][INFO][h2l1osr1004q.dc.infra-grdf.com][import_PACMAN_OSR.sh] Traitement du fichier...
[28122023-06:41:20][INFO][h2l1osr1004q.dc.infra-grdf.com][import_PACMAN_OSR.sh] Chargement du fichier PACMAN_OSR_AFFAIRES_06102023 en table temporaire...
[28122023-06:41:21][ERROR][h2l1osr1004q.dc.infra-grdf.com][import_PACMAN_OSR.sh] La commande sqlldr s'est mal deroulee :
SQL*Loader-500: Unable to open file (PACMAN_OSR_AFFAIRES_06102023.dat)
SQL*Loader-553: file not found
SQL*Loader-509: System error: No such file or directory
SQL*Loader-2026: the load was aborted because SQL Loader cannot continue.
[28122023-06:41:21][INFO][h2l1osr1004q.dc.infra-grdf.com][import_PACMAN_OSR.sh]
[28122023-06:41:21][ERREUR][h2l1osr1004q.dc.infra-grdf.com][import_PACMAN_OSR.sh] L'intégration du fichier s'est terminée en erreur.
[28122023-06:41:21][INFO][h2l1osr1004q.dc.infra-grdf.com][import_PACMAN_OSR.sh] Déplacement du fichier dans Erreur.
[28122023-06:41:21][INFO][h2l1osr1004q.dc.infra-grdf.com][import_PACMAN_OSR.sh]
[28122023-06:41:21][INFO][h2l1osr1004q.dc.infra-grdf.com][import_PACMAN_OSR.sh] Copie des données dans les tables définitives...
[28122023-06:41:22][INFO][h2l1osr1004q.dc.infra-grdf.com][import_PACMAN_OSR.sh]
[28122023-06:41:22][INFO][h2l1osr1004q.dc.infra-grdf.com][import_PACMAN_OSR.sh] L'intégration du fichier s'est déroulée avec succès. Vérifier la table LOGS.
[28122023-06:41:22][INFO][h2l1osr1004q.dc.infra-grdf.com][import_PACMAN_OSR.sh] Déplacement du fichier dans Archive.
[28122023-06:41:22][INFO][h2l1osr1004q.dc.infra-grdf.com][import_PACMAN_OSR.sh]
[28122023-06:41:22][INFO][h2l1osr1004q.dc.infra-grdf.com][import_PACMAN_OSR.sh]
[28122023-06:41:22][INFO][h2l1osr1004q.dc.infra-grdf.com][import_PACMAN_OSR.sh] -------------------------------------------------------------------
[28122023-06:41:22][INFO][h2l1osr1004q.dc.infra-grdf.com][import_PACMAN_OSR.sh] --- Traitement du fichier (1).txt
[28122023-06:41:22][INFO][h2l1osr1004q.dc.infra-grdf.com][import_PACMAN_OSR.sh] -------------------------------------------------------------------
[28122023-06:41:22][INFO][h2l1osr1004q.dc.infra-grdf.com][import_PACMAN_OSR.sh] Traitement du fichier...
[28122023-06:41:22][INFO][h2l1osr1004q.dc.infra-grdf.com][import_PACMAN_OSR.sh] Chargement du fichier (1).txt en table temporaire...
[28122023-06:41:22][ERROR][h2l1osr1004q.dc.infra-grdf.com][import_PACMAN_OSR.sh] La commande sqlldr s'est mal deroulee :
SQL*Loader-570: Warning: single bad file specification with multiple data files using bad.txt file may get overwritten.
SQL*Loader-500: Unable to open file (1.dat)
SQL*Loader-553: file not found
SQL*Loader-509: System error: No such file or directory
SQL*Loader-2026: the load was aborted because SQL Loader cannot continue.
[28122023-06:41:22][INFO][h2l1osr1004q.dc.infra-grdf.com][import_PACMAN_OSR.sh]
[28122023-06:41:22][ERREUR][h2l1osr1004q.dc.infra-grdf.com][import_PACMAN_OSR.sh] L'intégration du fichier s'est terminée en erreur.
[28122023-06:41:22][INFO][h2l1osr1004q.dc.infra-grdf.com][import_PACMAN_OSR.sh] Déplacement du fichier dans Erreur.
[28122023-06:41:22][INFO][h2l1osr1004q.dc.infra-grdf.com][import_PACMAN_OSR.sh]
[28122023-06:41:22][INFO][h2l1osr1004q.dc.infra-grdf.com][import_PACMAN_OSR.sh] Copie des données dans les tables définitives...
[28122023-06:41:23][INFO][h2l1osr1004q.dc.infra-grdf.com][import_PACMAN_OSR.sh]
[28122023-06:41:23][INFO][h2l1osr1004q.dc.infra-grdf.com][import_PACMAN_OSR.sh] L'intégration du fichier s'est déroulée avec succès. Vérifier la table LOGS.
[28122023-06:41:23][INFO][h2l1osr1004q.dc.infra-grdf.com][import_PACMAN_OSR.sh] Déplacement du fichier dans Archive.
[28122023-06:41:23][INFO][h2l1osr1004q.dc.infra-grdf.com][import_PACMAN_OSR.sh]
[28122023-06:41:23][INFO][h2l1osr1004q.dc.infra-grdf.com][import_PACMAN_OSR.sh] ========================== FIN DU SCRIPT ==========================
[28122023-06:41:23][INFO][h2l1osr1004q.dc.infra-grdf.com][import_PACMAN_OSR.sh]
