[27122023-06:19:58][INFO][h2l1osr1004q.dc.infra-grdf.com][import_PACMAN_OSR.sh] ========================= DEBUT DU SCRIPT =========================
[27122023-06:19:58][INFO][h2l1osr1004q.dc.infra-grdf.com][import_PACMAN_OSR.sh]
[27122023-06:19:58][INFO][h2l1osr1004q.dc.infra-grdf.com][import_PACMAN_OSR.sh] -------------------------------------------------------------------
[27122023-06:19:58][INFO][h2l1osr1004q.dc.infra-grdf.com][import_PACMAN_OSR.sh] --- Traitement du fichier PACMAN_OSR_AFFAIRES_06102023
[27122023-06:19:58][INFO][h2l1osr1004q.dc.infra-grdf.com][import_PACMAN_OSR.sh] -------------------------------------------------------------------
[27122023-06:19:58][INFO][h2l1osr1004q.dc.infra-grdf.com][import_PACMAN_OSR.sh] Traitement du fichier...
[27122023-06:19:58][INFO][h2l1osr1004q.dc.infra-grdf.com][import_PACMAN_OSR.sh] Chargement du fichier PACMAN_OSR_AFFAIRES_06102023 en table temporaire...
[27122023-06:19:59][ERROR][h2l1osr1004q.dc.infra-grdf.com][import_PACMAN_OSR.sh] La commande sqlldr s'est mal deroulee :
SQL*Loader-500: Unable to open file (PACMAN_OSR_AFFAIRES_06102023.dat)
SQL*Loader-553: file not found
SQL*Loader-509: System error: No such file or directory
SQL*Loader-2026: the load was aborted because SQL Loader cannot continue.
[27122023-06:19:59][INFO][h2l1osr1004q.dc.infra-grdf.com][import_PACMAN_OSR.sh]
[27122023-06:19:59][ERREUR][h2l1osr1004q.dc.infra-grdf.com][import_PACMAN_OSR.sh] L'intégration du fichier s'est terminée en erreur.
[27122023-06:19:59][INFO][h2l1osr1004q.dc.infra-grdf.com][import_PACMAN_OSR.sh] Déplacement du fichier dans Erreur.
[27122023-06:19:59][INFO][h2l1osr1004q.dc.infra-grdf.com][import_PACMAN_OSR.sh]
[27122023-06:19:59][INFO][h2l1osr1004q.dc.infra-grdf.com][import_PACMAN_OSR.sh] Copie des données dans les tables définitives...
[27122023-06:20:00][INFO][h2l1osr1004q.dc.infra-grdf.com][import_PACMAN_OSR.sh]
[27122023-06:20:00][INFO][h2l1osr1004q.dc.infra-grdf.com][import_PACMAN_OSR.sh] L'intégration du fichier s'est déroulée avec succès. Vérifier la table LOGS.
[27122023-06:20:00][INFO][h2l1osr1004q.dc.infra-grdf.com][import_PACMAN_OSR.sh] Déplacement du fichier dans Archive.
[27122023-06:20:00][INFO][h2l1osr1004q.dc.infra-grdf.com][import_PACMAN_OSR.sh]
[27122023-06:20:00][INFO][h2l1osr1004q.dc.infra-grdf.com][import_PACMAN_OSR.sh]
[27122023-06:20:00][INFO][h2l1osr1004q.dc.infra-grdf.com][import_PACMAN_OSR.sh] -------------------------------------------------------------------
[27122023-06:20:00][INFO][h2l1osr1004q.dc.infra-grdf.com][import_PACMAN_OSR.sh] --- Traitement du fichier (1).txt
[27122023-06:20:00][INFO][h2l1osr1004q.dc.infra-grdf.com][import_PACMAN_OSR.sh] -------------------------------------------------------------------
[27122023-06:20:00][INFO][h2l1osr1004q.dc.infra-grdf.com][import_PACMAN_OSR.sh] Traitement du fichier...
[27122023-06:20:00][INFO][h2l1osr1004q.dc.infra-grdf.com][import_PACMAN_OSR.sh] Chargement du fichier (1).txt en table temporaire...
[27122023-06:20:00][ERROR][h2l1osr1004q.dc.infra-grdf.com][import_PACMAN_OSR.sh] La commande sqlldr s'est mal deroulee :
SQL*Loader-570: Warning: single bad file specification with multiple data files using bad.txt file may get overwritten.
SQL*Loader-500: Unable to open file (1.dat)
SQL*Loader-553: file not found
SQL*Loader-509: System error: No such file or directory
SQL*Loader-2026: the load was aborted because SQL Loader cannot continue.
[27122023-06:20:00][INFO][h2l1osr1004q.dc.infra-grdf.com][import_PACMAN_OSR.sh]
[27122023-06:20:00][ERREUR][h2l1osr1004q.dc.infra-grdf.com][import_PACMAN_OSR.sh] L'intégration du fichier s'est terminée en erreur.
[27122023-06:20:00][INFO][h2l1osr1004q.dc.infra-grdf.com][import_PACMAN_OSR.sh] Déplacement du fichier dans Erreur.
[27122023-06:20:00][INFO][h2l1osr1004q.dc.infra-grdf.com][import_PACMAN_OSR.sh]
[27122023-06:20:00][INFO][h2l1osr1004q.dc.infra-grdf.com][import_PACMAN_OSR.sh] Copie des données dans les tables définitives...
[27122023-06:20:01][INFO][h2l1osr1004q.dc.infra-grdf.com][import_PACMAN_OSR.sh]
[27122023-06:20:01][INFO][h2l1osr1004q.dc.infra-grdf.com][import_PACMAN_OSR.sh] L'intégration du fichier s'est déroulée avec succès. Vérifier la table LOGS.
[27122023-06:20:01][INFO][h2l1osr1004q.dc.infra-grdf.com][import_PACMAN_OSR.sh] Déplacement du fichier dans Archive.
[27122023-06:20:01][INFO][h2l1osr1004q.dc.infra-grdf.com][import_PACMAN_OSR.sh]
[27122023-06:20:01][INFO][h2l1osr1004q.dc.infra-grdf.com][import_PACMAN_OSR.sh] ========================== FIN DU SCRIPT ==========================
[27122023-06:20:01][INFO][h2l1osr1004q.dc.infra-grdf.com][import_PACMAN_OSR.sh]
