[13122023-06:48:56][INFO][h2l1osr1004q.dc.infra-grdf.com][import_PACMAN_OSR.sh] ========================= DEBUT DU SCRIPT =========================
[13122023-06:48:56][INFO][h2l1osr1004q.dc.infra-grdf.com][import_PACMAN_OSR.sh]
[13122023-06:48:56][INFO][h2l1osr1004q.dc.infra-grdf.com][import_PACMAN_OSR.sh] -------------------------------------------------------------------
[13122023-06:48:56][INFO][h2l1osr1004q.dc.infra-grdf.com][import_PACMAN_OSR.sh] --- Traitement du fichier PACMAN_OSR_AFFAIRES_06102023
[13122023-06:48:56][INFO][h2l1osr1004q.dc.infra-grdf.com][import_PACMAN_OSR.sh] -------------------------------------------------------------------
[13122023-06:48:56][INFO][h2l1osr1004q.dc.infra-grdf.com][import_PACMAN_OSR.sh] Traitement du fichier...
[13122023-06:48:56][INFO][h2l1osr1004q.dc.infra-grdf.com][import_PACMAN_OSR.sh] Chargement du fichier PACMAN_OSR_AFFAIRES_06102023 en table temporaire...
[13122023-06:48:57][ERROR][h2l1osr1004q.dc.infra-grdf.com][import_PACMAN_OSR.sh] La commande sqlldr s'est mal deroulee :
SQL*Loader-500: Unable to open file (PACMAN_OSR_AFFAIRES_06102023.dat)
SQL*Loader-553: file not found
SQL*Loader-509: System error: No such file or directory
SQL*Loader-2026: the load was aborted because SQL Loader cannot continue.
[13122023-06:48:57][INFO][h2l1osr1004q.dc.infra-grdf.com][import_PACMAN_OSR.sh]
[13122023-06:48:57][ERREUR][h2l1osr1004q.dc.infra-grdf.com][import_PACMAN_OSR.sh] L'intégration du fichier s'est terminée en erreur.
[13122023-06:48:57][INFO][h2l1osr1004q.dc.infra-grdf.com][import_PACMAN_OSR.sh] Déplacement du fichier dans Erreur.
[13122023-06:48:57][INFO][h2l1osr1004q.dc.infra-grdf.com][import_PACMAN_OSR.sh]
[13122023-06:48:57][INFO][h2l1osr1004q.dc.infra-grdf.com][import_PACMAN_OSR.sh] Copie des données dans les tables définitives...
[13122023-06:48:58][INFO][h2l1osr1004q.dc.infra-grdf.com][import_PACMAN_OSR.sh]
[13122023-06:48:58][INFO][h2l1osr1004q.dc.infra-grdf.com][import_PACMAN_OSR.sh] L'intégration du fichier s'est déroulée avec succès. Vérifier la table LOGS.
[13122023-06:48:58][INFO][h2l1osr1004q.dc.infra-grdf.com][import_PACMAN_OSR.sh] Déplacement du fichier dans Archive.
[13122023-06:48:58][INFO][h2l1osr1004q.dc.infra-grdf.com][import_PACMAN_OSR.sh]
[13122023-06:48:58][INFO][h2l1osr1004q.dc.infra-grdf.com][import_PACMAN_OSR.sh]
[13122023-06:48:58][INFO][h2l1osr1004q.dc.infra-grdf.com][import_PACMAN_OSR.sh] -------------------------------------------------------------------
[13122023-06:48:58][INFO][h2l1osr1004q.dc.infra-grdf.com][import_PACMAN_OSR.sh] --- Traitement du fichier (1).txt
[13122023-06:48:58][INFO][h2l1osr1004q.dc.infra-grdf.com][import_PACMAN_OSR.sh] -------------------------------------------------------------------
[13122023-06:48:58][INFO][h2l1osr1004q.dc.infra-grdf.com][import_PACMAN_OSR.sh] Traitement du fichier...
[13122023-06:48:58][INFO][h2l1osr1004q.dc.infra-grdf.com][import_PACMAN_OSR.sh] Chargement du fichier (1).txt en table temporaire...
[13122023-06:48:59][ERROR][h2l1osr1004q.dc.infra-grdf.com][import_PACMAN_OSR.sh] La commande sqlldr s'est mal deroulee :
SQL*Loader-570: Warning: single bad file specification with multiple data files using bad.txt file may get overwritten.
SQL*Loader-500: Unable to open file (1.dat)
SQL*Loader-553: file not found
SQL*Loader-509: System error: No such file or directory
SQL*Loader-2026: the load was aborted because SQL Loader cannot continue.
[13122023-06:48:59][INFO][h2l1osr1004q.dc.infra-grdf.com][import_PACMAN_OSR.sh]
[13122023-06:48:59][ERREUR][h2l1osr1004q.dc.infra-grdf.com][import_PACMAN_OSR.sh] L'intégration du fichier s'est terminée en erreur.
[13122023-06:48:59][INFO][h2l1osr1004q.dc.infra-grdf.com][import_PACMAN_OSR.sh] Déplacement du fichier dans Erreur.
[13122023-06:48:59][INFO][h2l1osr1004q.dc.infra-grdf.com][import_PACMAN_OSR.sh]
[13122023-06:48:59][INFO][h2l1osr1004q.dc.infra-grdf.com][import_PACMAN_OSR.sh] Copie des données dans les tables définitives...
[13122023-06:49:00][INFO][h2l1osr1004q.dc.infra-grdf.com][import_PACMAN_OSR.sh]
[13122023-06:49:00][INFO][h2l1osr1004q.dc.infra-grdf.com][import_PACMAN_OSR.sh] L'intégration du fichier s'est déroulée avec succès. Vérifier la table LOGS.
[13122023-06:49:00][INFO][h2l1osr1004q.dc.infra-grdf.com][import_PACMAN_OSR.sh] Déplacement du fichier dans Archive.
[13122023-06:49:00][INFO][h2l1osr1004q.dc.infra-grdf.com][import_PACMAN_OSR.sh]
[13122023-06:49:00][INFO][h2l1osr1004q.dc.infra-grdf.com][import_PACMAN_OSR.sh] ========================== FIN DU SCRIPT ==========================
[13122023-06:49:00][INFO][h2l1osr1004q.dc.infra-grdf.com][import_PACMAN_OSR.sh]
