[25102023-06:38:36][INFO][h2l1osr1004q.dc.infra-grdf.com][import_PACMAN_OSR.sh] ========================= DEBUT DU SCRIPT =========================
[25102023-06:38:36][INFO][h2l1osr1004q.dc.infra-grdf.com][import_PACMAN_OSR.sh]
[25102023-06:38:36][INFO][h2l1osr1004q.dc.infra-grdf.com][import_PACMAN_OSR.sh] -------------------------------------------------------------------
[25102023-06:38:36][INFO][h2l1osr1004q.dc.infra-grdf.com][import_PACMAN_OSR.sh] --- Traitement du fichier PACMAN_OSR_AFFAIRES_06102023
[25102023-06:38:36][INFO][h2l1osr1004q.dc.infra-grdf.com][import_PACMAN_OSR.sh] -------------------------------------------------------------------
[25102023-06:38:36][INFO][h2l1osr1004q.dc.infra-grdf.com][import_PACMAN_OSR.sh] Traitement du fichier...
[25102023-06:38:36][INFO][h2l1osr1004q.dc.infra-grdf.com][import_PACMAN_OSR.sh] Chargement du fichier PACMAN_OSR_AFFAIRES_06102023 en table temporaire...
[25102023-06:38:36][ERROR][h2l1osr1004q.dc.infra-grdf.com][import_PACMAN_OSR.sh] La commande sqlldr s'est mal deroulee :
SQL*Loader-500: Unable to open file (PACMAN_OSR_AFFAIRES_06102023.dat)
SQL*Loader-553: file not found
SQL*Loader-509: System error: No such file or directory
SQL*Loader-2026: the load was aborted because SQL Loader cannot continue.
[25102023-06:38:36][INFO][h2l1osr1004q.dc.infra-grdf.com][import_PACMAN_OSR.sh]
[25102023-06:38:36][ERREUR][h2l1osr1004q.dc.infra-grdf.com][import_PACMAN_OSR.sh] L'intégration du fichier s'est terminée en erreur.
[25102023-06:38:36][INFO][h2l1osr1004q.dc.infra-grdf.com][import_PACMAN_OSR.sh] Déplacement du fichier dans Erreur.
[25102023-06:38:36][INFO][h2l1osr1004q.dc.infra-grdf.com][import_PACMAN_OSR.sh]
[25102023-06:38:36][INFO][h2l1osr1004q.dc.infra-grdf.com][import_PACMAN_OSR.sh] Copie des données dans les tables définitives...
[25102023-06:38:37][INFO][h2l1osr1004q.dc.infra-grdf.com][import_PACMAN_OSR.sh]
[25102023-06:38:37][INFO][h2l1osr1004q.dc.infra-grdf.com][import_PACMAN_OSR.sh] L'intégration du fichier s'est déroulée avec succès. Vérifier la table LOGS.
[25102023-06:38:37][INFO][h2l1osr1004q.dc.infra-grdf.com][import_PACMAN_OSR.sh] Déplacement du fichier dans Archive.
[25102023-06:38:37][INFO][h2l1osr1004q.dc.infra-grdf.com][import_PACMAN_OSR.sh]
[25102023-06:38:37][INFO][h2l1osr1004q.dc.infra-grdf.com][import_PACMAN_OSR.sh]
[25102023-06:38:37][INFO][h2l1osr1004q.dc.infra-grdf.com][import_PACMAN_OSR.sh] -------------------------------------------------------------------
[25102023-06:38:37][INFO][h2l1osr1004q.dc.infra-grdf.com][import_PACMAN_OSR.sh] --- Traitement du fichier (1).txt
[25102023-06:38:37][INFO][h2l1osr1004q.dc.infra-grdf.com][import_PACMAN_OSR.sh] -------------------------------------------------------------------
[25102023-06:38:37][INFO][h2l1osr1004q.dc.infra-grdf.com][import_PACMAN_OSR.sh] Traitement du fichier...
[25102023-06:38:37][INFO][h2l1osr1004q.dc.infra-grdf.com][import_PACMAN_OSR.sh] Chargement du fichier (1).txt en table temporaire...
[25102023-06:38:38][ERROR][h2l1osr1004q.dc.infra-grdf.com][import_PACMAN_OSR.sh] La commande sqlldr s'est mal deroulee :
SQL*Loader-570: Warning: single bad file specification with multiple data files using bad.txt file may get overwritten.
SQL*Loader-500: Unable to open file (1.dat)
SQL*Loader-553: file not found
SQL*Loader-509: System error: No such file or directory
SQL*Loader-2026: the load was aborted because SQL Loader cannot continue.
[25102023-06:38:38][INFO][h2l1osr1004q.dc.infra-grdf.com][import_PACMAN_OSR.sh]
[25102023-06:38:38][ERREUR][h2l1osr1004q.dc.infra-grdf.com][import_PACMAN_OSR.sh] L'intégration du fichier s'est terminée en erreur.
[25102023-06:38:38][INFO][h2l1osr1004q.dc.infra-grdf.com][import_PACMAN_OSR.sh] Déplacement du fichier dans Erreur.
[25102023-06:38:38][INFO][h2l1osr1004q.dc.infra-grdf.com][import_PACMAN_OSR.sh]
[25102023-06:38:38][INFO][h2l1osr1004q.dc.infra-grdf.com][import_PACMAN_OSR.sh] Copie des données dans les tables définitives...
[25102023-06:38:38][INFO][h2l1osr1004q.dc.infra-grdf.com][import_PACMAN_OSR.sh]
[25102023-06:38:38][INFO][h2l1osr1004q.dc.infra-grdf.com][import_PACMAN_OSR.sh] L'intégration du fichier s'est déroulée avec succès. Vérifier la table LOGS.
[25102023-06:38:38][INFO][h2l1osr1004q.dc.infra-grdf.com][import_PACMAN_OSR.sh] Déplacement du fichier dans Archive.
[25102023-06:38:38][INFO][h2l1osr1004q.dc.infra-grdf.com][import_PACMAN_OSR.sh]
[25102023-06:38:38][INFO][h2l1osr1004q.dc.infra-grdf.com][import_PACMAN_OSR.sh] ========================== FIN DU SCRIPT ==========================
[25102023-06:38:38][INFO][h2l1osr1004q.dc.infra-grdf.com][import_PACMAN_OSR.sh]
